{"/Users/jimmychavada/Documents/Rosetta/lib/catalog.js": {"path":"/Users/jimmychavada/Documents/Rosetta/lib/catalog.js","statementMap":{"0":{"start":{"line":5,"column":19},"end":{"line":5,"column":49}},"1":{"start":{"line":6,"column":18},"end":{"line":6,"column":42}},"2":{"start":{"line":16,"column":29},"end":{"line":16,"column":71}},"3":{"start":{"line":21,"column":23},"end":{"line":24,"column":1}},"4":{"start":{"line":29,"column":21},"end":{"line":45,"column":1}},"5":{"start":{"line":54,"column":2},"end":{"line":56,"column":3}},"6":{"start":{"line":55,"column":4},"end":{"line":55,"column":17}},"7":{"start":{"line":58,"column":2},"end":{"line":69,"column":3}},"8":{"start":{"line":60,"column":6},"end":{"line":60,"column":39}},"9":{"start":{"line":62,"column":6},"end":{"line":62,"column":56}},"10":{"start":{"line":64,"column":6},"end":{"line":64,"column":34}},"11":{"start":{"line":66,"column":6},"end":{"line":66,"column":40}},"12":{"start":{"line":68,"column":6},"end":{"line":68,"column":19}},"13":{"start":{"line":78,"column":17},"end":{"line":78,"column":19}},"14":{"start":{"line":80,"column":2},"end":{"line":89,"column":3}},"15":{"start":{"line":81,"column":4},"end":{"line":84,"column":5}},"16":{"start":{"line":82,"column":6},"end":{"line":82,"column":54}},"17":{"start":{"line":83,"column":6},"end":{"line":83,"column":15}},"18":{"start":{"line":86,"column":4},"end":{"line":88,"column":5}},"19":{"start":{"line":87,"column":6},"end":{"line":87,"column":98}},"20":{"start":{"line":92,"column":2},"end":{"line":94,"column":3}},"21":{"start":{"line":93,"column":4},"end":{"line":93,"column":48}},"22":{"start":{"line":96,"column":2},"end":{"line":98,"column":3}},"23":{"start":{"line":97,"column":4},"end":{"line":97,"column":55}},"24":{"start":{"line":100,"column":2},"end":{"line":102,"column":3}},"25":{"start":{"line":101,"column":4},"end":{"line":101,"column":55}},"26":{"start":{"line":104,"column":2},"end":{"line":109,"column":3}},"27":{"start":{"line":105,"column":23},"end":{"line":105,"column":39}},"28":{"start":{"line":106,"column":4},"end":{"line":108,"column":5}},"29":{"start":{"line":107,"column":6},"end":{"line":107,"column":68}},"30":{"start":{"line":111,"column":2},"end":{"line":113,"column":3}},"31":{"start":{"line":112,"column":4},"end":{"line":112,"column":63}},"32":{"start":{"line":115,"column":2},"end":{"line":120,"column":3}},"33":{"start":{"line":116,"column":23},"end":{"line":116,"column":42}},"34":{"start":{"line":117,"column":4},"end":{"line":119,"column":5}},"35":{"start":{"line":118,"column":6},"end":{"line":118,"column":77}},"36":{"start":{"line":122,"column":2},"end":{"line":127,"column":3}},"37":{"start":{"line":123,"column":17},"end":{"line":123,"column":44}},"38":{"start":{"line":124,"column":4},"end":{"line":126,"column":5}},"39":{"start":{"line":125,"column":6},"end":{"line":125,"column":78}},"40":{"start":{"line":130,"column":2},"end":{"line":139,"column":3}},"41":{"start":{"line":131,"column":4},"end":{"line":133,"column":5}},"42":{"start":{"line":132,"column":6},"end":{"line":132,"column":70}},"43":{"start":{"line":134,"column":4},"end":{"line":138,"column":7}},"44":{"start":{"line":135,"column":6},"end":{"line":137,"column":7}},"45":{"start":{"line":136,"column":8},"end":{"line":136,"column":66}},"46":{"start":{"line":141,"column":2},"end":{"line":147,"column":3}},"47":{"start":{"line":142,"column":4},"end":{"line":146,"column":7}},"48":{"start":{"line":143,"column":6},"end":{"line":145,"column":7}},"49":{"start":{"line":144,"column":8},"end":{"line":144,"column":63}},"50":{"start":{"line":149,"column":2},"end":{"line":158,"column":3}},"51":{"start":{"line":150,"column":4},"end":{"line":152,"column":5}},"52":{"start":{"line":151,"column":6},"end":{"line":151,"column":78}},"53":{"start":{"line":153,"column":4},"end":{"line":157,"column":7}},"54":{"start":{"line":154,"column":6},"end":{"line":156,"column":7}},"55":{"start":{"line":155,"column":8},"end":{"line":155,"column":73}},"56":{"start":{"line":160,"column":2},"end":{"line":163,"column":4}},"57":{"start":{"line":172,"column":17},"end":{"line":172,"column":19}},"58":{"start":{"line":175,"column":2},"end":{"line":184,"column":3}},"59":{"start":{"line":176,"column":4},"end":{"line":179,"column":5}},"60":{"start":{"line":177,"column":6},"end":{"line":177,"column":54}},"61":{"start":{"line":178,"column":6},"end":{"line":178,"column":15}},"62":{"start":{"line":181,"column":4},"end":{"line":183,"column":5}},"63":{"start":{"line":182,"column":6},"end":{"line":182,"column":100}},"64":{"start":{"line":187,"column":2},"end":{"line":192,"column":3}},"65":{"start":{"line":188,"column":27},"end":{"line":188,"column":44}},"66":{"start":{"line":189,"column":4},"end":{"line":191,"column":5}},"67":{"start":{"line":190,"column":6},"end":{"line":190,"column":86}},"68":{"start":{"line":195,"column":2},"end":{"line":220,"column":3}},"69":{"start":{"line":196,"column":4},"end":{"line":198,"column":5}},"70":{"start":{"line":197,"column":6},"end":{"line":197,"column":68}},"71":{"start":{"line":200,"column":4},"end":{"line":212,"column":7}},"72":{"start":{"line":201,"column":6},"end":{"line":204,"column":7}},"73":{"start":{"line":202,"column":8},"end":{"line":202,"column":65}},"74":{"start":{"line":203,"column":8},"end":{"line":203,"column":15}},"75":{"start":{"line":206,"column":30},"end":{"line":206,"column":50}},"76":{"start":{"line":207,"column":6},"end":{"line":211,"column":7}},"77":{"start":{"line":208,"column":8},"end":{"line":210,"column":11}},"78":{"start":{"line":209,"column":10},"end":{"line":209,"column":49}},"79":{"start":{"line":215,"column":23},"end":{"line":215,"column":54}},"80":{"start":{"line":215,"column":47},"end":{"line":215,"column":53}},"81":{"start":{"line":216,"column":23},"end":{"line":216,"column":93}},"82":{"start":{"line":216,"column":58},"end":{"line":216,"column":92}},"83":{"start":{"line":217,"column":4},"end":{"line":219,"column":5}},"84":{"start":{"line":218,"column":6},"end":{"line":218,"column":89}},"85":{"start":{"line":222,"column":2},"end":{"line":225,"column":4}},"86":{"start":{"line":235,"column":2},"end":{"line":256,"column":3}},"87":{"start":{"line":236,"column":19},"end":{"line":236,"column":51}},"88":{"start":{"line":237,"column":4},"end":{"line":239,"column":5}},"89":{"start":{"line":238,"column":6},"end":{"line":238,"column":67}},"90":{"start":{"line":241,"column":20},"end":{"line":241,"column":50}},"91":{"start":{"line":244,"column":23},"end":{"line":244,"column":47}},"92":{"start":{"line":245,"column":4},"end":{"line":248,"column":5}},"93":{"start":{"line":246,"column":28},"end":{"line":246,"column":81}},"94":{"start":{"line":246,"column":57},"end":{"line":246,"column":69}},"95":{"start":{"line":247,"column":6},"end":{"line":247,"column":70}},"96":{"start":{"line":250,"column":4},"end":{"line":250,"column":19}},"97":{"start":{"line":252,"column":4},"end":{"line":254,"column":5}},"98":{"start":{"line":253,"column":6},"end":{"line":253,"column":18}},"99":{"start":{"line":255,"column":4},"end":{"line":255,"column":84}},"100":{"start":{"line":274,"column":6},"end":{"line":274,"column":13}},"101":{"start":{"line":276,"column":18},"end":{"line":276,"column":48}},"102":{"start":{"line":277,"column":15},"end":{"line":277,"column":34}},"103":{"start":{"line":280,"column":2},"end":{"line":370,"column":3}},"104":{"start":{"line":281,"column":23},"end":{"line":281,"column":66}},"105":{"start":{"line":283,"column":4},"end":{"line":297,"column":7}},"106":{"start":{"line":284,"column":19},"end":{"line":284,"column":72}},"107":{"start":{"line":285,"column":26},"end":{"line":285,"column":93}},"108":{"start":{"line":286,"column":26},"end":{"line":286,"column":93}},"109":{"start":{"line":287,"column":19},"end":{"line":287,"column":85}},"110":{"start":{"line":287,"column":39},"end":{"line":287,"column":74}},"111":{"start":{"line":288,"column":23},"end":{"line":288,"column":99}},"112":{"start":{"line":288,"column":53},"end":{"line":288,"column":88}},"113":{"start":{"line":290,"column":6},"end":{"line":296,"column":8}},"114":{"start":{"line":300,"column":7},"end":{"line":370,"column":3}},"115":{"start":{"line":301,"column":4},"end":{"line":307,"column":5}},"116":{"start":{"line":302,"column":19},"end":{"line":302,"column":72}},"117":{"start":{"line":303,"column":6},"end":{"line":306,"column":9}},"118":{"start":{"line":304,"column":21},"end":{"line":304,"column":66}},"119":{"start":{"line":305,"column":8},"end":{"line":305,"column":35}},"120":{"start":{"line":309,"column":4},"end":{"line":315,"column":5}},"121":{"start":{"line":310,"column":19},"end":{"line":310,"column":86}},"122":{"start":{"line":311,"column":6},"end":{"line":314,"column":9}},"123":{"start":{"line":312,"column":28},"end":{"line":312,"column":87}},"124":{"start":{"line":313,"column":8},"end":{"line":313,"column":42}},"125":{"start":{"line":317,"column":4},"end":{"line":323,"column":5}},"126":{"start":{"line":318,"column":19},"end":{"line":318,"column":86}},"127":{"start":{"line":319,"column":6},"end":{"line":322,"column":9}},"128":{"start":{"line":320,"column":28},"end":{"line":320,"column":87}},"129":{"start":{"line":321,"column":8},"end":{"line":321,"column":42}},"130":{"start":{"line":325,"column":4},"end":{"line":333,"column":5}},"131":{"start":{"line":326,"column":19},"end":{"line":326,"column":70}},"132":{"start":{"line":327,"column":6},"end":{"line":332,"column":8}},"133":{"start":{"line":328,"column":8},"end":{"line":331,"column":10}},"134":{"start":{"line":329,"column":22},"end":{"line":329,"column":57}},"135":{"start":{"line":330,"column":10},"end":{"line":330,"column":36}},"136":{"start":{"line":335,"column":4},"end":{"line":343,"column":5}},"137":{"start":{"line":336,"column":19},"end":{"line":336,"column":78}},"138":{"start":{"line":337,"column":6},"end":{"line":342,"column":8}},"139":{"start":{"line":338,"column":8},"end":{"line":341,"column":10}},"140":{"start":{"line":339,"column":26},"end":{"line":339,"column":61}},"141":{"start":{"line":340,"column":10},"end":{"line":340,"column":40}},"142":{"start":{"line":345,"column":4},"end":{"line":351,"column":5}},"143":{"start":{"line":346,"column":19},"end":{"line":346,"column":76}},"144":{"start":{"line":347,"column":6},"end":{"line":350,"column":9}},"145":{"start":{"line":348,"column":23},"end":{"line":348,"column":72}},"146":{"start":{"line":349,"column":8},"end":{"line":349,"column":37}},"147":{"start":{"line":353,"column":4},"end":{"line":355,"column":5}},"148":{"start":{"line":354,"column":6},"end":{"line":354,"column":61}},"149":{"start":{"line":354,"column":34},"end":{"line":354,"column":59}},"150":{"start":{"line":357,"column":4},"end":{"line":359,"column":5}},"151":{"start":{"line":358,"column":6},"end":{"line":358,"column":61}},"152":{"start":{"line":358,"column":34},"end":{"line":358,"column":59}},"153":{"start":{"line":361,"column":4},"end":{"line":364,"column":5}},"154":{"start":{"line":362,"column":24},"end":{"line":362,"column":52}},"155":{"start":{"line":363,"column":6},"end":{"line":363,"column":71}},"156":{"start":{"line":363,"column":34},"end":{"line":363,"column":69}},"157":{"start":{"line":366,"column":4},"end":{"line":369,"column":5}},"158":{"start":{"line":367,"column":25},"end":{"line":367,"column":54}},"159":{"start":{"line":368,"column":6},"end":{"line":368,"column":72}},"160":{"start":{"line":368,"column":34},"end":{"line":368,"column":70}},"161":{"start":{"line":373,"column":2},"end":{"line":375,"column":3}},"162":{"start":{"line":374,"column":4},"end":{"line":374,"column":36}},"163":{"start":{"line":377,"column":2},"end":{"line":377,"column":16}},"164":{"start":{"line":392,"column":6},"end":{"line":392,"column":13}},"165":{"start":{"line":394,"column":18},"end":{"line":394,"column":48}},"166":{"start":{"line":395,"column":21},"end":{"line":395,"column":65}},"167":{"start":{"line":396,"column":28},"end":{"line":396,"column":64}},"168":{"start":{"line":396,"column":48},"end":{"line":396,"column":63}},"169":{"start":{"line":398,"column":2},"end":{"line":408,"column":5}},"170":{"start":{"line":399,"column":25},"end":{"line":399,"column":64}},"171":{"start":{"line":399,"column":48},"end":{"line":399,"column":63}},"172":{"start":{"line":401,"column":4},"end":{"line":407,"column":5}},"173":{"start":{"line":403,"column":6},"end":{"line":403,"column":68}},"174":{"start":{"line":403,"column":42},"end":{"line":403,"column":66}},"175":{"start":{"line":406,"column":6},"end":{"line":406,"column":67}},"176":{"start":{"line":406,"column":41},"end":{"line":406,"column":65}},"177":{"start":{"line":419,"column":49},"end":{"line":419,"column":56}},"178":{"start":{"line":421,"column":18},"end":{"line":421,"column":48}},"179":{"start":{"line":423,"column":2},"end":{"line":447,"column":5}},"180":{"start":{"line":425,"column":4},"end":{"line":427,"column":5}},"181":{"start":{"line":426,"column":6},"end":{"line":426,"column":18}},"182":{"start":{"line":430,"column":4},"end":{"line":432,"column":5}},"183":{"start":{"line":431,"column":6},"end":{"line":431,"column":18}},"184":{"start":{"line":435,"column":26},"end":{"line":435,"column":53}},"185":{"start":{"line":436,"column":27},"end":{"line":436,"column":44}},"186":{"start":{"line":439,"column":31},"end":{"line":439,"column":63}},"187":{"start":{"line":440,"column":32},"end":{"line":440,"column":65}},"188":{"start":{"line":443,"column":4},"end":{"line":446,"column":6}},"189":{"start":{"line":458,"column":49},"end":{"line":458,"column":56}},"190":{"start":{"line":460,"column":18},"end":{"line":460,"column":48}},"191":{"start":{"line":462,"column":2},"end":{"line":462,"column":59}},"192":{"start":{"line":462,"column":38},"end":{"line":462,"column":57}},"193":{"start":{"line":472,"column":49},"end":{"line":472,"column":56}},"194":{"start":{"line":474,"column":18},"end":{"line":474,"column":48}},"195":{"start":{"line":475,"column":21},"end":{"line":475,"column":67}},"196":{"start":{"line":475,"column":53},"end":{"line":475,"column":66}},"197":{"start":{"line":477,"column":2},"end":{"line":477,"column":41}},"198":{"start":{"line":487,"column":49},"end":{"line":487,"column":56}},"199":{"start":{"line":489,"column":18},"end":{"line":489,"column":48}},"200":{"start":{"line":490,"column":18},"end":{"line":490,"column":61}},"201":{"start":{"line":490,"column":50},"end":{"line":490,"column":60}},"202":{"start":{"line":492,"column":2},"end":{"line":492,"column":38}},"203":{"start":{"line":508,"column":6},"end":{"line":508,"column":13}},"204":{"start":{"line":510,"column":18},"end":{"line":510,"column":48}},"205":{"start":{"line":511,"column":23},"end":{"line":513,"column":4}},"206":{"start":{"line":512,"column":4},"end":{"line":512,"column":68}},"207":{"start":{"line":515,"column":2},"end":{"line":515,"column":83}},"208":{"start":{"line":526,"column":49},"end":{"line":526,"column":56}},"209":{"start":{"line":528,"column":18},"end":{"line":528,"column":48}},"210":{"start":{"line":530,"column":2},"end":{"line":532,"column":4}},"211":{"start":{"line":531,"column":4},"end":{"line":531,"column":80}},"212":{"start":{"line":531,"column":29},"end":{"line":531,"column":79}},"213":{"start":{"line":543,"column":49},"end":{"line":543,"column":56}},"214":{"start":{"line":545,"column":18},"end":{"line":545,"column":48}},"215":{"start":{"line":547,"column":2},"end":{"line":549,"column":4}},"216":{"start":{"line":548,"column":4},"end":{"line":548,"column":80}},"217":{"start":{"line":548,"column":29},"end":{"line":548,"column":79}},"218":{"start":{"line":558,"column":2},"end":{"line":574,"column":3}},"219":{"start":{"line":559,"column":19},"end":{"line":559,"column":51}},"220":{"start":{"line":560,"column":4},"end":{"line":565,"column":5}},"221":{"start":{"line":561,"column":6},"end":{"line":564,"column":8}},"222":{"start":{"line":567,"column":20},"end":{"line":567,"column":50}},"223":{"start":{"line":568,"column":4},"end":{"line":568,"column":36}},"224":{"start":{"line":570,"column":4},"end":{"line":573,"column":6}}},"fnMap":{"0":{"name":"validateType","decl":{"start":{"line":53,"column":9},"end":{"line":53,"column":21}},"loc":{"start":{"line":53,"column":35},"end":{"line":70,"column":1}},"line":53},"1":{"name":"validateSkill","decl":{"start":{"line":77,"column":9},"end":{"line":77,"column":22}},"loc":{"start":{"line":77,"column":30},"end":{"line":164,"column":1}},"line":77},"2":{"name":"(anonymous_2)","decl":{"start":{"line":134,"column":26},"end":{"line":134,"column":27}},"loc":{"start":{"line":134,"column":45},"end":{"line":138,"column":5}},"line":134},"3":{"name":"(anonymous_3)","decl":{"start":{"line":142,"column":23},"end":{"line":142,"column":24}},"loc":{"start":{"line":142,"column":39},"end":{"line":146,"column":5}},"line":142},"4":{"name":"(anonymous_4)","decl":{"start":{"line":153,"column":33},"end":{"line":153,"column":34}},"loc":{"start":{"line":153,"column":53},"end":{"line":157,"column":5}},"line":153},"5":{"name":"validateCatalog","decl":{"start":{"line":171,"column":16},"end":{"line":171,"column":31}},"loc":{"start":{"line":171,"column":41},"end":{"line":226,"column":1}},"line":171},"6":{"name":"(anonymous_6)","decl":{"start":{"line":200,"column":27},"end":{"line":200,"column":28}},"loc":{"start":{"line":200,"column":45},"end":{"line":212,"column":5}},"line":200},"7":{"name":"(anonymous_7)","decl":{"start":{"line":208,"column":39},"end":{"line":208,"column":40}},"loc":{"start":{"line":208,"column":46},"end":{"line":210,"column":9}},"line":208},"8":{"name":"(anonymous_8)","decl":{"start":{"line":215,"column":42},"end":{"line":215,"column":43}},"loc":{"start":{"line":215,"column":47},"end":{"line":215,"column":53}},"line":215},"9":{"name":"(anonymous_9)","decl":{"start":{"line":216,"column":41},"end":{"line":216,"column":42}},"loc":{"start":{"line":216,"column":58},"end":{"line":216,"column":92}},"line":216},"10":{"name":"loadCatalog","decl":{"start":{"line":234,"column":22},"end":{"line":234,"column":33}},"loc":{"start":{"line":234,"column":70},"end":{"line":257,"column":1}},"line":234},"11":{"name":"(anonymous_11)","decl":{"start":{"line":246,"column":50},"end":{"line":246,"column":51}},"loc":{"start":{"line":246,"column":57},"end":{"line":246,"column":69}},"line":246},"12":{"name":"searchCatalog","decl":{"start":{"line":269,"column":22},"end":{"line":269,"column":35}},"loc":{"start":{"line":269,"column":57},"end":{"line":378,"column":1}},"line":269},"13":{"name":"(anonymous_13)","decl":{"start":{"line":283,"column":27},"end":{"line":283,"column":28}},"loc":{"start":{"line":283,"column":36},"end":{"line":297,"column":5}},"line":283},"14":{"name":"(anonymous_14)","decl":{"start":{"line":287,"column":34},"end":{"line":287,"column":35}},"loc":{"start":{"line":287,"column":39},"end":{"line":287,"column":74}},"line":287},"15":{"name":"(anonymous_15)","decl":{"start":{"line":288,"column":48},"end":{"line":288,"column":49}},"loc":{"start":{"line":288,"column":53},"end":{"line":288,"column":88}},"line":288},"16":{"name":"(anonymous_16)","decl":{"start":{"line":303,"column":29},"end":{"line":303,"column":30}},"loc":{"start":{"line":303,"column":34},"end":{"line":306,"column":7}},"line":303},"17":{"name":"(anonymous_17)","decl":{"start":{"line":311,"column":29},"end":{"line":311,"column":30}},"loc":{"start":{"line":311,"column":34},"end":{"line":314,"column":7}},"line":311},"18":{"name":"(anonymous_18)","decl":{"start":{"line":319,"column":29},"end":{"line":319,"column":30}},"loc":{"start":{"line":319,"column":34},"end":{"line":322,"column":7}},"line":319},"19":{"name":"(anonymous_19)","decl":{"start":{"line":327,"column":29},"end":{"line":327,"column":30}},"loc":{"start":{"line":328,"column":8},"end":{"line":331,"column":10}},"line":328},"20":{"name":"(anonymous_20)","decl":{"start":{"line":328,"column":20},"end":{"line":328,"column":21}},"loc":{"start":{"line":328,"column":25},"end":{"line":331,"column":9}},"line":328},"21":{"name":"(anonymous_21)","decl":{"start":{"line":337,"column":29},"end":{"line":337,"column":30}},"loc":{"start":{"line":338,"column":8},"end":{"line":341,"column":10}},"line":338},"22":{"name":"(anonymous_22)","decl":{"start":{"line":338,"column":30},"end":{"line":338,"column":31}},"loc":{"start":{"line":338,"column":35},"end":{"line":341,"column":9}},"line":338},"23":{"name":"(anonymous_23)","decl":{"start":{"line":347,"column":29},"end":{"line":347,"column":30}},"loc":{"start":{"line":347,"column":34},"end":{"line":350,"column":7}},"line":347},"24":{"name":"(anonymous_24)","decl":{"start":{"line":354,"column":29},"end":{"line":354,"column":30}},"loc":{"start":{"line":354,"column":34},"end":{"line":354,"column":59}},"line":354},"25":{"name":"(anonymous_25)","decl":{"start":{"line":358,"column":29},"end":{"line":358,"column":30}},"loc":{"start":{"line":358,"column":34},"end":{"line":358,"column":59}},"line":358},"26":{"name":"(anonymous_26)","decl":{"start":{"line":363,"column":29},"end":{"line":363,"column":30}},"loc":{"start":{"line":363,"column":34},"end":{"line":363,"column":69}},"line":363},"27":{"name":"(anonymous_27)","decl":{"start":{"line":368,"column":29},"end":{"line":368,"column":30}},"loc":{"start":{"line":368,"column":34},"end":{"line":368,"column":70}},"line":368},"28":{"name":"filterByDomain","decl":{"start":{"line":388,"column":22},"end":{"line":388,"column":36}},"loc":{"start":{"line":388,"column":60},"end":{"line":409,"column":1}},"line":388},"29":{"name":"(anonymous_29)","decl":{"start":{"line":396,"column":43},"end":{"line":396,"column":44}},"loc":{"start":{"line":396,"column":48},"end":{"line":396,"column":63}},"line":396},"30":{"name":"(anonymous_30)","decl":{"start":{"line":398,"column":31},"end":{"line":398,"column":32}},"loc":{"start":{"line":398,"column":40},"end":{"line":408,"column":3}},"line":398},"31":{"name":"(anonymous_31)","decl":{"start":{"line":399,"column":43},"end":{"line":399,"column":44}},"loc":{"start":{"line":399,"column":48},"end":{"line":399,"column":63}},"line":399},"32":{"name":"(anonymous_32)","decl":{"start":{"line":403,"column":37},"end":{"line":403,"column":38}},"loc":{"start":{"line":403,"column":42},"end":{"line":403,"column":66}},"line":403},"33":{"name":"(anonymous_33)","decl":{"start":{"line":406,"column":36},"end":{"line":406,"column":37}},"loc":{"start":{"line":406,"column":41},"end":{"line":406,"column":65}},"line":406},"34":{"name":"getSkillByUrl","decl":{"start":{"line":418,"column":22},"end":{"line":418,"column":35}},"loc":{"start":{"line":418,"column":55},"end":{"line":448,"column":1}},"line":418},"35":{"name":"(anonymous_35)","decl":{"start":{"line":423,"column":29},"end":{"line":423,"column":30}},"loc":{"start":{"line":423,"column":38},"end":{"line":447,"column":3}},"line":423},"36":{"name":"getSkillByName","decl":{"start":{"line":457,"column":22},"end":{"line":457,"column":36}},"loc":{"start":{"line":457,"column":57},"end":{"line":463,"column":1}},"line":457},"37":{"name":"(anonymous_37)","decl":{"start":{"line":462,"column":29},"end":{"line":462,"column":30}},"loc":{"start":{"line":462,"column":38},"end":{"line":462,"column":57}},"line":462},"38":{"name":"getDomains","decl":{"start":{"line":471,"column":22},"end":{"line":471,"column":32}},"loc":{"start":{"line":471,"column":47},"end":{"line":478,"column":1}},"line":471},"39":{"name":"(anonymous_39)","decl":{"start":{"line":475,"column":44},"end":{"line":475,"column":45}},"loc":{"start":{"line":475,"column":53},"end":{"line":475,"column":66}},"line":475},"40":{"name":"getTags","decl":{"start":{"line":486,"column":22},"end":{"line":486,"column":29}},"loc":{"start":{"line":486,"column":44},"end":{"line":493,"column":1}},"line":486},"41":{"name":"(anonymous_41)","decl":{"start":{"line":490,"column":41},"end":{"line":490,"column":42}},"loc":{"start":{"line":490,"column":50},"end":{"line":490,"column":60}},"line":490},"42":{"name":"getSkillsByStars","decl":{"start":{"line":503,"column":22},"end":{"line":503,"column":38}},"loc":{"start":{"line":503,"column":53},"end":{"line":516,"column":1}},"line":503},"43":{"name":"(anonymous_43)","decl":{"start":{"line":511,"column":48},"end":{"line":511,"column":49}},"loc":{"start":{"line":511,"column":58},"end":{"line":513,"column":3}},"line":511},"44":{"name":"getSkillsByCapability","decl":{"start":{"line":525,"column":22},"end":{"line":525,"column":43}},"loc":{"start":{"line":525,"column":70},"end":{"line":533,"column":1}},"line":525},"45":{"name":"(anonymous_45)","decl":{"start":{"line":530,"column":31},"end":{"line":530,"column":32}},"loc":{"start":{"line":531,"column":4},"end":{"line":531,"column":80}},"line":531},"46":{"name":"(anonymous_46)","decl":{"start":{"line":531,"column":24},"end":{"line":531,"column":25}},"loc":{"start":{"line":531,"column":29},"end":{"line":531,"column":79}},"line":531},"47":{"name":"getSkillsByDependency","decl":{"start":{"line":542,"column":22},"end":{"line":542,"column":43}},"loc":{"start":{"line":542,"column":70},"end":{"line":550,"column":1}},"line":542},"48":{"name":"(anonymous_48)","decl":{"start":{"line":547,"column":31},"end":{"line":547,"column":32}},"loc":{"start":{"line":548,"column":4},"end":{"line":548,"column":80}},"line":548},"49":{"name":"(anonymous_49)","decl":{"start":{"line":548,"column":24},"end":{"line":548,"column":25}},"loc":{"start":{"line":548,"column":29},"end":{"line":548,"column":79}},"line":548},"50":{"name":"validateCatalogFile","decl":{"start":{"line":557,"column":22},"end":{"line":557,"column":41}},"loc":{"start":{"line":557,"column":78},"end":{"line":575,"column":1}},"line":557}},"branchMap":{"0":{"loc":{"start":{"line":54,"column":2},"end":{"line":56,"column":3}},"type":"if","locations":[{"start":{"line":54,"column":2},"end":{"line":56,"column":3}},{"start":{},"end":{}}],"line":54},"1":{"loc":{"start":{"line":54,"column":6},"end":{"line":54,"column":43}},"type":"binary-expr","locations":[{"start":{"line":54,"column":6},"end":{"line":54,"column":20}},{"start":{"line":54,"column":24},"end":{"line":54,"column":43}}],"line":54},"2":{"loc":{"start":{"line":58,"column":2},"end":{"line":69,"column":3}},"type":"switch","locations":[{"start":{"line":59,"column":4},"end":{"line":60,"column":39}},{"start":{"line":61,"column":4},"end":{"line":62,"column":56}},{"start":{"line":63,"column":4},"end":{"line":64,"column":34}},{"start":{"line":65,"column":4},"end":{"line":66,"column":40}},{"start":{"line":67,"column":4},"end":{"line":68,"column":19}}],"line":58},"3":{"loc":{"start":{"line":62,"column":13},"end":{"line":62,"column":55}},"type":"binary-expr","locations":[{"start":{"line":62,"column":13},"end":{"line":62,"column":38}},{"start":{"line":62,"column":42},"end":{"line":62,"column":55}}],"line":62},"4":{"loc":{"start":{"line":81,"column":4},"end":{"line":84,"column":5}},"type":"if","locations":[{"start":{"line":81,"column":4},"end":{"line":84,"column":5}},{"start":{},"end":{}}],"line":81},"5":{"loc":{"start":{"line":86,"column":4},"end":{"line":88,"column":5}},"type":"if","locations":[{"start":{"line":86,"column":4},"end":{"line":88,"column":5}},{"start":{},"end":{}}],"line":86},"6":{"loc":{"start":{"line":92,"column":2},"end":{"line":94,"column":3}},"type":"if","locations":[{"start":{"line":92,"column":2},"end":{"line":94,"column":3}},{"start":{},"end":{}}],"line":92},"7":{"loc":{"start":{"line":92,"column":6},"end":{"line":92,"column":84}},"type":"binary-expr","locations":[{"start":{"line":92,"column":6},"end":{"line":92,"column":16}},{"start":{"line":92,"column":20},"end":{"line":92,"column":50}},{"start":{"line":92,"column":54},"end":{"line":92,"column":84}}],"line":92},"8":{"loc":{"start":{"line":96,"column":2},"end":{"line":98,"column":3}},"type":"if","locations":[{"start":{"line":96,"column":2},"end":{"line":98,"column":3}},{"start":{},"end":{}}],"line":96},"9":{"loc":{"start":{"line":96,"column":6},"end":{"line":96,"column":105}},"type":"binary-expr","locations":[{"start":{"line":96,"column":6},"end":{"line":96,"column":23}},{"start":{"line":96,"column":27},"end":{"line":96,"column":64}},{"start":{"line":96,"column":68},"end":{"line":96,"column":105}}],"line":96},"10":{"loc":{"start":{"line":100,"column":2},"end":{"line":102,"column":3}},"type":"if","locations":[{"start":{"line":100,"column":2},"end":{"line":102,"column":3}},{"start":{},"end":{}}],"line":100},"11":{"loc":{"start":{"line":100,"column":6},"end":{"line":100,"column":105}},"type":"binary-expr","locations":[{"start":{"line":100,"column":6},"end":{"line":100,"column":23}},{"start":{"line":100,"column":27},"end":{"line":100,"column":64}},{"start":{"line":100,"column":68},"end":{"line":100,"column":105}}],"line":100},"12":{"loc":{"start":{"line":104,"column":2},"end":{"line":109,"column":3}},"type":"if","locations":[{"start":{"line":104,"column":2},"end":{"line":109,"column":3}},{"start":{},"end":{}}],"line":104},"13":{"loc":{"start":{"line":104,"column":6},"end":{"line":104,"column":56}},"type":"binary-expr","locations":[{"start":{"line":104,"column":6},"end":{"line":104,"column":19}},{"start":{"line":104,"column":23},"end":{"line":104,"column":56}}],"line":104},"14":{"loc":{"start":{"line":106,"column":4},"end":{"line":108,"column":5}},"type":"if","locations":[{"start":{"line":106,"column":4},"end":{"line":108,"column":5}},{"start":{},"end":{}}],"line":106},"15":{"loc":{"start":{"line":111,"column":2},"end":{"line":113,"column":3}},"type":"if","locations":[{"start":{"line":111,"column":2},"end":{"line":113,"column":3}},{"start":{},"end":{}}],"line":111},"16":{"loc":{"start":{"line":111,"column":6},"end":{"line":111,"column":71}},"type":"binary-expr","locations":[{"start":{"line":111,"column":6},"end":{"line":111,"column":17}},{"start":{"line":111,"column":21},"end":{"line":111,"column":52}},{"start":{"line":111,"column":56},"end":{"line":111,"column":71}}],"line":111},"17":{"loc":{"start":{"line":115,"column":2},"end":{"line":120,"column":3}},"type":"if","locations":[{"start":{"line":115,"column":2},"end":{"line":120,"column":3}},{"start":{},"end":{}}],"line":115},"18":{"loc":{"start":{"line":115,"column":6},"end":{"line":115,"column":52}},"type":"binary-expr","locations":[{"start":{"line":115,"column":6},"end":{"line":115,"column":17}},{"start":{"line":115,"column":21},"end":{"line":115,"column":52}}],"line":115},"19":{"loc":{"start":{"line":117,"column":4},"end":{"line":119,"column":5}},"type":"if","locations":[{"start":{"line":117,"column":4},"end":{"line":119,"column":5}},{"start":{},"end":{}}],"line":117},"20":{"loc":{"start":{"line":122,"column":2},"end":{"line":127,"column":3}},"type":"if","locations":[{"start":{"line":122,"column":2},"end":{"line":127,"column":3}},{"start":{},"end":{}}],"line":122},"21":{"loc":{"start":{"line":122,"column":6},"end":{"line":122,"column":64}},"type":"binary-expr","locations":[{"start":{"line":122,"column":6},"end":{"line":122,"column":23}},{"start":{"line":122,"column":27},"end":{"line":122,"column":64}}],"line":122},"22":{"loc":{"start":{"line":124,"column":4},"end":{"line":126,"column":5}},"type":"if","locations":[{"start":{"line":124,"column":4},"end":{"line":126,"column":5}},{"start":{},"end":{}}],"line":124},"23":{"loc":{"start":{"line":130,"column":2},"end":{"line":139,"column":3}},"type":"if","locations":[{"start":{"line":130,"column":2},"end":{"line":139,"column":3}},{"start":{},"end":{}}],"line":130},"24":{"loc":{"start":{"line":130,"column":6},"end":{"line":130,"column":51}},"type":"binary-expr","locations":[{"start":{"line":130,"column":6},"end":{"line":130,"column":19}},{"start":{"line":130,"column":23},"end":{"line":130,"column":51}}],"line":130},"25":{"loc":{"start":{"line":131,"column":4},"end":{"line":133,"column":5}},"type":"if","locations":[{"start":{"line":131,"column":4},"end":{"line":133,"column":5}},{"start":{},"end":{}}],"line":131},"26":{"loc":{"start":{"line":135,"column":6},"end":{"line":137,"column":7}},"type":"if","locations":[{"start":{"line":135,"column":6},"end":{"line":137,"column":7}},{"start":{},"end":{}}],"line":135},"27":{"loc":{"start":{"line":141,"column":2},"end":{"line":147,"column":3}},"type":"if","locations":[{"start":{"line":141,"column":2},"end":{"line":147,"column":3}},{"start":{},"end":{}}],"line":141},"28":{"loc":{"start":{"line":141,"column":6},"end":{"line":141,"column":45}},"type":"binary-expr","locations":[{"start":{"line":141,"column":6},"end":{"line":141,"column":16}},{"start":{"line":141,"column":20},"end":{"line":141,"column":45}}],"line":141},"29":{"loc":{"start":{"line":143,"column":6},"end":{"line":145,"column":7}},"type":"if","locations":[{"start":{"line":143,"column":6},"end":{"line":145,"column":7}},{"start":{},"end":{}}],"line":143},"30":{"loc":{"start":{"line":149,"column":2},"end":{"line":158,"column":3}},"type":"if","locations":[{"start":{"line":149,"column":2},"end":{"line":158,"column":3}},{"start":{},"end":{}}],"line":149},"31":{"loc":{"start":{"line":149,"column":6},"end":{"line":149,"column":65}},"type":"binary-expr","locations":[{"start":{"line":149,"column":6},"end":{"line":149,"column":26}},{"start":{"line":149,"column":30},"end":{"line":149,"column":65}}],"line":149},"32":{"loc":{"start":{"line":150,"column":4},"end":{"line":152,"column":5}},"type":"if","locations":[{"start":{"line":150,"column":4},"end":{"line":152,"column":5}},{"start":{},"end":{}}],"line":150},"33":{"loc":{"start":{"line":154,"column":6},"end":{"line":156,"column":7}},"type":"if","locations":[{"start":{"line":154,"column":6},"end":{"line":156,"column":7}},{"start":{},"end":{}}],"line":154},"34":{"loc":{"start":{"line":176,"column":4},"end":{"line":179,"column":5}},"type":"if","locations":[{"start":{"line":176,"column":4},"end":{"line":179,"column":5}},{"start":{},"end":{}}],"line":176},"35":{"loc":{"start":{"line":181,"column":4},"end":{"line":183,"column":5}},"type":"if","locations":[{"start":{"line":181,"column":4},"end":{"line":183,"column":5}},{"start":{},"end":{}}],"line":181},"36":{"loc":{"start":{"line":187,"column":2},"end":{"line":192,"column":3}},"type":"if","locations":[{"start":{"line":187,"column":2},"end":{"line":192,"column":3}},{"start":{},"end":{}}],"line":187},"37":{"loc":{"start":{"line":187,"column":6},"end":{"line":187,"column":60}},"type":"binary-expr","locations":[{"start":{"line":187,"column":6},"end":{"line":187,"column":21}},{"start":{"line":187,"column":25},"end":{"line":187,"column":60}}],"line":187},"38":{"loc":{"start":{"line":189,"column":4},"end":{"line":191,"column":5}},"type":"if","locations":[{"start":{"line":189,"column":4},"end":{"line":191,"column":5}},{"start":{},"end":{}}],"line":189},"39":{"loc":{"start":{"line":195,"column":2},"end":{"line":220,"column":3}},"type":"if","locations":[{"start":{"line":195,"column":2},"end":{"line":220,"column":3}},{"start":{},"end":{}}],"line":195},"40":{"loc":{"start":{"line":195,"column":6},"end":{"line":195,"column":53}},"type":"binary-expr","locations":[{"start":{"line":195,"column":6},"end":{"line":195,"column":20}},{"start":{"line":195,"column":24},"end":{"line":195,"column":53}}],"line":195},"41":{"loc":{"start":{"line":196,"column":4},"end":{"line":198,"column":5}},"type":"if","locations":[{"start":{"line":196,"column":4},"end":{"line":198,"column":5}},{"start":{},"end":{}}],"line":196},"42":{"loc":{"start":{"line":201,"column":6},"end":{"line":204,"column":7}},"type":"if","locations":[{"start":{"line":201,"column":6},"end":{"line":204,"column":7}},{"start":{},"end":{}}],"line":201},"43":{"loc":{"start":{"line":201,"column":10},"end":{"line":201,"column":53}},"type":"binary-expr","locations":[{"start":{"line":201,"column":10},"end":{"line":201,"column":35}},{"start":{"line":201,"column":39},"end":{"line":201,"column":53}}],"line":201},"44":{"loc":{"start":{"line":207,"column":6},"end":{"line":211,"column":7}},"type":"if","locations":[{"start":{"line":207,"column":6},"end":{"line":211,"column":7}},{"start":{},"end":{}}],"line":207},"45":{"loc":{"start":{"line":217,"column":4},"end":{"line":219,"column":5}},"type":"if","locations":[{"start":{"line":217,"column":4},"end":{"line":219,"column":5}},{"start":{},"end":{}}],"line":217},"46":{"loc":{"start":{"line":234,"column":34},"end":{"line":234,"column":68}},"type":"default-arg","locations":[{"start":{"line":234,"column":48},"end":{"line":234,"column":68}}],"line":234},"47":{"loc":{"start":{"line":237,"column":4},"end":{"line":239,"column":5}},"type":"if","locations":[{"start":{"line":237,"column":4},"end":{"line":239,"column":5}},{"start":{},"end":{}}],"line":237},"48":{"loc":{"start":{"line":245,"column":4},"end":{"line":248,"column":5}},"type":"if","locations":[{"start":{"line":245,"column":4},"end":{"line":248,"column":5}},{"start":{},"end":{}}],"line":245},"49":{"loc":{"start":{"line":252,"column":4},"end":{"line":254,"column":5}},"type":"if","locations":[{"start":{"line":252,"column":4},"end":{"line":254,"column":5}},{"start":{},"end":{}}],"line":252},"50":{"loc":{"start":{"line":252,"column":8},"end":{"line":252,"column":111}},"type":"binary-expr","locations":[{"start":{"line":252,"column":8},"end":{"line":252,"column":59}},{"start":{"line":252,"column":63},"end":{"line":252,"column":111}}],"line":252},"51":{"loc":{"start":{"line":269,"column":43},"end":{"line":269,"column":55}},"type":"default-arg","locations":[{"start":{"line":269,"column":53},"end":{"line":269,"column":55}}],"line":269},"52":{"loc":{"start":{"line":271,"column":4},"end":{"line":271,"column":38}},"type":"default-arg","locations":[{"start":{"line":271,"column":18},"end":{"line":271,"column":38}}],"line":271},"53":{"loc":{"start":{"line":272,"column":4},"end":{"line":272,"column":25}},"type":"default-arg","locations":[{"start":{"line":272,"column":20},"end":{"line":272,"column":25}}],"line":272},"54":{"loc":{"start":{"line":273,"column":4},"end":{"line":273,"column":20}},"type":"default-arg","locations":[{"start":{"line":273,"column":12},"end":{"line":273,"column":20}}],"line":273},"55":{"loc":{"start":{"line":280,"column":2},"end":{"line":370,"column":3}},"type":"if","locations":[{"start":{"line":280,"column":2},"end":{"line":370,"column":3}},{"start":{"line":300,"column":7},"end":{"line":370,"column":3}}],"line":280},"56":{"loc":{"start":{"line":281,"column":23},"end":{"line":281,"column":66}},"type":"cond-expr","locations":[{"start":{"line":281,"column":39},"end":{"line":281,"column":44}},{"start":{"line":281,"column":47},"end":{"line":281,"column":66}}],"line":281},"57":{"loc":{"start":{"line":284,"column":19},"end":{"line":284,"column":72}},"type":"cond-expr","locations":[{"start":{"line":284,"column":35},"end":{"line":284,"column":45}},{"start":{"line":284,"column":48},"end":{"line":284,"column":72}}],"line":284},"58":{"loc":{"start":{"line":285,"column":26},"end":{"line":285,"column":93}},"type":"cond-expr","locations":[{"start":{"line":285,"column":42},"end":{"line":285,"column":59}},{"start":{"line":285,"column":62},"end":{"line":285,"column":93}}],"line":285},"59":{"loc":{"start":{"line":286,"column":26},"end":{"line":286,"column":93}},"type":"cond-expr","locations":[{"start":{"line":286,"column":42},"end":{"line":286,"column":59}},{"start":{"line":286,"column":62},"end":{"line":286,"column":93}}],"line":286},"60":{"loc":{"start":{"line":287,"column":39},"end":{"line":287,"column":74}},"type":"cond-expr","locations":[{"start":{"line":287,"column":55},"end":{"line":287,"column":56}},{"start":{"line":287,"column":59},"end":{"line":287,"column":74}}],"line":287},"61":{"loc":{"start":{"line":288,"column":53},"end":{"line":288,"column":88}},"type":"cond-expr","locations":[{"start":{"line":288,"column":69},"end":{"line":288,"column":70}},{"start":{"line":288,"column":73},"end":{"line":288,"column":88}}],"line":288},"62":{"loc":{"start":{"line":291,"column":8},"end":{"line":295,"column":37}},"type":"binary-expr","locations":[{"start":{"line":291,"column":8},"end":{"line":291,"column":33}},{"start":{"line":292,"column":8},"end":{"line":292,"column":40}},{"start":{"line":293,"column":8},"end":{"line":293,"column":40}},{"start":{"line":294,"column":8},"end":{"line":294,"column":33}},{"start":{"line":295,"column":8},"end":{"line":295,"column":37}}],"line":291},"63":{"loc":{"start":{"line":300,"column":7},"end":{"line":370,"column":3}},"type":"if","locations":[{"start":{"line":300,"column":7},"end":{"line":370,"column":3}},{"start":{},"end":{}}],"line":300},"64":{"loc":{"start":{"line":300,"column":11},"end":{"line":300,"column":54}},"type":"binary-expr","locations":[{"start":{"line":300,"column":11},"end":{"line":300,"column":36}},{"start":{"line":300,"column":40},"end":{"line":300,"column":54}}],"line":300},"65":{"loc":{"start":{"line":301,"column":4},"end":{"line":307,"column":5}},"type":"if","locations":[{"start":{"line":301,"column":4},"end":{"line":307,"column":5}},{"start":{},"end":{}}],"line":301},"66":{"loc":{"start":{"line":302,"column":19},"end":{"line":302,"column":72}},"type":"cond-expr","locations":[{"start":{"line":302,"column":35},"end":{"line":302,"column":45}},{"start":{"line":302,"column":48},"end":{"line":302,"column":72}}],"line":302},"67":{"loc":{"start":{"line":304,"column":21},"end":{"line":304,"column":66}},"type":"cond-expr","locations":[{"start":{"line":304,"column":37},"end":{"line":304,"column":43}},{"start":{"line":304,"column":46},"end":{"line":304,"column":66}}],"line":304},"68":{"loc":{"start":{"line":309,"column":4},"end":{"line":315,"column":5}},"type":"if","locations":[{"start":{"line":309,"column":4},"end":{"line":315,"column":5}},{"start":{},"end":{}}],"line":309},"69":{"loc":{"start":{"line":310,"column":19},"end":{"line":310,"column":86}},"type":"cond-expr","locations":[{"start":{"line":310,"column":35},"end":{"line":310,"column":52}},{"start":{"line":310,"column":55},"end":{"line":310,"column":86}}],"line":310},"70":{"loc":{"start":{"line":312,"column":28},"end":{"line":312,"column":87}},"type":"cond-expr","locations":[{"start":{"line":312,"column":44},"end":{"line":312,"column":57}},{"start":{"line":312,"column":60},"end":{"line":312,"column":87}}],"line":312},"71":{"loc":{"start":{"line":317,"column":4},"end":{"line":323,"column":5}},"type":"if","locations":[{"start":{"line":317,"column":4},"end":{"line":323,"column":5}},{"start":{},"end":{}}],"line":317},"72":{"loc":{"start":{"line":318,"column":19},"end":{"line":318,"column":86}},"type":"cond-expr","locations":[{"start":{"line":318,"column":35},"end":{"line":318,"column":52}},{"start":{"line":318,"column":55},"end":{"line":318,"column":86}}],"line":318},"73":{"loc":{"start":{"line":320,"column":28},"end":{"line":320,"column":87}},"type":"cond-expr","locations":[{"start":{"line":320,"column":44},"end":{"line":320,"column":57}},{"start":{"line":320,"column":60},"end":{"line":320,"column":87}}],"line":320},"74":{"loc":{"start":{"line":325,"column":4},"end":{"line":333,"column":5}},"type":"if","locations":[{"start":{"line":325,"column":4},"end":{"line":333,"column":5}},{"start":{},"end":{}}],"line":325},"75":{"loc":{"start":{"line":326,"column":19},"end":{"line":326,"column":70}},"type":"cond-expr","locations":[{"start":{"line":326,"column":35},"end":{"line":326,"column":44}},{"start":{"line":326,"column":47},"end":{"line":326,"column":70}}],"line":326},"76":{"loc":{"start":{"line":329,"column":22},"end":{"line":329,"column":57}},"type":"cond-expr","locations":[{"start":{"line":329,"column":38},"end":{"line":329,"column":39}},{"start":{"line":329,"column":42},"end":{"line":329,"column":57}}],"line":329},"77":{"loc":{"start":{"line":335,"column":4},"end":{"line":343,"column":5}},"type":"if","locations":[{"start":{"line":335,"column":4},"end":{"line":343,"column":5}},{"start":{},"end":{}}],"line":335},"78":{"loc":{"start":{"line":336,"column":19},"end":{"line":336,"column":78}},"type":"cond-expr","locations":[{"start":{"line":336,"column":35},"end":{"line":336,"column":48}},{"start":{"line":336,"column":51},"end":{"line":336,"column":78}}],"line":336},"79":{"loc":{"start":{"line":339,"column":26},"end":{"line":339,"column":61}},"type":"cond-expr","locations":[{"start":{"line":339,"column":42},"end":{"line":339,"column":43}},{"start":{"line":339,"column":46},"end":{"line":339,"column":61}}],"line":339},"80":{"loc":{"start":{"line":345,"column":4},"end":{"line":351,"column":5}},"type":"if","locations":[{"start":{"line":345,"column":4},"end":{"line":351,"column":5}},{"start":{},"end":{}}],"line":345},"81":{"loc":{"start":{"line":346,"column":19},"end":{"line":346,"column":76}},"type":"cond-expr","locations":[{"start":{"line":346,"column":35},"end":{"line":346,"column":47}},{"start":{"line":346,"column":50},"end":{"line":346,"column":76}}],"line":346},"82":{"loc":{"start":{"line":348,"column":23},"end":{"line":348,"column":72}},"type":"cond-expr","locations":[{"start":{"line":348,"column":39},"end":{"line":348,"column":47}},{"start":{"line":348,"column":50},"end":{"line":348,"column":72}}],"line":348},"83":{"loc":{"start":{"line":353,"column":4},"end":{"line":355,"column":5}},"type":"if","locations":[{"start":{"line":353,"column":4},"end":{"line":355,"column":5}},{"start":{},"end":{}}],"line":353},"84":{"loc":{"start":{"line":357,"column":4},"end":{"line":359,"column":5}},"type":"if","locations":[{"start":{"line":357,"column":4},"end":{"line":359,"column":5}},{"start":{},"end":{}}],"line":357},"85":{"loc":{"start":{"line":361,"column":4},"end":{"line":364,"column":5}},"type":"if","locations":[{"start":{"line":361,"column":4},"end":{"line":364,"column":5}},{"start":{},"end":{}}],"line":361},"86":{"loc":{"start":{"line":366,"column":4},"end":{"line":369,"column":5}},"type":"if","locations":[{"start":{"line":366,"column":4},"end":{"line":369,"column":5}},{"start":{},"end":{}}],"line":366},"87":{"loc":{"start":{"line":373,"column":2},"end":{"line":375,"column":3}},"type":"if","locations":[{"start":{"line":373,"column":2},"end":{"line":375,"column":3}},{"start":{},"end":{}}],"line":373},"88":{"loc":{"start":{"line":388,"column":46},"end":{"line":388,"column":58}},"type":"default-arg","locations":[{"start":{"line":388,"column":56},"end":{"line":388,"column":58}}],"line":388},"89":{"loc":{"start":{"line":390,"column":4},"end":{"line":390,"column":38}},"type":"default-arg","locations":[{"start":{"line":390,"column":18},"end":{"line":390,"column":38}}],"line":390},"90":{"loc":{"start":{"line":391,"column":4},"end":{"line":391,"column":20}},"type":"default-arg","locations":[{"start":{"line":391,"column":15},"end":{"line":391,"column":20}}],"line":391},"91":{"loc":{"start":{"line":395,"column":21},"end":{"line":395,"column":65}},"type":"cond-expr","locations":[{"start":{"line":395,"column":46},"end":{"line":395,"column":53}},{"start":{"line":395,"column":56},"end":{"line":395,"column":65}}],"line":395},"92":{"loc":{"start":{"line":401,"column":4},"end":{"line":407,"column":5}},"type":"if","locations":[{"start":{"line":401,"column":4},"end":{"line":407,"column":5}},{"start":{"line":404,"column":11},"end":{"line":407,"column":5}}],"line":401},"93":{"loc":{"start":{"line":418,"column":41},"end":{"line":418,"column":53}},"type":"default-arg","locations":[{"start":{"line":418,"column":51},"end":{"line":418,"column":53}}],"line":418},"94":{"loc":{"start":{"line":419,"column":10},"end":{"line":419,"column":44}},"type":"default-arg","locations":[{"start":{"line":419,"column":24},"end":{"line":419,"column":44}}],"line":419},"95":{"loc":{"start":{"line":425,"column":4},"end":{"line":427,"column":5}},"type":"if","locations":[{"start":{"line":425,"column":4},"end":{"line":427,"column":5}},{"start":{},"end":{}}],"line":425},"96":{"loc":{"start":{"line":430,"column":4},"end":{"line":432,"column":5}},"type":"if","locations":[{"start":{"line":430,"column":4},"end":{"line":432,"column":5}},{"start":{},"end":{}}],"line":430},"97":{"loc":{"start":{"line":444,"column":6},"end":{"line":445,"column":54}},"type":"binary-expr","locations":[{"start":{"line":444,"column":6},"end":{"line":444,"column":54}},{"start":{"line":445,"column":6},"end":{"line":445,"column":54}}],"line":444},"98":{"loc":{"start":{"line":457,"column":43},"end":{"line":457,"column":55}},"type":"default-arg","locations":[{"start":{"line":457,"column":53},"end":{"line":457,"column":55}}],"line":457},"99":{"loc":{"start":{"line":458,"column":10},"end":{"line":458,"column":44}},"type":"default-arg","locations":[{"start":{"line":458,"column":24},"end":{"line":458,"column":44}}],"line":458},"100":{"loc":{"start":{"line":471,"column":33},"end":{"line":471,"column":45}},"type":"default-arg","locations":[{"start":{"line":471,"column":43},"end":{"line":471,"column":45}}],"line":471},"101":{"loc":{"start":{"line":472,"column":10},"end":{"line":472,"column":44}},"type":"default-arg","locations":[{"start":{"line":472,"column":24},"end":{"line":472,"column":44}}],"line":472},"102":{"loc":{"start":{"line":486,"column":30},"end":{"line":486,"column":42}},"type":"default-arg","locations":[{"start":{"line":486,"column":40},"end":{"line":486,"column":42}}],"line":486},"103":{"loc":{"start":{"line":487,"column":10},"end":{"line":487,"column":44}},"type":"default-arg","locations":[{"start":{"line":487,"column":24},"end":{"line":487,"column":44}}],"line":487},"104":{"loc":{"start":{"line":503,"column":39},"end":{"line":503,"column":51}},"type":"default-arg","locations":[{"start":{"line":503,"column":49},"end":{"line":503,"column":51}}],"line":503},"105":{"loc":{"start":{"line":505,"column":4},"end":{"line":505,"column":38}},"type":"default-arg","locations":[{"start":{"line":505,"column":18},"end":{"line":505,"column":38}}],"line":505},"106":{"loc":{"start":{"line":506,"column":4},"end":{"line":506,"column":18}},"type":"default-arg","locations":[{"start":{"line":506,"column":12},"end":{"line":506,"column":18}}],"line":506},"107":{"loc":{"start":{"line":507,"column":4},"end":{"line":507,"column":20}},"type":"default-arg","locations":[{"start":{"line":507,"column":12},"end":{"line":507,"column":20}}],"line":507},"108":{"loc":{"start":{"line":512,"column":11},"end":{"line":512,"column":67}},"type":"cond-expr","locations":[{"start":{"line":512,"column":30},"end":{"line":512,"column":47}},{"start":{"line":512,"column":50},"end":{"line":512,"column":67}}],"line":512},"109":{"loc":{"start":{"line":515,"column":9},"end":{"line":515,"column":82}},"type":"cond-expr","locations":[{"start":{"line":515,"column":39},"end":{"line":515,"column":67}},{"start":{"line":515,"column":70},"end":{"line":515,"column":82}}],"line":515},"110":{"loc":{"start":{"line":525,"column":56},"end":{"line":525,"column":68}},"type":"default-arg","locations":[{"start":{"line":525,"column":66},"end":{"line":525,"column":68}}],"line":525},"111":{"loc":{"start":{"line":526,"column":10},"end":{"line":526,"column":44}},"type":"default-arg","locations":[{"start":{"line":526,"column":24},"end":{"line":526,"column":44}}],"line":526},"112":{"loc":{"start":{"line":542,"column":56},"end":{"line":542,"column":68}},"type":"default-arg","locations":[{"start":{"line":542,"column":66},"end":{"line":542,"column":68}}],"line":542},"113":{"loc":{"start":{"line":543,"column":10},"end":{"line":543,"column":44}},"type":"default-arg","locations":[{"start":{"line":543,"column":24},"end":{"line":543,"column":44}}],"line":543},"114":{"loc":{"start":{"line":557,"column":42},"end":{"line":557,"column":76}},"type":"default-arg","locations":[{"start":{"line":557,"column":56},"end":{"line":557,"column":76}}],"line":557},"115":{"loc":{"start":{"line":560,"column":4},"end":{"line":565,"column":5}},"type":"if","locations":[{"start":{"line":560,"column":4},"end":{"line":565,"column":5}},{"start":{},"end":{}}],"line":560}},"s":{"0":1,"1":1,"2":1,"3":1,"4":1,"5":0,"6":0,"7":0,"8":0,"9":0,"10":0,"11":0,"12":0,"13":0,"14":0,"15":0,"16":0,"17":0,"18":0,"19":0,"20":0,"21":0,"22":0,"23":0,"24":0,"25":0,"26":0,"27":0,"28":0,"29":0,"30":0,"31":0,"32":0,"33":0,"34":0,"35":0,"36":0,"37":0,"38":0,"39":0,"40":0,"41":0,"42":0,"43":0,"44":0,"45":0,"46":0,"47":0,"48":0,"49":0,"50":0,"51":0,"52":0,"53":0,"54":0,"55":0,"56":0,"57":0,"58":0,"59":0,"60":0,"61":0,"62":0,"63":0,"64":0,"65":0,"66":0,"67":0,"68":0,"69":0,"70":0,"71":0,"72":0,"73":0,"74":0,"75":0,"76":0,"77":0,"78":0,"79":0,"80":0,"81":0,"82":0,"83":0,"84":0,"85":0,"86":0,"87":0,"88":0,"89":0,"90":0,"91":0,"92":0,"93":0,"94":0,"95":0,"96":0,"97":0,"98":0,"99":0,"100":0,"101":0,"102":0,"103":0,"104":0,"105":0,"106":0,"107":0,"108":0,"109":0,"110":0,"111":0,"112":0,"113":0,"114":0,"115":0,"116":0,"117":0,"118":0,"119":0,"120":0,"121":0,"122":0,"123":0,"124":0,"125":0,"126":0,"127":0,"128":0,"129":0,"130":0,"131":0,"132":0,"133":0,"134":0,"135":0,"136":0,"137":0,"138":0,"139":0,"140":0,"141":0,"142":0,"143":0,"144":0,"145":0,"146":0,"147":0,"148":0,"149":0,"150":0,"151":0,"152":0,"153":0,"154":0,"155":0,"156":0,"157":0,"158":0,"159":0,"160":0,"161":0,"162":0,"163":0,"164":0,"165":0,"166":0,"167":0,"168":0,"169":0,"170":0,"171":0,"172":0,"173":0,"174":0,"175":0,"176":0,"177":0,"178":0,"179":0,"180":0,"181":0,"182":0,"183":0,"184":0,"185":0,"186":0,"187":0,"188":0,"189":0,"190":0,"191":0,"192":0,"193":0,"194":0,"195":0,"196":0,"197":0,"198":0,"199":0,"200":0,"201":0,"202":0,"203":0,"204":0,"205":0,"206":0,"207":0,"208":0,"209":0,"210":0,"211":0,"212":0,"213":0,"214":0,"215":0,"216":0,"217":0,"218":0,"219":0,"220":0,"221":0,"222":0,"223":0,"224":0},"f":{"0":0,"1":0,"2":0,"3":0,"4":0,"5":0,"6":0,"7":0,"8":0,"9":0,"10":0,"11":0,"12":0,"13":0,"14":0,"15":0,"16":0,"17":0,"18":0,"19":0,"20":0,"21":0,"22":0,"23":0,"24":0,"25":0,"26":0,"27":0,"28":0,"29":0,"30":0,"31":0,"32":0,"33":0,"34":0,"35":0,"36":0,"37":0,"38":0,"39":0,"40":0,"41":0,"42":0,"43":0,"44":0,"45":0,"46":0,"47":0,"48":0,"49":0,"50":0},"b":{"0":[0,0],"1":[0,0],"2":[0,0,0,0,0],"3":[0,0],"4":[0,0],"5":[0,0],"6":[0,0],"7":[0,0,0],"8":[0,0],"9":[0,0,0],"10":[0,0],"11":[0,0,0],"12":[0,0],"13":[0,0],"14":[0,0],"15":[0,0],"16":[0,0,0],"17":[0,0],"18":[0,0],"19":[0,0],"20":[0,0],"21":[0,0],"22":[0,0],"23":[0,0],"24":[0,0],"25":[0,0],"26":[0,0],"27":[0,0],"28":[0,0],"29":[0,0],"30":[0,0],"31":[0,0],"32":[0,0],"33":[0,0],"34":[0,0],"35":[0,0],"36":[0,0],"37":[0,0],"38":[0,0],"39":[0,0],"40":[0,0],"41":[0,0],"42":[0,0],"43":[0,0],"44":[0,0],"45":[0,0],"46":[0],"47":[0,0],"48":[0,0],"49":[0,0],"50":[0,0],"51":[0],"52":[0],"53":[0],"54":[0],"55":[0,0],"56":[0,0],"57":[0,0],"58":[0,0],"59":[0,0],"60":[0,0],"61":[0,0],"62":[0,0,0,0,0],"63":[0,0],"64":[0,0],"65":[0,0],"66":[0,0],"67":[0,0],"68":[0,0],"69":[0,0],"70":[0,0],"71":[0,0],"72":[0,0],"73":[0,0],"74":[0,0],"75":[0,0],"76":[0,0],"77":[0,0],"78":[0,0],"79":[0,0],"80":[0,0],"81":[0,0],"82":[0,0],"83":[0,0],"84":[0,0],"85":[0,0],"86":[0,0],"87":[0,0],"88":[0],"89":[0],"90":[0],"91":[0,0],"92":[0,0],"93":[0],"94":[0],"95":[0,0],"96":[0,0],"97":[0,0],"98":[0],"99":[0],"100":[0],"101":[0],"102":[0],"103":[0],"104":[0],"105":[0],"106":[0],"107":[0],"108":[0,0],"109":[0,0],"110":[0],"111":[0],"112":[0],"113":[0],"114":[0],"115":[0,0]},"_coverageSchema":"1a1c01bbd47fc00a2c39e90264f33305004495a9","hash":"8c0f7a69c40df82be015c3e69b0ccc584037cd32"}
,"/Users/jimmychavada/Documents/Rosetta/lib/constants.js": {"path":"/Users/jimmychavada/Documents/Rosetta/lib/constants.js","statementMap":{"0":{"start":{"line":5,"column":19},"end":{"line":5,"column":49}},"1":{"start":{"line":6,"column":18},"end":{"line":6,"column":42}},"2":{"start":{"line":11,"column":23},"end":{"line":21,"column":1}},"3":{"start":{"line":26,"column":30},"end":{"line":32,"column":1}},"4":{"start":{"line":37,"column":27},"end":{"line":37,"column":62}},"5":{"start":{"line":38,"column":29},"end":{"line":38,"column":68}},"6":{"start":{"line":43,"column":32},"end":{"line":60,"column":1}},"7":{"start":{"line":65,"column":39},"end":{"line":97,"column":1}},"8":{"start":{"line":99,"column":36},"end":{"line":126,"column":1}},"9":{"start":{"line":128,"column":34},"end":{"line":158,"column":1}},"10":{"start":{"line":160,"column":41},"end":{"line":166,"column":74}}},"fnMap":{},"branchMap":{},"s":{"0":2,"1":2,"2":2,"3":2,"4":2,"5":2,"6":2,"7":2,"8":2,"9":2,"10":2},"f":{},"b":{},"_coverageSchema":"1a1c01bbd47fc00a2c39e90264f33305004495a9","hash":"ef609c3e10610a49899ec85905192a0e09bff416"}
,"/Users/jimmychavada/Documents/Rosetta/lib/context.js": {"path":"/Users/jimmychavada/Documents/Rosetta/lib/context.js","statementMap":{"0":{"start":{"line":14,"column":18},"end":{"line":14,"column":64}},"1":{"start":{"line":15,"column":18},"end":{"line":15,"column":71}},"2":{"start":{"line":15,"column":38},"end":{"line":15,"column":53}},"3":{"start":{"line":15,"column":64},"end":{"line":15,"column":70}},"4":{"start":{"line":16,"column":16},"end":{"line":16,"column":64}},"5":{"start":{"line":16,"column":36},"end":{"line":16,"column":46}},"6":{"start":{"line":16,"column":57},"end":{"line":16,"column":63}},"7":{"start":{"line":18,"column":21},"end":{"line":20,"column":3}},"8":{"start":{"line":19,"column":4},"end":{"line":19,"column":106}},"9":{"start":{"line":22,"column":20},"end":{"line":22,"column":62}},"10":{"start":{"line":25,"column":4},"end":{"line":30,"column":33}},"11":{"start":{"line":32,"column":2},"end":{"line":36,"column":4}},"12":{"start":{"line":44,"column":15},"end":{"line":44,"column":17}},"13":{"start":{"line":47,"column":2},"end":{"line":54,"column":3}},"14":{"start":{"line":48,"column":4},"end":{"line":53,"column":7}},"15":{"start":{"line":57,"column":2},"end":{"line":64,"column":3}},"16":{"start":{"line":58,"column":4},"end":{"line":63,"column":7}},"17":{"start":{"line":67,"column":2},"end":{"line":74,"column":3}},"18":{"start":{"line":68,"column":4},"end":{"line":73,"column":7}},"19":{"start":{"line":77,"column":2},"end":{"line":84,"column":3}},"20":{"start":{"line":78,"column":4},"end":{"line":83,"column":7}},"21":{"start":{"line":87,"column":2},"end":{"line":94,"column":3}},"22":{"start":{"line":88,"column":4},"end":{"line":93,"column":7}},"23":{"start":{"line":97,"column":2},"end":{"line":103,"column":3}},"24":{"start":{"line":98,"column":4},"end":{"line":102,"column":7}},"25":{"start":{"line":105,"column":2},"end":{"line":105,"column":14}},"26":{"start":{"line":113,"column":25},"end":{"line":113,"column":60}},"27":{"start":{"line":114,"column":19},"end":{"line":114,"column":48}},"28":{"start":{"line":115,"column":26},"end":{"line":115,"column":65}},"29":{"start":{"line":116,"column":23},"end":{"line":116,"column":60}},"30":{"start":{"line":117,"column":19},"end":{"line":117,"column":52}},"31":{"start":{"line":118,"column":21},"end":{"line":118,"column":51}},"32":{"start":{"line":120,"column":2},"end":{"line":120,"column":53}},"33":{"start":{"line":120,"column":22},"end":{"line":120,"column":53}},"34":{"start":{"line":121,"column":2},"end":{"line":121,"column":90}},"35":{"start":{"line":121,"column":16},"end":{"line":121,"column":90}},"36":{"start":{"line":122,"column":2},"end":{"line":122,"column":101}},"37":{"start":{"line":122,"column":39},"end":{"line":122,"column":101}},"38":{"start":{"line":123,"column":2},"end":{"line":123,"column":96}},"39":{"start":{"line":123,"column":16},"end":{"line":123,"column":96}},"40":{"start":{"line":124,"column":2},"end":{"line":124,"column":99}},"41":{"start":{"line":124,"column":18},"end":{"line":124,"column":99}},"42":{"start":{"line":126,"column":2},"end":{"line":126,"column":104}},"43":{"start":{"line":133,"column":2},"end":{"line":177,"column":3}},"44":{"start":{"line":134,"column":16},"end":{"line":134,"column":49}},"45":{"start":{"line":135,"column":17},"end":{"line":135,"column":64}},"46":{"start":{"line":136,"column":18},"end":{"line":136,"column":98}},"47":{"start":{"line":139,"column":4},"end":{"line":139,"column":50}},"48":{"start":{"line":139,"column":19},"end":{"line":139,"column":50}},"49":{"start":{"line":140,"column":4},"end":{"line":140,"column":63}},"50":{"start":{"line":140,"column":34},"end":{"line":140,"column":63}},"51":{"start":{"line":141,"column":4},"end":{"line":141,"column":58}},"52":{"start":{"line":141,"column":31},"end":{"line":141,"column":58}},"53":{"start":{"line":142,"column":4},"end":{"line":142,"column":51}},"54":{"start":{"line":142,"column":21},"end":{"line":142,"column":51}},"55":{"start":{"line":143,"column":4},"end":{"line":143,"column":62}},"56":{"start":{"line":143,"column":31},"end":{"line":143,"column":62}},"57":{"start":{"line":144,"column":4},"end":{"line":144,"column":74}},"58":{"start":{"line":144,"column":45},"end":{"line":144,"column":74}},"59":{"start":{"line":147,"column":4},"end":{"line":147,"column":52}},"60":{"start":{"line":147,"column":22},"end":{"line":147,"column":52}},"61":{"start":{"line":148,"column":4},"end":{"line":148,"column":59}},"62":{"start":{"line":148,"column":30},"end":{"line":148,"column":59}},"63":{"start":{"line":149,"column":4},"end":{"line":149,"column":52}},"64":{"start":{"line":149,"column":22},"end":{"line":149,"column":52}},"65":{"start":{"line":150,"column":4},"end":{"line":150,"column":44}},"66":{"start":{"line":150,"column":18},"end":{"line":150,"column":44}},"67":{"start":{"line":151,"column":4},"end":{"line":151,"column":46}},"68":{"start":{"line":151,"column":19},"end":{"line":151,"column":46}},"69":{"start":{"line":152,"column":4},"end":{"line":152,"column":48}},"70":{"start":{"line":152,"column":20},"end":{"line":152,"column":48}},"71":{"start":{"line":153,"column":4},"end":{"line":153,"column":76}},"72":{"start":{"line":153,"column":48},"end":{"line":153,"column":76}},"73":{"start":{"line":156,"column":4},"end":{"line":156,"column":90}},"74":{"start":{"line":156,"column":47},"end":{"line":156,"column":90}},"75":{"start":{"line":157,"column":4},"end":{"line":157,"column":65}},"76":{"start":{"line":157,"column":24},"end":{"line":157,"column":65}},"77":{"start":{"line":158,"column":4},"end":{"line":158,"column":56}},"78":{"start":{"line":158,"column":23},"end":{"line":158,"column":56}},"79":{"start":{"line":159,"column":4},"end":{"line":159,"column":61}},"80":{"start":{"line":159,"column":22},"end":{"line":159,"column":61}},"81":{"start":{"line":160,"column":4},"end":{"line":160,"column":64}},"82":{"start":{"line":160,"column":24},"end":{"line":160,"column":64}},"83":{"start":{"line":161,"column":4},"end":{"line":161,"column":70}},"84":{"start":{"line":161,"column":39},"end":{"line":161,"column":70}},"85":{"start":{"line":162,"column":4},"end":{"line":162,"column":51}},"86":{"start":{"line":162,"column":17},"end":{"line":162,"column":51}},"87":{"start":{"line":165,"column":22},"end":{"line":165,"column":31}},"88":{"start":{"line":166,"column":4},"end":{"line":172,"column":5}},"89":{"start":{"line":167,"column":6},"end":{"line":167,"column":44}},"90":{"start":{"line":168,"column":11},"end":{"line":172,"column":5}},"91":{"start":{"line":169,"column":6},"end":{"line":169,"column":36}},"92":{"start":{"line":170,"column":11},"end":{"line":172,"column":5}},"93":{"start":{"line":171,"column":6},"end":{"line":171,"column":31}},"94":{"start":{"line":174,"column":4},"end":{"line":174,"column":40}},"95":{"start":{"line":176,"column":4},"end":{"line":176,"column":120}},"96":{"start":{"line":184,"column":16},"end":{"line":184,"column":81}},"97":{"start":{"line":186,"column":2},"end":{"line":200,"column":3}},"98":{"start":{"line":187,"column":4},"end":{"line":199,"column":5}},"99":{"start":{"line":188,"column":22},"end":{"line":188,"column":67}},"100":{"start":{"line":189,"column":20},"end":{"line":189,"column":72}},"101":{"start":{"line":189,"column":63},"end":{"line":189,"column":71}},"102":{"start":{"line":191,"column":6},"end":{"line":191,"column":78}},"103":{"start":{"line":191,"column":26},"end":{"line":191,"column":46}},"104":{"start":{"line":191,"column":49},"end":{"line":191,"column":78}},"105":{"start":{"line":192,"column":6},"end":{"line":192,"column":80}},"106":{"start":{"line":192,"column":26},"end":{"line":192,"column":47}},"107":{"start":{"line":192,"column":50},"end":{"line":192,"column":80}},"108":{"start":{"line":193,"column":6},"end":{"line":193,"column":76}},"109":{"start":{"line":193,"column":26},"end":{"line":193,"column":45}},"110":{"start":{"line":193,"column":48},"end":{"line":193,"column":76}},"111":{"start":{"line":194,"column":6},"end":{"line":194,"column":95}},"112":{"start":{"line":194,"column":26},"end":{"line":194,"column":50}},"113":{"start":{"line":194,"column":53},"end":{"line":194,"column":95}},"114":{"start":{"line":195,"column":6},"end":{"line":195,"column":106}},"115":{"start":{"line":195,"column":26},"end":{"line":195,"column":70}},"116":{"start":{"line":195,"column":73},"end":{"line":195,"column":106}},"117":{"start":{"line":196,"column":6},"end":{"line":196,"column":79}},"118":{"start":{"line":196,"column":26},"end":{"line":196,"column":45}},"119":{"start":{"line":196,"column":48},"end":{"line":196,"column":79}},"120":{"start":{"line":202,"column":2},"end":{"line":214,"column":3}},"121":{"start":{"line":203,"column":4},"end":{"line":213,"column":5}},"122":{"start":{"line":204,"column":24},"end":{"line":204,"column":59}},"123":{"start":{"line":205,"column":19},"end":{"line":205,"column":47}},"124":{"start":{"line":206,"column":22},"end":{"line":206,"column":63}},"125":{"start":{"line":208,"column":6},"end":{"line":208,"column":67}},"126":{"start":{"line":208,"column":38},"end":{"line":208,"column":67}},"127":{"start":{"line":209,"column":6},"end":{"line":209,"column":69}},"128":{"start":{"line":209,"column":39},"end":{"line":209,"column":69}},"129":{"start":{"line":210,"column":6},"end":{"line":210,"column":65}},"130":{"start":{"line":210,"column":37},"end":{"line":210,"column":65}},"131":{"start":{"line":216,"column":2},"end":{"line":216,"column":36}},"132":{"start":{"line":224,"column":25},"end":{"line":224,"column":60}},"133":{"start":{"line":225,"column":2},"end":{"line":227,"column":3}},"134":{"start":{"line":226,"column":4},"end":{"line":226,"column":57}},"135":{"start":{"line":229,"column":20},"end":{"line":229,"column":45}},"136":{"start":{"line":230,"column":2},"end":{"line":234,"column":4}},"137":{"start":{"line":241,"column":18},"end":{"line":241,"column":39}},"138":{"start":{"line":242,"column":21},"end":{"line":242,"column":45}},"139":{"start":{"line":243,"column":19},"end":{"line":243,"column":41}},"140":{"start":{"line":244,"column":17},"end":{"line":244,"column":19}},"141":{"start":{"line":246,"column":20},"end":{"line":246,"column":72}},"142":{"start":{"line":246,"column":30},"end":{"line":246,"column":72}},"143":{"start":{"line":246,"column":56},"end":{"line":246,"column":71}},"144":{"start":{"line":248,"column":2},"end":{"line":252,"column":3}},"145":{"start":{"line":250,"column":14},"end":{"line":250,"column":48}},"146":{"start":{"line":251,"column":4},"end":{"line":251,"column":26}},"147":{"start":{"line":251,"column":11},"end":{"line":251,"column":26}},"148":{"start":{"line":254,"column":2},"end":{"line":257,"column":3}},"149":{"start":{"line":255,"column":14},"end":{"line":255,"column":47}},"150":{"start":{"line":256,"column":4},"end":{"line":256,"column":26}},"151":{"start":{"line":256,"column":11},"end":{"line":256,"column":26}},"152":{"start":{"line":259,"column":2},"end":{"line":262,"column":3}},"153":{"start":{"line":260,"column":14},"end":{"line":260,"column":42}},"154":{"start":{"line":261,"column":4},"end":{"line":261,"column":26}},"155":{"start":{"line":261,"column":11},"end":{"line":261,"column":26}},"156":{"start":{"line":264,"column":2},"end":{"line":267,"column":3}},"157":{"start":{"line":265,"column":14},"end":{"line":265,"column":46}},"158":{"start":{"line":266,"column":4},"end":{"line":266,"column":26}},"159":{"start":{"line":266,"column":11},"end":{"line":266,"column":26}},"160":{"start":{"line":269,"column":2},"end":{"line":269,"column":16}},"161":{"start":{"line":277,"column":19},"end":{"line":277,"column":44}},"162":{"start":{"line":278,"column":16},"end":{"line":278,"column":50}},"163":{"start":{"line":280,"column":24},"end":{"line":295,"column":3}},"164":{"start":{"line":297,"column":2},"end":{"line":299,"column":3}},"165":{"start":{"line":298,"column":4},"end":{"line":298,"column":46}},"166":{"start":{"line":302,"column":2},"end":{"line":308,"column":3}},"167":{"start":{"line":303,"column":4},"end":{"line":303,"column":73}},"168":{"start":{"line":304,"column":4},"end":{"line":304,"column":56}},"169":{"start":{"line":305,"column":4},"end":{"line":305,"column":99}},"170":{"start":{"line":305,"column":31},"end":{"line":305,"column":99}},"171":{"start":{"line":306,"column":4},"end":{"line":306,"column":96}},"172":{"start":{"line":306,"column":30},"end":{"line":306,"column":96}},"173":{"start":{"line":307,"column":4},"end":{"line":307,"column":105}},"174":{"start":{"line":307,"column":33},"end":{"line":307,"column":105}},"175":{"start":{"line":310,"column":26},"end":{"line":315,"column":5}},"176":{"start":{"line":317,"column":28},"end":{"line":332,"column":3}},"177":{"start":{"line":335,"column":26},"end":{"line":335,"column":64}},"178":{"start":{"line":338,"column":15},"end":{"line":366,"column":4}},"179":{"start":{"line":368,"column":18},"end":{"line":368,"column":29}},"180":{"start":{"line":371,"column":2},"end":{"line":384,"column":3}},"181":{"start":{"line":372,"column":15},"end":{"line":380,"column":6}},"182":{"start":{"line":381,"column":4},"end":{"line":381,"column":35}},"183":{"start":{"line":383,"column":4},"end":{"line":383,"column":48}},"184":{"start":{"line":386,"column":2},"end":{"line":408,"column":3}},"185":{"start":{"line":387,"column":15},"end":{"line":402,"column":6}},"186":{"start":{"line":403,"column":4},"end":{"line":403,"column":33}},"187":{"start":{"line":404,"column":4},"end":{"line":404,"column":39}},"188":{"start":{"line":406,"column":4},"end":{"line":406,"column":46}},"189":{"start":{"line":407,"column":4},"end":{"line":407,"column":52}},"190":{"start":{"line":411,"column":17},"end":{"line":440,"column":4}},"191":{"start":{"line":441,"column":2},"end":{"line":441,"column":41}},"192":{"start":{"line":442,"column":2},"end":{"line":442,"column":39}},"193":{"start":{"line":445,"column":19},"end":{"line":472,"column":4}},"194":{"start":{"line":473,"column":2},"end":{"line":473,"column":35}},"195":{"start":{"line":476,"column":16},"end":{"line":499,"column":4}},"196":{"start":{"line":500,"column":2},"end":{"line":500,"column":32}},"197":{"start":{"line":503,"column":17},"end":{"line":519,"column":4}},"198":{"start":{"line":520,"column":2},"end":{"line":520,"column":33}},"199":{"start":{"line":522,"column":2},"end":{"line":522,"column":17}},"200":{"start":{"line":531,"column":15},"end":{"line":531,"column":44}},"201":{"start":{"line":534,"column":29},"end":{"line":534,"column":67}},"202":{"start":{"line":537,"column":26},"end":{"line":537,"column":64}},"203":{"start":{"line":540,"column":28},"end":{"line":540,"column":63}},"204":{"start":{"line":543,"column":29},"end":{"line":543,"column":66}},"205":{"start":{"line":546,"column":20},"end":{"line":546,"column":29}},"206":{"start":{"line":547,"column":2},"end":{"line":549,"column":3}},"207":{"start":{"line":548,"column":4},"end":{"line":548,"column":54}},"208":{"start":{"line":552,"column":2},"end":{"line":558,"column":5}},"209":{"start":{"line":553,"column":4},"end":{"line":553,"column":78}},"210":{"start":{"line":553,"column":54},"end":{"line":553,"column":78}},"211":{"start":{"line":554,"column":4},"end":{"line":554,"column":48}},"212":{"start":{"line":554,"column":28},"end":{"line":554,"column":48}},"213":{"start":{"line":555,"column":4},"end":{"line":555,"column":77}},"214":{"start":{"line":555,"column":55},"end":{"line":555,"column":77}},"215":{"start":{"line":556,"column":4},"end":{"line":556,"column":75}},"216":{"start":{"line":556,"column":53},"end":{"line":556,"column":75}},"217":{"start":{"line":557,"column":4},"end":{"line":557,"column":75}},"218":{"start":{"line":557,"column":53},"end":{"line":557,"column":75}},"219":{"start":{"line":561,"column":21},"end":{"line":563,"column":5}},"220":{"start":{"line":566,"column":16},"end":{"line":566,"column":18}},"221":{"start":{"line":567,"column":2},"end":{"line":569,"column":3}},"222":{"start":{"line":568,"column":4},"end":{"line":568,"column":54}},"223":{"start":{"line":572,"column":20},"end":{"line":572,"column":22}},"224":{"start":{"line":573,"column":2},"end":{"line":583,"column":3}},"225":{"start":{"line":574,"column":20},"end":{"line":574,"column":74}},"226":{"start":{"line":575,"column":4},"end":{"line":579,"column":20}},"227":{"start":{"line":576,"column":19},"end":{"line":576,"column":34}},"228":{"start":{"line":577,"column":16},"end":{"line":577,"column":22}},"229":{"start":{"line":578,"column":22},"end":{"line":578,"column":126}},"230":{"start":{"line":582,"column":4},"end":{"line":582,"column":21}},"231":{"start":{"line":586,"column":17},"end":{"line":586,"column":37}},"232":{"start":{"line":587,"column":2},"end":{"line":589,"column":3}},"233":{"start":{"line":588,"column":4},"end":{"line":588,"column":68}},"234":{"start":{"line":594,"column":30},"end":{"line":594,"column":80}},"235":{"start":{"line":597,"column":20},"end":{"line":597,"column":46}},"236":{"start":{"line":598,"column":2},"end":{"line":608,"column":3}},"237":{"start":{"line":599,"column":20},"end":{"line":599,"column":58}},"238":{"start":{"line":600,"column":4},"end":{"line":605,"column":5}},"239":{"start":{"line":601,"column":18},"end":{"line":601,"column":44}},"240":{"start":{"line":602,"column":6},"end":{"line":604,"column":7}},"241":{"start":{"line":603,"column":8},"end":{"line":603,"column":31}},"242":{"start":{"line":610,"column":2},"end":{"line":627,"column":4}}},"fnMap":{"0":{"name":"detectRepoState","decl":{"start":{"line":13,"column":22},"end":{"line":13,"column":37}},"loc":{"start":{"line":13,"column":40},"end":{"line":37,"column":1}},"line":13},"1":{"name":"(anonymous_1)","decl":{"start":{"line":15,"column":33},"end":{"line":15,"column":34}},"loc":{"start":{"line":15,"column":38},"end":{"line":15,"column":53}},"line":15},"2":{"name":"(anonymous_2)","decl":{"start":{"line":15,"column":59},"end":{"line":15,"column":60}},"loc":{"start":{"line":15,"column":64},"end":{"line":15,"column":70}},"line":15},"3":{"name":"(anonymous_3)","decl":{"start":{"line":16,"column":31},"end":{"line":16,"column":32}},"loc":{"start":{"line":16,"column":36},"end":{"line":16,"column":46}},"line":16},"4":{"name":"(anonymous_4)","decl":{"start":{"line":16,"column":52},"end":{"line":16,"column":53}},"loc":{"start":{"line":16,"column":57},"end":{"line":16,"column":63}},"line":16},"5":{"name":"(anonymous_5)","decl":{"start":{"line":18,"column":36},"end":{"line":18,"column":37}},"loc":{"start":{"line":19,"column":4},"end":{"line":19,"column":106}},"line":19},"6":{"name":"detectIdes","decl":{"start":{"line":43,"column":22},"end":{"line":43,"column":32}},"loc":{"start":{"line":43,"column":62},"end":{"line":106,"column":1}},"line":43},"7":{"name":"detectProjectType","decl":{"start":{"line":112,"column":22},"end":{"line":112,"column":39}},"loc":{"start":{"line":112,"column":42},"end":{"line":127,"column":1}},"line":112},"8":{"name":"detectNodeProjectType","decl":{"start":{"line":132,"column":15},"end":{"line":132,"column":36}},"loc":{"start":{"line":132,"column":39},"end":{"line":178,"column":1}},"line":132},"9":{"name":"detectPythonProjectType","decl":{"start":{"line":183,"column":15},"end":{"line":183,"column":38}},"loc":{"start":{"line":183,"column":70},"end":{"line":217,"column":1}},"line":183},"10":{"name":"(anonymous_10)","decl":{"start":{"line":189,"column":58},"end":{"line":189,"column":59}},"loc":{"start":{"line":189,"column":63},"end":{"line":189,"column":71}},"line":189},"11":{"name":"(anonymous_11)","decl":{"start":{"line":191,"column":21},"end":{"line":191,"column":22}},"loc":{"start":{"line":191,"column":26},"end":{"line":191,"column":46}},"line":191},"12":{"name":"(anonymous_12)","decl":{"start":{"line":192,"column":21},"end":{"line":192,"column":22}},"loc":{"start":{"line":192,"column":26},"end":{"line":192,"column":47}},"line":192},"13":{"name":"(anonymous_13)","decl":{"start":{"line":193,"column":21},"end":{"line":193,"column":22}},"loc":{"start":{"line":193,"column":26},"end":{"line":193,"column":45}},"line":193},"14":{"name":"(anonymous_14)","decl":{"start":{"line":194,"column":21},"end":{"line":194,"column":22}},"loc":{"start":{"line":194,"column":26},"end":{"line":194,"column":50}},"line":194},"15":{"name":"(anonymous_15)","decl":{"start":{"line":195,"column":21},"end":{"line":195,"column":22}},"loc":{"start":{"line":195,"column":26},"end":{"line":195,"column":70}},"line":195},"16":{"name":"(anonymous_16)","decl":{"start":{"line":196,"column":21},"end":{"line":196,"column":22}},"loc":{"start":{"line":196,"column":26},"end":{"line":196,"column":45}},"line":196},"17":{"name":"inferStackFromDependencies","decl":{"start":{"line":223,"column":22},"end":{"line":223,"column":48}},"loc":{"start":{"line":223,"column":51},"end":{"line":235,"column":1}},"line":223},"18":{"name":"inferStarterSkills","decl":{"start":{"line":240,"column":16},"end":{"line":240,"column":34}},"loc":{"start":{"line":240,"column":71},"end":{"line":270,"column":1}},"line":240},"19":{"name":"(anonymous_19)","decl":{"start":{"line":246,"column":20},"end":{"line":246,"column":21}},"loc":{"start":{"line":246,"column":30},"end":{"line":246,"column":72}},"line":246},"20":{"name":"(anonymous_20)","decl":{"start":{"line":246,"column":51},"end":{"line":246,"column":52}},"loc":{"start":{"line":246,"column":56},"end":{"line":246,"column":71}},"line":246},"21":{"name":"gatherContext","decl":{"start":{"line":276,"column":22},"end":{"line":276,"column":35}},"loc":{"start":{"line":276,"column":52},"end":{"line":523,"column":1}},"line":276},"22":{"name":"analyzeProjectForIdeation","decl":{"start":{"line":529,"column":22},"end":{"line":529,"column":47}},"loc":{"start":{"line":529,"column":77},"end":{"line":628,"column":1}},"line":529},"23":{"name":"(anonymous_23)","decl":{"start":{"line":552,"column":64},"end":{"line":552,"column":65}},"loc":{"start":{"line":552,"column":71},"end":{"line":558,"column":3}},"line":552},"24":{"name":"(anonymous_24)","decl":{"start":{"line":576,"column":14},"end":{"line":576,"column":15}},"loc":{"start":{"line":576,"column":19},"end":{"line":576,"column":34}},"line":576},"25":{"name":"(anonymous_25)","decl":{"start":{"line":577,"column":11},"end":{"line":577,"column":12}},"loc":{"start":{"line":577,"column":16},"end":{"line":577,"column":22}},"line":577},"26":{"name":"(anonymous_26)","decl":{"start":{"line":578,"column":14},"end":{"line":578,"column":15}},"loc":{"start":{"line":578,"column":22},"end":{"line":578,"column":126}},"line":578}},"branchMap":{"0":{"loc":{"start":{"line":25,"column":4},"end":{"line":30,"column":33}},"type":"binary-expr","locations":[{"start":{"line":25,"column":4},"end":{"line":25,"column":31}},{"start":{"line":26,"column":4},"end":{"line":26,"column":34}},{"start":{"line":27,"column":4},"end":{"line":27,"column":33}},{"start":{"line":28,"column":4},"end":{"line":28,"column":58}},{"start":{"line":29,"column":4},"end":{"line":29,"column":36}},{"start":{"line":30,"column":4},"end":{"line":30,"column":33}}],"line":25},"1":{"loc":{"start":{"line":33,"column":15},"end":{"line":33,"column":70}},"type":"binary-expr","locations":[{"start":{"line":33,"column":15},"end":{"line":33,"column":38}},{"start":{"line":33,"column":42},"end":{"line":33,"column":52}},{"start":{"line":33,"column":56},"end":{"line":33,"column":70}}],"line":33},"2":{"loc":{"start":{"line":34,"column":22},"end":{"line":34,"column":73}},"type":"binary-expr","locations":[{"start":{"line":34,"column":22},"end":{"line":34,"column":31}},{"start":{"line":34,"column":35},"end":{"line":34,"column":56}},{"start":{"line":34,"column":60},"end":{"line":34,"column":73}}],"line":34},"3":{"loc":{"start":{"line":43,"column":33},"end":{"line":43,"column":60}},"type":"default-arg","locations":[{"start":{"line":43,"column":47},"end":{"line":43,"column":60}}],"line":43},"4":{"loc":{"start":{"line":47,"column":2},"end":{"line":54,"column":3}},"type":"if","locations":[{"start":{"line":47,"column":2},"end":{"line":54,"column":3}},{"start":{},"end":{}}],"line":47},"5":{"loc":{"start":{"line":57,"column":2},"end":{"line":64,"column":3}},"type":"if","locations":[{"start":{"line":57,"column":2},"end":{"line":64,"column":3}},{"start":{},"end":{}}],"line":57},"6":{"loc":{"start":{"line":67,"column":2
[...]
14,"69":13,"70":13,"71":13,"72":1,"73":13,"74":0,"75":0,"76":0,"77":0,"78":0,"79":0,"80":0,"81":0,"82":0,"83":0,"84":0,"85":0,"86":8,"87":8,"88":24,"89":0,"90":24,"91":15,"92":0,"93":15,"94":15,"95":0,"96":15,"97":15,"98":15,"99":8,"100":8,"101":8,"102":8,"103":8,"104":11,"105":11,"106":8,"107":8,"108":8,"109":8,"110":8,"111":8,"112":11,"113":11,"114":11,"115":11,"116":13,"117":13,"118":11,"119":11,"120":13,"121":13,"122":8,"123":8,"124":8,"125":8,"126":8,"127":8,"128":8,"129":8,"130":8,"131":8,"132":8,"133":8,"134":2,"135":2,"136":20,"137":20,"138":20,"139":2,"140":2,"141":2,"142":2,"143":2,"144":2,"145":2,"146":0,"147":0,"148":0,"149":0,"150":0,"151":23,"152":2,"153":2,"154":2,"155":1,"156":1,"157":2,"158":2,"159":2,"160":2,"161":2,"162":2,"163":2,"164":2,"165":2,"166":2,"167":2,"168":0,"169":0,"170":0,"171":0,"172":0,"173":0,"174":0,"175":0,"176":0,"177":0,"178":0,"179":0,"180":0,"181":0,"182":0,"183":0,"184":0,"185":0,"186":0,"187":0,"188":0,"189":0,"190":0,"191":0,"192":0,"193":0,"194":0,"195":0,"196":0,"197":0,"198":0,"199":0,"200":0,"201":0,"202":0,"203":0,"204":0,"205":0,"206":0,"207":0,"208":0,"209":0,"210":0,"211":0,"212":0,"213":0},"f":{"0":6,"1":5,"2":12,"3":11,"4":21,"5":15,"6":13,"7":13,"8":0,"9":0,"10":0,"11":8,"12":24,"13":8,"14":8,"15":2,"16":20,"17":2,"18":2,"19":2,"20":0,"21":0,"22":23,"23":2,"24":1,"25":0,"26":0,"27":0,"28":0,"29":0},"b":{"0":[5,5],"1":[5,5],"2":[5,5],"3":[5,5],"4":[5,5],"5":[5,5],"6":[5,5],"7":[1,11],"8":[9,0],"9":[9,0],"10":[1,8],"11":[9,0],"12":[1,8],"13":[1,8],"14":[9,8],"15":[0],"16":[1,10],"17":[11,10],"18":[1,9],"19":[6,3],"20":[6,0],"21":[6,0],"22":[6,0],"23":[3,0],"24":[3,2,2],"25":[2,1],"26":[1,1],"27":[2,1],"28":[2,0],"29":[1,20],"30":[21,21],"31":[32,14],"32":[16,4],"33":[15,14],"34":[13,0],"35":[13,1],"36":[13,0],"37":[13,0],"38":[13,0],"39":[13,0],"40":[13,12],"41":[0,0],"42":[0,0],"43":[0,0],"44":[0,0],"45":[0,0],"46":[0,0],"47":[0,0],"48":[0,24],"49":[0,15],"50":[15,15],"51":[15,0],"52":[0,15],"53":[15,0],"54":[15,4],"55":[11,0],"56":[11,8],"57":[11,0],"58":[13,0],"59":[13,10],"60":[11,0],"61":[13,0],"62":[13,11],"63":[0],"64":[8,0],"65":[8,0],"66":[8,0],"67":[8,0],"68":[2,18],"69":[2,18],"70":[2,1],"71":[2,2],"72":[2,2],"73":[2,0],"74":[0,0],"75":[0,0],"76":[0,0],"77":[0],"78":[1,1],"79":[1,1],"80":[1,1],"81":[0],"82":[0],"83":[0],"84":[0],"85":[0],"86":[0],"87":[0],"88":[0,0],"89":[0,0],"90":[0,0],"91":[0,0],"92":[0,0],"93":[0,0],"94":[0,0],"95":[0,0],"96":[0,0],"97":[0,0]},"_coverageSchema":"1a1c01bbd47fc00a2c39e90264f33305004495a9","hash":"615d99aa3cc4e61f4cb313d3cd3d5f8e3ed0ca70"}
,"/Users/jimmychavada/Documents/Rosetta/lib/visualizers/skill-card.js": {"path":"/Users/jimmychavada/Documents/Rosetta/lib/visualizers/skill-card.js","statementMap":{"0":{"start":{"line":10,"column":21},"end":{"line":10,"column":40}},"1":{"start":{"line":11,"column":21},"end":{"line":11,"column":56}},"2":{"start":{"line":12,"column":16},"end":{"line":12,"column":72}},"3":{"start":{"line":13,"column":2},"end":{"line":13,"column":67}},"4":{"start":{"line":23,"column":2},"end":{"line":25,"column":3}},"5":{"start":{"line":24,"column":4},"end":{"line":24,"column":53}},"6":{"start":{"line":27,"column":2},"end":{"line":30,"column":14}},"7":{"start":{"line":28,"column":18},"end":{"line":28,"column":79}},"8":{"start":{"line":29,"column":4},"end":{"line":29,"column":65}},"9":{"start":{"line":40,"column":2},"end":{"line":42,"column":3}},"10":{"start":{"line":41,"column":4},"end":{"line":41,"column":50}},"11":{"start":{"line":44,"column":2},"end":{"line":46,"column":14}},"12":{"start":{"line":45,"column":4},"end":{"line":45,"column":67}},"13":{"start":{"line":57,"column":2},"end":{"line":57,"column":30}},"14":{"start":{"line":57,"column":20},"end":{"line":57,"column":30}},"15":{"start":{"line":58,"column":2},"end":{"line":58,"column":58}},"16":{"start":{"line":58,"column":39},"end":{"line":58,"column":58}},"17":{"start":{"line":59,"column":2},"end":{"line":59,"column":49}},"18":{"start":{"line":78,"column":2},"end":{"line":80,"column":3}},"19":{"start":{"line":79,"column":4},"end":{"line":79,"column":14}},"20":{"start":{"line":94,"column":6},"end":{"line":94,"column":11}},"21":{"start":{"line":96,"column":17},"end":{"line":96,"column":31}},"22":{"start":{"line":97,"column":19},"end":{"line":97,"column":50}},"23":{"start":{"line":98,"column":26},"end":{"line":98,"column":49}},"24":{"start":{"line":99,"column":21},"end":{"line":99,"column":39}},"25":{"start":{"line":100,"column":22},"end":{"line":100,"column":41}},"26":{"start":{"line":103,"column":19},"end":{"line":105,"column":11}},"27":{"start":{"line":106,"column":23},"end":{"line":106,"column":43}},"28":{"start":{"line":109,"column":13},"end":{"line":109,"column":114}},"29":{"start":{"line":112,"column":2},"end":{"line":115,"column":10}},"30":{"start":{"line":118,"column":29},"end":{"line":118,"column":94}},"31":{"start":{"line":119,"column":2},"end":{"line":119,"column":65}},"32":{"start":{"line":122,"column":2},"end":{"line":131,"column":10}},"33":{"start":{"line":134,"column":2},"end":{"line":182,"column":3}},"34":{"start":{"line":136,"column":4},"end":{"line":145,"column":5}},"35":{"start":{"line":137,"column":6},"end":{"line":139,"column":14}},"36":{"start":{"line":140,"column":6},"end":{"line":142,"column":9}},"37":{"start":{"line":141,"column":8},"end":{"line":141,"column":50}},"38":{"start":{"line":143,"column":6},"end":{"line":144,"column":14}},"39":{"start":{"line":148,"column":4},"end":{"line":157,"column":5}},"40":{"start":{"line":149,"column":6},"end":{"line":151,"column":14}},"41":{"start":{"line":152,"column":6},"end":{"line":154,"column":9}},"42":{"start":{"line":153,"column":8},"end":{"line":153,"column":50}},"43":{"start":{"line":155,"column":6},"end":{"line":156,"column":14}},"44":{"start":{"line":160,"column":4},"end":{"line":169,"column":5}},"45":{"start":{"line":161,"column":6},"end":{"line":163,"column":28}},"46":{"start":{"line":164,"column":6},"end":{"line":166,"column":9}},"47":{"start":{"line":165,"column":8},"end":{"line":165,"column":62}},"48":{"start":{"line":167,"column":6},"end":{"line":168,"column":14}},"49":{"start":{"line":172,"column":4},"end":{"line":178,"column":5}},"50":{"start":{"line":173,"column":6},"end":{"line":177,"column":14}},"51":{"start":{"line":181,"column":4},"end":{"line":181,"column":94}},"52":{"start":{"line":184,"column":2},"end":{"line":184,"column":19}},"53":{"start":{"line":186,"column":2},"end":{"line":186,"column":14}}},"fnMap":{"0":{"name":"getStatusBadge","decl":{"start":{"line":9,"column":9},"end":{"line":9,"column":23}},"loc":{"start":{"line":9,"column":32},"end":{"line":14,"column":1}},"line":9},"1":{"name":"renderIdeBadges","decl":{"start":{"line":22,"column":9},"end":{"line":22,"column":24}},"loc":{"start":{"line":22,"column":31},"end":{"line":31,"column":1}},"line":22},"2":{"name":"(anonymous_2)","decl":{"start":{"line":27,"column":18},"end":{"line":27,"column":19}},"loc":{"start":{"line":27,"column":25},"end":{"line":30,"column":3}},"line":27},"3":{"name":"renderDomainTags","decl":{"start":{"line":39,"column":9},"end":{"line":39,"column":25}},"loc":{"start":{"line":39,"column":35},"end":{"line":47,"column":1}},"line":39},"4":{"name":"(anonymous_4)","decl":{"start":{"line":44,"column":21},"end":{"line":44,"column":22}},"loc":{"start":{"line":44,"column":31},"end":{"line":46,"column":3}},"line":44},"5":{"name":"truncateDescription","decl":{"start":{"line":56,"column":9},"end":{"line":56,"column":28}},"loc":{"start":{"line":56,"column":59},"end":{"line":60,"column":1}},"line":56},"6":{"name":"renderSkillCard","decl":{"start":{"line":77,"column":16},"end":{"line":77,"column":31}},"loc":{"start":{"line":77,"column":57},"end":{"line":187,"column":1}},"line":77},"7":{"name":"(anonymous_7)","decl":{"start":{"line":140,"column":23},"end":{"line":140,"column":24}},"loc":{"start":{"line":140,"column":34},"end":{"line":142,"column":7}},"line":140},"8":{"name":"(anonymous_8)","decl":{"start":{"line":152,"column":23},"end":{"line":152,"column":24}},"loc":{"start":{"line":152,"column":34},"end":{"line":154,"column":7}},"line":152},"9":{"name":"(anonymous_9)","decl":{"start":{"line":164,"column":19},"end":{"line":164,"column":20}},"loc":{"start":{"line":164,"column":26},"end":{"line":166,"column":7}},"line":164}},"branchMap":{"0":{"loc":{"start":{"line":10,"column":21},"end":{"line":10,"column":40}},"type":"binary-expr","locations":[{"start":{"line":10,"column":21},"end":{"line":10,"column":27}},{"start":{"line":10,"column":31},"end":{"line":10,"column":40}}],"line":10},"1":{"loc":{"start":{"line":23,"column":2},"end":{"line":25,"column":3}},"type":"if","locations":[{"start":{"line":23,"column":2},"end":{"line":25,"column":3}},{"start":{},"end":{}}],"line":23},"2":{"loc":{"start":{"line":23,"column":6},"end":{"line":23,"column":47}},"type":"binary-expr","locations":[{"start":{"line":23,"column":6},"end":{"line":23,"column":26}},{"start":{"line":23,"column":30},"end":{"line":23,"column":47}}],"line":23},"3":{"loc":{"start":{"line":40,"column":2},"end":{"line":42,"column":3}},"type":"if","locations":[{"start":{"line":40,"column":2},"end":{"line":42,"column":3}},{"start":{},"end":{}}],"line":40},"4":{"loc":{"start":{"line":40,"column":6},"end":{"line":40,"column":53}},"type":"binary-expr","locations":[{"start":{"line":40,"column":6},"end":{"line":40,"column":29}},{"start":{"line":40,"column":33},"end":{"line":40,"column":53}}],"line":40},"5":{"loc":{"start":{"line":56,"column":42},"end":{"line":56,"column":57}},"type":"default-arg","locations":[{"start":{"line":56,"column":54},"end":{"line":56,"column":57}}],"line":56},"6":{"loc":{"start":{"line":57,"column":2},"end":{"line":57,"column":30}},"type":"if","locations":[{"start":{"line":57,"column":2},"end":{"line":57,"column":30}},{"start":{},"end":{}}],"line":57},"7":{"loc":{"start":{"line":58,"column":2},"end":{"line":58,"column":58}},"type":"if","locations":[{"start":{"line":58,"column":2},"end":{"line":58,"column":58}},{"start":{},"end":{}}],"line":58},"8":{"loc":{"start":{"line":77,"column":39},"end":{"line":77,"column":55}},"type":"default-arg","locations":[{"start":{"line":77,"column":50},"end":{"line":77,"column":55}}],"line":77},"9":{"loc":{"start":{"line":78,"column":2},"end":{"line":80,"column":3}},"type":"if","locations":[{"start":{"line":78,"column":2},"end":{"line":80,"column":3}},{"start":{},"end":{}}],"line":78},"10":{"loc":{"start":{"line":78,"column":6},"end":{"line":78,"column":41}},"type":"binary-expr","locations":[{"start":{"line":78,"column":6},"end":{"line":78,"column":12}},{"start":{"line":78,"column":16},"end":{"line":78,"column":41}}],"line":78},"11":{"loc":{"start":{"line":83,"column":4},"end":{"line":83,"column":11}},"type":"default-arg","locations":[{"start":{"line":83,"column":9},"end":{"line":83,"column":11}}],"line":83},"12":{"loc":{"start":{"line":84,"column":4},"end":{"line":84,"column":13}},"type":"default-arg","locations":[{"start":{"line":84,"column":11},"end":{"line":84,"column":13}}],"line":84},"13":{"loc":{"start":{"line":86,"column":4},"end":{"line":86,"column":20}},"type":"default-arg","locations":[{"start":{"line":86,"column":18},"end":{"line":86,"column":20}}],"line":86},"14":{"loc":{"start":{"line":87,"column":4},"end":{"line":87,"column":22}},"type":"default-arg","locations":[{"start":{"line":87,"column":13},"end":{"line":87,"column":22}}],"line":87},"15":{"loc":{"start":{"line":88,"column":4},"end":{"line":88,"column":25}},"type":"default-arg","locations":[{"start":{"line":88,"column":23},"end":{"line":88,"column":25}}],"line":88},"16":{"loc":{"start":{"line":89,"column":4},"end":{"line":89,"column":16}},"type":"default-arg","locations":[{"start":{"line":89,"column":14},"end":{"line":89,"column":16}}],"line":89},"17":{"loc":{"start":{"line":90,"column":4},"end":{"line":90,"column":13}},"type":"default-arg","locations":[{"start":{"line":90,"column":11},"end":{"line":90,"column":13}}],"line":90},"18":{"loc":{"start":{"line":91,"column":4},"end":{"line":91,"column":17}},"type":"default-arg","locations":[{"start":{"line":91,"column":15},"end":{"line":91,"column":17}}],"line":91},"19":{"loc":{"start":{"line":92,"column":4},"end":{"line":92,"column":17}},"type":"default-arg","locations":[{"start":{"line":92,"column":15},"end":{"line":92,"column":17}}],"line":92},"20":{"loc":{"start":{"line":93,"column":4},"end":{"line":93,"column":16}},"type":"default-arg","locations":[{"start":{"line":93,"column":14},"end":{"line":93,"column":16}}],"line":93},"21":{"loc":{"start":{"line":97,"column":30},"end":{"line":97,"column":49}},"type":"binary-expr","locations":[{"start":{"line":97,"column":30},"end":{"line":97,"column":41}},{"start":{"line":97,"column":45},"end":{"line":97,"column":49}}],"line":97},"22":{"loc":{"start":{"line":103,"column":19},"end":{"line":105,"column":11}},"type":"cond-expr","locations":[{"start":{"line":104,"column":6},"end":{"line":104,"column":25}},{"start":{"line":105,"column":6},"end":{"line":105,"column":11}}],"line":103},"23":{"loc":{"start":{"line":103,"column":19},"end":{"line":103,"column":81}},"type":"binary-expr","locations":[{"start":{"line":103,"column":19},"end":{"line":103,"column":50}},{"start":{"line":103,"column":54},"end":{"line":103,"column":81}}],"line":103},"24":{"loc":{"start":{"line":118,"column":29},"end":{"line":118,"column":94}},"type":"cond-expr","locations":[{"start":{"line":118,"column":40},"end":{"line":118,"column":55}},{"start":{"line":118,"column":58},"end":{"line":118,"column":94}}],"line":118},"25":{"loc":{"start":{"line":134,"column":2},"end":{"line":182,"column":3}},"type":"if","locations":[{"start":{"line":134,"column":2},"end":{"line":182,"column":3}},{"start":{},"end":{}}],"line":134},"26":{"loc":{"start":{"line":136,"column":4},"end":{"line":145,"column":5}},"type":"if","locations":[{"start":{"line":136,"column":4},"end":{"line":145,"column":5}},{"start":{},"end":{}}],"line":136},"27":{"loc":{"start":{"line":136,"column":8},"end":{"line":136,"column":54}},"type":"binary-expr","locations":[{"start":{"line":136,"column":8},"end":{"line":136,"column":31}},{"start":{"line":136,"column":35},"end":{"line":136,"column":54}}],"line":136},"28":{"loc":{"start":{"line":148,"column":4},"end":{"line":157,"column":5}},"type":"if","locations":[{"start":{"line":148,"column":4},"end":{"line":157,"column":5}},{"start":{},"end":{}}],"line":148},"29":{"loc":{"start":{"line":148,"column":8},"end":{"line":148,"column":54}},"type":"binary-expr","locations":[{"start":{"line":148,"column":8},"end":{"line":148,"column":31}},{"start":{"line":148,"column":35},"end":{"line":148,"column":54}}],"line":148},"30":{"loc":{"start":{"line":160,"column":4},"end":{"line":169,"column":5}},"type":"if","locations":[{"start":{"line":160,"column":4},"end":{"line":169,"column":5}},{"start":{},"end":{}}],"line":160},"31":{"loc":{"start":{"line":160,"column":8},"end":{"line":160,"column":46}},"type":"binary-expr","locations":[{"start":{"line":160,"column":8},"end":{"line":160,"column":27}},{"start":{"line":160,"column":31},"end":{"line":160,"column":46}}],"line":160},"32":{"loc":{"start":{"line":172,"column":4},"end":{"line":178,"column":5}},"type":"if","locations":[{"start":{"line":172,"column":4},"end":{"line":178,"column":5}},{"start":{},"end":{}}],"line":172}},"s":{"0":14,"1":14,"2":14,"3":14,"4":14,"5":1,"6":13,"7":24,"8":24,"9":14,"10":2,"11":12,"12":24,"13":8,"14":0,"15":8,"16":7,"17":1,"18":14,"19":0,"20":14,"21":14,"22":14,"23":14,"24":14,"25":14,"26":14,"27":14,"28":14,"29":14,"30":14,"31":14,"32":14,"33":14,"34":6,"35":5,"36":5,"37":9,"38":5,"39":6,"40":5,"41":5,"42":9,"43":5,"44":6,"45":5,"46":5,"47":14,"48":5,"49":6,"50":5,"51":6,"52":14,"53":14},"f":{"0":14,"1":14,"2":24,"3":14,"4":24,"5":8,"6":14,"7":9,"8":9,"9":14},"b":{"0":[14,0],"1":[1,13],"2":[14,14],"3":[2,12],"4":[14,14],"5":[8],"6":[0,8],"7":[7,1],"8":[0],"9":[0,14],"10":[14,14],"11":[0],"12":[0],"13":[0],"14":[0],"15":[0],"16":[0],"17":[0],"18":[0],"19":[0],"20":[0],"21":[14,3],"22":[13,1],"23":[14,14],"24":[6,8],"25":[6,8],"26":[5,1],"27":[6,6],"28":[5,1],"29":[6,6],"30":[5,1],"31":[6,6],"32":[5,1]},"_coverageSchema":"1a1c01bbd47fc00a2c39e90264f33305004495a9","hash":"7f7fe3cae26ed66bbd57c9a59202634781f9b2cd"}
,"/Users/jimmychavada/Documents/Rosetta/lib/visualizers/template.js": {"path":"/Users/jimmychavada/Documents/Rosetta/lib/visualizers/template.js","statementMap":{"0":{"start":{"line":5,"column":19},"end":{"line":5,"column":49}},"1":{"start":{"line":6,"column":18},"end":{"line":6,"column":42}},"2":{"start":{"line":8,"column":22},"end":{"line":8,"column":59}},"3":{"start":{"line":15,"column":2},"end":{"line":15,"column":50}}},"fnMap":{"0":{"name":"getTemplateString","decl":{"start":{"line":14,"column":22},"end":{"line":14,"column":39}},"loc":{"start":{"line":14,"column":42},"end":{"line":16,"column":1}},"line":14}},"branchMap":{},"s":{"0":3,"1":3,"2":3,"3":8},"f":{"0":8},"b":{},"_coverageSchema":"1a1c01bbd47fc00a2c39e90264f33305004495a9","hash":"a61b1fc84c1d6e28e9927f689f43daa4057457b4"}
,"/Users/jimmychavada/Documents/Rosetta/lib/visualizers/utils.js": {"path":"/Users/jimmychavada/Documents/Rosetta/lib/visualizers/utils.js","statementMap":{"0":{"start":{"line":7,"column":19},"end":{"line":7,"column":49}},"1":{"start":{"line":8,"column":18},"end":{"line":8,"column":42}},"2":{"start":{"line":18,"column":2},"end":{"line":23,"column":29}},"3":{"start":{"line":34,"column":2},"end":{"line":37,"column":35}},"4":{"start":{"line":48,"column":2},"end":{"line":53,"column":3}},"5":{"start":{"line":49,"column":20},"end":{"line":49,"column":55}},"6":{"start":{"line":50,"column":4},"end":{"line":50,"column":19}},"7":{"start":{"line":52,"column":4},"end":{"line":52,"column":85}},"8":{"start":{"line":64,"column":2},"end":{"line":86,"column":3}},"9":{"start":{"line":65,"column":25},"end":{"line":65,"column":47}},"10":{"start":{"line":66,"column":16},"end":{"line":66,"column":40}},"11":{"start":{"line":69,"column":4},"end":{"line":81,"column":5}},"12":{"start":{"line":71,"column":8},"end":{"line":71,"column":34}},"13":{"start":{"line":72,"column":8},"end":{"line":72,"column":14}},"14":{"start":{"line":74,"column":8},"end":{"line":74,"column":35}},"15":{"start":{"line":75,"column":8},"end":{"line":75,"column":14}},"16":{"start":{"line":77,"column":8},"end":{"line":77,"column":38}},"17":{"start":{"line":78,"column":8},"end":{"line":78,"column":14}},"18":{"start":{"line":80,"column":8},"end":{"line":80,"column":38}},"19":{"start":{"line":83,"column":4},"end":{"line":83,"column":43}},"20":{"start":{"line":85,"column":4},"end":{"line":85,"column":73}}},"fnMap":{"0":{"name":"escapeHtml","decl":{"start":{"line":17,"column":16},"end":{"line":17,"column":26}},"loc":{"start":{"line":17,"column":32},"end":{"line":24,"column":1}},"line":17},"1":{"name":"escapeJsonForScript","decl":{"start":{"line":33,"column":16},"end":{"line":33,"column":35}},"loc":{"start":{"line":33,"column":48},"end":{"line":38,"column":1}},"line":33},"2":{"name":"readTemplate","decl":{"start":{"line":47,"column":22},"end":{"line":47,"column":34}},"loc":{"start":{"line":47,"column":45},"end":{"line":54,"column":1}},"line":47},"3":{"name":"openBrowser","decl":{"start":{"line":63,"column":16},"end":{"line":63,"column":27}},"loc":{"start":{"line":63,"column":38},"end":{"line":87,"column":1}},"line":63}},"branchMap":{"0":{"loc":{"start":{"line":69,"column":4},"end":{"line":81,"column":5}},"type":"switch","locations":[{"start":{"line":70,"column":6},"end":{"line":72,"column":14}},{"start":{"line":73,"column":6},"end":{"line":75,"column":14}},{"start":{"line":76,"column":6},"end":{"line":78,"column":14}},{"start":{"line":79,"column":6},"end":{"line":80,"column":38}}],"line":69}},"s":{"0":4,"1":4,"2":212,"3":8,"4":3,"5":3,"6":1,"7":2,"8":6,"9":6,"10":6,"11":6,"12":4,"13":4,"14":1,"15":1,"16":1,"17":1,"18":0,"19":6,"20":1},"f":{"0":212,"1":8,"2":3,"3":6},"b":{"0":[4,1,1,0]},"_coverageSchema":"1a1c01bbd47fc00a2c39e90264f33305004495a9","hash":"11096f87e625cb32bfdcac619c4afd7440e1d273"}
}
