TN:
SF:lib/catalog.js
FN:53,validateType
FN:77,validateSkill
FN:134,(anonymous_2)
FN:142,(anonymous_3)
FN:153,(anonymous_4)
FN:171,validateCatalog
FN:200,(anonymous_6)
FN:208,(anonymous_7)
FN:215,(anonymous_8)
FN:216,(anonymous_9)
FN:234,loadCatalog
FN:246,(anonymous_11)
FN:269,searchCatalog
FN:283,(anonymous_13)
FN:287,(anonymous_14)
FN:288,(anonymous_15)
FN:303,(anonymous_16)
FN:311,(anonymous_17)
FN:319,(anonymous_18)
FN:327,(anonymous_19)
FN:328,(anonymous_20)
FN:337,(anonymous_21)
FN:338,(anonymous_22)
FN:347,(anonymous_23)
FN:354,(anonymous_24)
FN:358,(anonymous_25)
FN:363,(anonymous_26)
FN:368,(anonymous_27)
FN:388,filterByDomain
FN:396,(anonymous_29)
FN:398,(anonymous_30)
FN:399,(anonymous_31)
FN:403,(anonymous_32)
FN:406,(anonymous_33)
FN:418,getSkillByUrl
FN:423,(anonymous_35)
FN:457,getSkillByName
FN:462,(anonymous_37)
FN:471,getDomains
FN:475,(anonymous_39)
FN:486,getTags
FN:490,(anonymous_41)
FN:503,getSkillsByStars
FN:511,(anonymous_43)
FN:525,getSkillsByCapability
FN:530,(anonymous_45)
FN:531,(anonymous_46)
FN:542,getSkillsByDependency
FN:547,(anonymous_48)
FN:548,(anonymous_49)
FN:557,validateCatalogFile
FNF:51
FNH:0
FNDA:0,validateType
FNDA:0,validateSkill
FNDA:0,(anonymous_2)
FNDA:0,(anonymous_3)
FNDA:0,(anonymous_4)
FNDA:0,validateCatalog
FNDA:0,(anonymous_6)
FNDA:0,(anonymous_7)
FNDA:0,(anonymous_8)
FNDA:0,(anonymous_9)
FNDA:0,loadCatalog
FNDA:0,(anonymous_11)
FNDA:0,searchCatalog
FNDA:0,(anonymous_13)
FNDA:0,(anonymous_14)
FNDA:0,(anonymous_15)
FNDA:0,(anonymous_16)
FNDA:0,(anonymous_17)
FNDA:0,(anonymous_18)
FNDA:0,(anonymous_19)
FNDA:0,(anonymous_20)
FNDA:0,(anonymous_21)
FNDA:0,(anonymous_22)
FNDA:0,(anonymous_23)
FNDA:0,(anonymous_24)
FNDA:0,(anonymous_25)
FNDA:0,(anonymous_26)
FNDA:0,(anonymous_27)
FNDA:0,filterByDomain
FNDA:0,(anonymous_29)
FNDA:0,(anonymous_30)
FNDA:0,(anonymous_31)
FNDA:0,(anonymous_32)
FNDA:0,(anonymous_33)
FNDA:0,getSkillByUrl
FNDA:0,(anonymous_35)
FNDA:0,getSkillByName
FNDA:0,(anonymous_37)
FNDA:0,getDomains
FNDA:0,(anonymous_39)
FNDA:0,getTags
FNDA:0,(anonymous_41)
FNDA:0,getSkillsByStars
FNDA:0,(anonymous_43)
FNDA:0,getSkillsByCapability
FNDA:0,(anonymous_45)
FNDA:0,(anonymous_46)
FNDA:0,getSkillsByDependency
FNDA:0,(anonymous_48)
FNDA:0,(anonymous_49)
FNDA:0,validateCatalogFile
DA:5,1
DA:6,1
DA:16,1
DA:21,1
DA:29,1
DA:54,0
DA:55,0
DA:58,0
DA:60,0
DA:62,0
DA:64,0
DA:66,0
DA:68,0
DA:78,0
DA:80,0
DA:81,0
DA:82,0
DA:83,0
DA:86,0
DA:87,0
DA:92,0
DA:93,0
DA:96,0
DA:97,0
DA:100,0
DA:101,0
DA:104,0
DA:105,0
DA:106,0
DA:107,0
DA:111,0
DA:112,0
DA:115,0
DA:116,0
DA:117,0
DA:118,0
DA:122,0
DA:123,0
DA:124,0
DA:125,0
DA:130,0
DA:131,0
DA:132,0
DA:134,0
DA:135,0
DA:136,0
DA:141,0
DA:142,0
DA:143,0
DA:144,0
DA:149,0
DA:150,0
DA:151,0
DA:153,0
DA:154,0
DA:155,0
DA:160,0
DA:172,0
DA:175,0
DA:176,0
DA:177,0
DA:178,0
DA:181,0
DA:182,0
DA:187,0
DA:188,0
DA:189,0
DA:190,0
DA:195,0
DA:196,0
DA:197,0
DA:200,0
DA:201,0
DA:202,0
DA:203,0
DA:206,0
DA:207,0
DA:208,0
DA:209,0
DA:215,0
DA:216,0
DA:217,0
DA:218,0
DA:222,0
DA:235,0
DA:236,0
DA:237,0
DA:238,0
DA:241,0
DA:244,0
DA:245,0
DA:246,0
DA:247,0
DA:250,0
DA:252,0
DA:253,0
DA:255,0
DA:274,0
DA:276,0
DA:277,0
DA:280,0
DA:281,0
DA:283,0
DA:284,0
DA:285,0
DA:286,0
DA:287,0
DA:288,0
DA:290,0
DA:300,0
DA:301,0
DA:302,0
DA:303,0
DA:304,0
DA:305,0
DA:309,0
DA:310,0
DA:311,0
DA:312,0
DA:313,0
DA:317,0
DA:318,0
DA:319,0
DA:320,0
DA:321,0
DA:325,0
DA:326,0
DA:327,0
DA:328,0
DA:329,0
DA:330,0
DA:335,0
DA:336,0
DA:337,0
DA:338,0
DA:339,0
DA:340,0
DA:345,0
DA:346,0
DA:347,0
DA:348,0
DA:349,0
DA:353,0
DA:354,0
DA:357,0
DA:358,0
DA:361,0
DA:362,0
DA:363,0
DA:366,0
DA:367,0
DA:368,0
DA:373,0
DA:374,0
DA:377,0
DA:392,0
DA:394,0
DA:395,0
DA:396,0
DA:398,0
DA:399,0
DA:401,0
DA:403,0
DA:406,0
DA:419,0
DA:421,0
DA:423,0
DA:425,0
DA:426,0
DA:430,0
DA:431,0
DA:435,0
DA:436,0
DA:439,0
DA:440,0
DA:443,0
DA:458,0
DA:460,0
DA:462,0
DA:472,0
DA:474,0
DA:475,0
DA:477,0
DA:487,0
DA:489,0
DA:490,0
DA:492,0
DA:508,0
DA:510,0
DA:511,0
DA:512,0
DA:515,0
DA:526,0
DA:528,0
DA:530,0
DA:531,0
DA:543,0
DA:545,0
DA:547,0
DA:548,0
DA:558,0
DA:559,0
DA:560,0
DA:561,0
DA:567,0
DA:568,0
DA:570,0
LF:207
LH:5
BRDA:54,0,0,0
BRDA:54,0,1,0
BRDA:54,1,0,0
BRDA:54,1,1,0
BRDA:58,2,0,0
BRDA:58,2,1,0
BRDA:58,2,2,0
BRDA:58,2,3,0
BRDA:58,2,4,0
BRDA:62,3,0,0
BRDA:62,3,1,0
BRDA:81,4,0,0
BRDA:81,4,1,0
BRDA:86,5,0,0
BRDA:86,5,1,0
BRDA:92,6,0,0
BRDA:92,6,1,0
BRDA:92,7,0,0
BRDA:92,7,1,0
BRDA:92,7,2,0
BRDA:96,8,0,0
BRDA:96,8,1,0
BRDA:96,9,0,0
BRDA:96,9,1,0
BRDA:96,9,2,0
BRDA:100,10,0,0
BRDA:100,10,1,0
BRDA:100,11,0,0
BRDA:100,11,1,0
BRDA:100,11,2,0
BRDA:104,12,0,0
BRDA:104,12,1,0
BRDA:104,13,0,0
BRDA:104,13,1,0
BRDA:106,14,0,0
BRDA:106,14,1,0
BRDA:111,15,0,0
BRDA:111,15,1,0
BRDA:111,16,0,0
BRDA:111,16,1,0
BRDA:111,16,2,0
BRDA:115,17,0,0
BRDA:115,17,1,0
BRDA:115,18,0,0
BRDA:115,18,1,0
BRDA:117,19,0,0
BRDA:117,19,1,0
BRDA:122,20,0,0
BRDA:122,20,1,0
BRDA:122,21,0,0
BRDA:122,21,1,0
BRDA:124,22,0,0
BRDA:124,22,1,0
BRDA:130,23,0,0
BRDA:130,23,1,0
BRDA:130,24,0,0
BRDA:130,24,1,0
BRDA:131,25,0,0
BRDA:131,25,1,0
BRDA:135,26,0,0
BRDA:135,26,1,0
BRDA:141,27,0,0
BRDA:141,27,1,0
BRDA:141,28,0,0
BRDA:141,28,1,0
BRDA:143,29,0,0
BRDA:143,29,1,0
BRDA:149,30,0,0
BRDA:149,30,1,0
BRDA:149,31,0,0
BRDA:149,31,1,0
BRDA:150,32,0,0
BRDA:150,32,1,0
BRDA:154,33,0,0
BRDA:154,33,1,0
BRDA:176,34,0,0
BRDA:176,34,1,0
BRDA:181,35,0,0
BRDA:181,35,1,0
BRDA:187,36,0,0
BRDA:187,36,1,0
BRDA:187,37,0,0
BRDA:187,37,1,0
BRDA:189,38,0,0
BRDA:189,38,1,0
BRDA:195,39,0,0
BRDA:195,39,1,0
BRDA:195,40,0,0
BRDA:195,40,1,0
BRDA:196,41,0,0
BRDA:196,41,1,0
BRDA:201,42,0,0
BRDA:201,42,1,0
BRDA:201,43,0,0
BRDA:201,43,1,0
BRDA:207,44,0,0
BRDA:207,44,1,0
BRDA:217,45,0,0
BRDA:217,45,1,0
BRDA:234,46,0,0
BRDA:237,47,0,0
BRDA:237,47,1,0
BRDA:245,48,0,0
BRDA:245,48,1,0
BRDA:252,49,0,0
BRDA:252,49,1,0
BRDA:252,50,0,0
BRDA:252,50,1,0
BRDA:269,51,0,0
BRDA:271,52,0,0
BRDA:272,53,0,0
BRDA:273,54,0,0
BRDA:280,55,0,0
BRDA:280,55,1,0
BRDA:281,56,0,0
BRDA:281,56,1,0
BRDA:284,57,0,0
BRDA:284,57,1,0
BRDA:285,58,0,0
BRDA:285,58,1,0
BRDA:286,59,0,0
BRDA:286,59,1,0
BRDA:287,60,0,0
BRDA:287,60,1,0
BRDA:288,61,0,0
BRDA:288,61,1,0
BRDA:291,62,0,0
BRDA:291,62,1,0
BRDA:291,62,2,0
BRDA:291,62,3,0
BRDA:291,62,4,0
BRDA:300,63,0,0
BRDA:300,63,1,0
BRDA:300,64,0,0
BRDA:300,64,1,0
BRDA:301,65,0,0
BRDA:301,65,1,0
BRDA:302,66,0,0
BRDA:302,66,1,0
BRDA:304,67,0,0
BRDA:304,67,1,0
BRDA:309,68,0,0
BRDA:309,68,1,0
BRDA:310,69,0,0
BRDA:310,69,1,0
BRDA:312,70,0,0
BRDA:312,70,1,0
BRDA:317,71,0,0
BRDA:317,71,1,0
BRDA:318,72,0,0
BRDA:318,72,1,0
BRDA:320,73,0,0
BRDA:320,73,1,0
BRDA:325,74,0,0
BRDA:325,74,1,0
BRDA:326,75,0,0
BRDA:326,75,1,0
BRDA:329,76,0,0
BRDA:329,76,1,0
BRDA:335,77,0,0
BRDA:335,77,1,0
BRDA:336,78,0,0
BRDA:336,78,1,0
BRDA:339,79,0,0
BRDA:339,79,1,0
BRDA:345,80,0,0
BRDA:345,80,1,0
BRDA:346,81,0,0
BRDA:346,81,1,0
BRDA:348,82,0,0
BRDA:348,82,1,0
BRDA:353,83,0,0
BRDA:353,83,1,0
BRDA:357,84,0,0
BRDA:357,84,1,0
BRDA:361,85,0,0
BRDA:361,85,1,0
BRDA:366,86,0,0
BRDA:366,86,1,0
BRDA:373,87,0,0
BRDA:373,87,1,0
BRDA:388,88,0,0
BRDA:390,89,0,0
BRDA:391,90,0,0
BRDA:395,91,0,0
BRDA:395,91,1,0
BRDA:401,92,0,0
BRDA:401,92,1,0
BRDA:418,93,0,0
BRDA:419,94,0,0
BRDA:425,95,0,0
BRDA:425,95,1,0
BRDA:430,96,0,0
BRDA:430,96,1,0
BRDA:444,97,0,0
BRDA:444,97,1,0
BRDA:457,98,0,0
BRDA:458,99,0,0
BRDA:471,100,0,0
BRDA:472,101,0,0
BRDA:486,102,0,0
BRDA:487,103,0,0
BRDA:503,104,0,0
BRDA:505,105,0,0
BRDA:506,106,0,0
BRDA:507,107,0,0
BRDA:512,108,0,0
BRDA:512,108,1,0
BRDA:515,109,0,0
BRDA:515,109,1,0
BRDA:525,110,0,0
BRDA:526,111,0,0
BRDA:542,112,0,0
BRDA:543,113,0,0
BRDA:557,114,0,0
BRDA:560,115,0,0
BRDA:560,115,1,0
BRF:217
BRH:0
end_of_record
TN:
SF:lib/constants.js
FNF:0
FNH:0
DA:5,2
DA:6,2
DA:11,2
DA:26,2
DA:37,2
DA:38,2
DA:43,2
DA:65,2
DA:99,2
DA:128,2
DA:160,2
LF:11
LH:11
BRF:0
BRH:0
end_of_record
TN:
SF:lib/context.js
FN:13,detectRepoState
FN:15,(anonymous_1)
FN:15,(anonymous_2)
FN:16,(anonymous_3)
FN:16,(anonymous_4)
FN:18,(anonymous_5)
FN:43,detectIdes
FN:112,detectProjectType
FN:132,detectNodeProjectType
FN:183,detectPythonProjectType
FN:189,(anonymous_10)
FN:191,(anonymous_11)
FN:192,(anonymous_12)
FN:193,(anonymous_13)
FN:194,(anonymous_14)
FN:195,(anonymous_15)
FN:196,(anonymous_16)
FN:223,inferStackFromDependencies
FN:240,inferStarterSkills
FN:246,(anonymous_19)
FN:246,(anonymous_20)
FN:276,gatherContext
FN:529,analyzeProjectForIdeation
FN:552,(anonymous_23)
FN:576,(anonymous_24)
FN:577,(anonymous_25)
FN:578,(anonymous_26)
FNF:27
FNH:0
FNDA:0,detectRepoState
FNDA:0,(anonymous_1)
FNDA:0,(anonymous_2)
FNDA:0,(anonymous_3)
FNDA:0,(anonymous_4)
FNDA:0,(anonymous_5)
FNDA:0,detectIdes
FNDA:0,detectProjectType
FNDA:0,detectNodeProjectType
FNDA:0,detectPythonProjectType
FNDA:0,(anonymous_10)
FNDA:0,(anonymous_11)
FNDA:0,(anonymous_12)
FNDA:0,(anonymous_13)
FNDA:0,(anonymous_14)
FNDA:0,(anonymous_15)
FNDA:0,(anonymous_16)
FNDA:0,inferStackFromDependencies
FNDA:0,inferStarterSkills
FNDA:0,(anonymous_19)
FNDA:0,(anonymous_20)
FNDA:0,gatherContext
FNDA:0,analyzeProjectForIdeation
FNDA:0,(anonymous_23)
FNDA:0,(anonymous_24)
FNDA:0,(anonymous_25)
FNDA:0,(anonymous_26)
DA:14,0
DA:15,0
DA:16,0
DA:18,0
DA:19,0
DA:22,0
DA:25,0
DA:32,0
DA:44,0
DA:47,0
DA:48,0
DA:57,0
DA:58,0
DA:67,0
DA:68,0
DA:77,0
DA:78,0
DA:87,0
DA:88,0
DA:97,0
DA:98,0
DA:105,0
DA:113,0
DA:114,0
DA:115,0
DA:116,0
DA:117,0
DA:118,0
DA:120,0
DA:121,0
DA:122,0
DA:123,0
DA:124,0
DA:126,0
DA:133,0
DA:134,0
DA:135,0
DA:136,0
DA:139,0
DA:140,0
DA:141,0
DA:142,0
DA:143,0
DA:144,0
DA:147,0
DA:148,0
DA:149,0
DA:150,0
DA:151,0
DA:152,0
DA:153,0
DA:156,0
DA:157,0
DA:158,0
DA:159,0
DA:160,0
DA:161,0
DA:162,0
DA:165,0
DA:166,0
DA:167,0
DA:168,0
DA:169,0
DA:170,0
DA:171,0
DA:174,0
DA:176,0
DA:184,0
DA:186,0
DA:187,0
DA:188,0
DA:189,0
DA:191,0
DA:192,0
DA:193,0
DA:194,0
DA:195,0
DA:196,0
DA:202,0
DA:203,0
DA:204,0
DA:205,0
DA:206,0
DA:208,0
DA:209,0
DA:210,0
DA:216,0
DA:224,0
DA:225,0
DA:226,0
DA:229,0
DA:230,0
DA:241,0
DA:242,0
DA:243,0
DA:244,0
DA:246,0
DA:248,0
DA:250,0
DA:251,0
DA:254,0
DA:255,0
DA:256,0
DA:259,0
DA:260,0
DA:261,0
DA:264,0
DA:265,0
DA:266,0
DA:269,0
DA:277,0
DA:278,0
DA:280,0
DA:297,0
DA:298,0
DA:302,0
DA:303,0
DA:304,0
DA:305,0
DA:306,0
DA:307,0
DA:310,0
DA:317,0
DA:335,0
DA:338,0
DA:368,0
DA:371,0
DA:372,0
DA:381,0
DA:383,0
DA:386,0
DA:387,0
DA:403,0
DA:404,0
DA:406,0
DA:407,0
DA:411,0
DA:441,0
DA:442,0
DA:445,0
DA:473,0
DA:476,0
DA:500,0
DA:503,0
DA:520,0
DA:522,0
DA:531,0
DA:534,0
DA:537,0
DA:540,0
DA:543,0
DA:546,0
DA:547,0
DA:548,0
DA:552,0
DA:553,0
DA:554,0
DA:555,0
DA:556,0
DA:557,0
DA:561,0
DA:566,0
DA:567,0
DA:568,0
DA:572,0
DA:573,0
DA:574,0
DA:575,0
DA:576,0
DA:577,0
DA:578,0
DA:582,0
DA:586,0
DA:587,0
DA:588,0
DA:594,0
DA:597,0
DA:598,0
DA:599,0
DA:600,0
DA:601,0
DA:602,0
DA:603,0
DA:610,0
LF:184
LH:0
BRDA:25,0,0,0
BRDA:25,0,1,0
BRDA:25,0,2,0
BRDA:25,0,3,0
BRDA:25,0,4,0
BRDA:25,0,5,0
BRDA:33,1,0,0
BRDA:33,1,1,0
BRDA:33,1,2,0
BRDA:34,2,0,0
BRDA:34,2,1,0
BRDA:34,2,2,0
BRDA:43,3,0,0
BRDA:47,4,0,0
BRDA:47,4,1,0
BRDA:57,5,0,0
BRDA:57,5,1,0
BRDA:67,6,0,0
BRDA:67,6,1,0
BRDA:77,7,0,0
BRDA:77,7,1,0
BRDA:87,8,0,0
BRDA:87,8,1,0
BRDA:97,9,0,0
BRDA:97,9,1,0
BRDA:120,10,0,0
BRDA:120,10,1,0
BRDA:121,11,0,0
BRDA:121,11,1,0
BRDA:122,12,0,0
BRDA:122,12,1,0
BRDA:122,13,0,0
BRDA:122,13,1,0
BRDA:123,14,0,0
BRDA:123,14,1,0
BRDA:124,15,0,0
BRDA:124,15,1,0
BRDA:139,16,0,0
BRDA:139,16,1,0
BRDA:140,17,0,0
BRDA:140,17,1,0
BRDA:140,18,0,0
BRDA:140,18,1,0
BRDA:141,19,0,0
BRDA:141,19,1,0
BRDA:141,20,0,0
BRDA:141,20,1,0
BRDA:142,21,0,0
BRDA:142,21,1,0
BRDA:143,22,0,0
BRDA:143,22,1,0
BRDA:144,23,0,0
BRDA:144,23,1,0
BRDA:144,24,0,0
BRDA:144,24,1,0
BRDA:147,25,0,0
BRDA:147,25,1,0
BRDA:148,26,0,0
BRDA:148,26,1,0
BRDA:149,27,0,0
BRDA:149,27,1,0
BRDA:150,28,0,0
BRDA:150,28,1,0
BRDA:151,29,0,0
BRDA:151,29,1,0
BRDA:152,30,0,0
BRDA:152,30,1,0
BRDA:153,31,0,0
BRDA:153,31,1,0
BRDA:153,32,0,0
BRDA:153,32,1,0
BRDA:156,33,0,0
BRDA:156,33,1,0
BRDA:156,34,0,0
BRDA:156,34,1,0
BRDA:157,35,0,0
BRDA:157,35,1,0
BRDA:158,36,0,0
BRDA:158,36,1,0
BRDA:159,37,0,0
BRDA:159,37,1,0
BRDA:160,38,0,0
BRDA:160,38,1,0
BRDA:161,39,0,0
BRDA:161,39,1,0
BRDA:161,40,0,0
BRDA:161,40,1,0
BRDA:162,41,0,0
BRDA:162,41,1,0
BRDA:166,42,0,0
BRDA:166,42,1,0
BRDA:166,43,0,0
BRDA:166,43,1,0
BRDA:168,44,0,0
BRDA:168,44,1,0
BRDA:168,45,0,0
BRDA:168,45,1,0
BRDA:168,45,2,0
BRDA:170,46,0,0
BRDA:170,46,1,0
BRDA:170,47,0,0
BRDA:170,47,1,0
BRDA:170,47,2,0
BRDA:170,47,3,0
BRDA:186,48,0,0
BRDA:186,48,1,0
BRDA:191,49,0,0
BRDA:191,49,1,0
BRDA:192,50,0,0
BRDA:192,50,1,0
BRDA:193,51,0,0
BRDA:193,51,1,0
BRDA:194,52,0,0
BRDA:194,52,1,0
BRDA:195,53,0,0
BRDA:195,53,1,0
BRDA:195,54,0,0
BRDA:195,54,1,0
BRDA:196,55,0,0
BRDA:196,55,1,0
BRDA:202,56,0,0
BRDA:202,56,1,0
BRDA:205,57,0,0
BRDA:205,57,1,0
BRDA:208,58,0,0
BRDA:208,58,1,0
BRDA:209,59,0,0
BRDA:209,59,1,0
BRDA:210,60,0,0
BRDA:210,60,1,0
BRDA:225,61,0,0
BRDA:225,61,1,0
BRDA:231,62,0,0
BRDA:231,62,1,0
BRDA:232,63,0,0
BRDA:232,63,1,0
BRDA:233,64,0,0
BRDA:233,64,1,0
BRDA:240,65,0,0
BRDA:240,66,0,0
BRDA:241,67,0,0
BRDA:241,67,1,0
BRDA:242,68,0,0
BRDA:242,68,1,0
BRDA:243,69,0,0
BRDA:243,69,1,0
BRDA:248,70,0,0
BRDA:248,70,1,0
BRDA:248,71,0,0
BRDA:248,71,1,0
BRDA:251,72,0,0
BRDA:251,72,1,0
BRDA:254,73,0,0
BRDA:254,73,1,0
BRDA:256,74,0,0
BRDA:256,74,1,0
BRDA:259,75,0,0
BRDA:259,75,1,0
BRDA:261,76,0,0
BRDA:261,76,1,0
BRDA:264,77,0,0
BRDA:264,77,1,0
BRDA:264,78,0,0
BRDA:264,78,1,0
BRDA:266,79,0,0
BRDA:266,79,1,0
BRDA:276,80,0,0
BRDA:283,81,0,0
BRDA:283,81,1,0
BRDA:284,82,0,0
BRDA:284,82,1,0
BRDA:285,83,0,0
BRDA:285,83,1,0
BRDA:286,84,0,0
BRDA:286,84,1,0
BRDA:297,85,0,0
BRDA:297,85,1,0
BRDA:302,86,0,0
BRDA:302,86,1,0
BRDA:302,87,0,0
BRDA:302,87,1,0
BRDA:302,87,2,0
BRDA:305,88,0,0
BRDA:305,88,1,0
BRDA:306,89,0,0
BRDA:306,89,1,0
BRDA:307,90,0,0
BRDA:307,90,1,0
BRDA:317,91,0,0
BRDA:317,91,1,0
BRDA:371,92,0,0
BRDA:371,92,1,0
BRDA:386,93,0,0
BRDA:386,93,1,0
BRDA:529,94,0,0
BRDA:547,95,0,0
BRDA:547,95,1,0
BRDA:552,96,0,0
BRDA:552,96,1,0
BRDA:553,97,0,0
BRDA:553,97,1,0
BRDA:553,98,0,0
BRDA:553,98,1,0
BRDA:554,99,0,0
BRDA:554,99,1,0
BRDA:555,100,0,0
BRDA:555,100,1,0
BRDA:555,101,0,0
BRDA:555,101,1,0
BRDA:556,102,0,0
BRDA:556,102,1,0
BRDA:556,103,0,0
BRDA:556,103,1,0
BRDA:557,104,0,0
BRDA:557,104,1,0
BRDA:557,105,0,0
BRDA:557,105,1,0
BRDA:562,106,0,0
BRDA:562,106,1,0
BRDA:567,107,0,0
BRDA:567,107,1,0
BRDA:587,108,0,0
BRDA:587,108,1,0
BRDA:588,109,0,0
BRDA:588,109,1,0
BRDA:594,110,0,0
BRDA:594,110,1,0
BRDA:600,111,0,0
BRDA:600,111,1,0
BRDA:602,112,0,0
BRDA:602,112,1,0
BRF:231
BRH:0
end_of_record
TN:
SF:lib/git-ops.js
FN:11,validateGitAvailable
FN:25,isValidHttpsGitUrl
FN:34,isGitRepository
FN:52,gitClone
FN:89,gitAddRemote
FN:110,(anonymous_5)
FN:142,gitCurrentCommit
FN:170,gitFetch
FN:199,gitCommitsBehind
FNF:9
FNH:9
FNDA:7,validateGitAvailable
FNDA:24,isValidHttpsGitUrl
FNDA:18,isGitRepository
FNDA:7,gitClone
FNDA:6,gitAddRemote
FNDA:3,(anonymous_5)
FNDA:4,gitCurrentCommit
FNDA:5,gitFetch
FNDA:6,gitCommitsBehind
DA:5,1
DA:12,7
DA:13,7
DA:14,4
DA:16,3
DA:26,24
DA:35,18
DA:36,18
DA:39,13
DA:41,5
DA:54,7
DA:55,2
DA:58,5
DA:59,1
DA:60,1
DA:64,4
DA:65,4
DA:66,1
DA:69,3
DA:70,3
DA:74,2
DA:76,1
DA:77,1
DA:91,6
DA:92,2
DA:95,4
DA:96,1
DA:97,1
DA:100,3
DA:101,3
DA:102,1
DA:105,2
DA:107,2
DA:108,2
DA:109,2
DA:110,2
DA:111,3
DA:112,3
DA:114,1
DA:115,1
DA:118,2
DA:120,1
DA:121,1
DA:122,1
DA:128,1
DA:129,1
DA:131,0
DA:132,0
DA:143,4
DA:144,1
DA:145,1
DA:146,1
DA:149,3
DA:150,3
DA:151,1
DA:154,2
DA:155,2
DA:156,2
DA:158,0
DA:159,0
DA:171,5
DA:172,1
DA:173,1
DA:174,1
DA:177,4
DA:178,4
DA:179,1
DA:182,3
DA:183,3
DA:184,3
DA:185,2
DA:187,1
DA:188,1
DA:200,6
DA:201,1
DA:202,1
DA:205,5
DA:206,5
DA:207,1
DA:210,4
DA:212,4
DA:215,4
DA:219,4
DA:223,3
DA:224,3
DA:227,1
DA:228,1
DA:230,0
DA:231,0
LF:89
LH:83
BRDA:26,0,0,24
BRDA:26,0,1,20
BRDA:52,1,0,6
BRDA:54,2,0,2
BRDA:54,2,1,5
BRDA:54,3,0,7
BRDA:54,3,1,2
BRDA:58,4,0,1
BRDA:58,4,1,4
BRDA:65,5,0,1
BRDA:65,5,1,3
BRDA:76,6,0,1
BRDA:76,6,1,0
BRDA:76,6,2,0
BRDA:89,7,0,5
BRDA:91,8,0,2
BRDA:91,8,1,4
BRDA:91,9,0,6
BRDA:91,9,1,2
BRDA:95,10,0,1
BRDA:95,10,1,3
BRDA:101,11,0,1
BRDA:101,11,1,2
BRDA:112,12,0,2
BRDA:112,12,1,1
BRDA:114,13,0,1
BRDA:114,13,1,0
BRDA:118,14,0,1
BRDA:118,14,1,1
BRDA:131,15,0,0
BRDA:131,15,1,0
BRDA:131,15,2,0
BRDA:142,16,0,3
BRDA:143,17,0,1
BRDA:143,17,1,3
BRDA:150,18,0,1
BRDA:150,18,1,2
BRDA:158,19,0,0
BRDA:158,19,1,0
BRDA:158,19,2,0
BRDA:170,20,0,4
BRDA:171,21,0,1
BRDA:171,21,1,4
BRDA:172,22,0,0
BRDA:172,22,1,1
BRDA:174,23,0,0
BRDA:174,23,1,1
BRDA:178,24,0,1
BRDA:178,24,1,3
BRDA:183,25,0,1
BRDA:183,25,1,2
BRDA:187,26,0,1
BRDA:187,26,1,0
BRDA:187,26,2,0
BRDA:199,27,0,5
BRDA:200,28,0,1
BRDA:200,28,1,5
BRDA:206,29,0,1
BRDA:206,29,1,4
BRDA:224,30,0,0
BRDA:224,30,1,3
BRDA:227,31,0,1
BRDA:227,31,1,0
BRDA:227,32,0,1
BRDA:227,32,1,1
BRDA:230,33,0,0
BRDA:230,33,1,0
BRDA:230,33,2,0
BRF:68
BRH:50
end_of_record
TN:
SF:lib/skills-manifest.js
FN:22,validateManifest
FN:43,(anonymous_1)
FN:48,(anonymous_2)
FN:146,generateInstanceId
FN:156,loadManifest
FN:195,saveManifest
FN:213,addInstalledSkill
FN:228,(anonymous_7)
FN:236,(anonymous_8)
FN:279,removeInstalledSkill
FN:285,(anonymous_10)
FN:308,getSkillByName
FN:310,(anonymous_12)
FN:318,getAllSkills
FN:330,updateSkillMetadata
FN:335,(anonymous_15)
FN:342,(anonymous_16)
FNF:17
FNH:0
FNDA:0,validateManifest
FNDA:0,(anonymous_1)
FNDA:0,(anonymous_2)
FNDA:0,generateInstanceId
FNDA:0,loadManifest
FNDA:0,saveManifest
FNDA:0,addInstalledSkill
FNDA:0,(anonymous_7)
FNDA:0,(anonymous_8)
FNDA:0,removeInstalledSkill
FNDA:0,(anonymous_10)
FNDA:0,getSkillByName
FNDA:0,(anonymous_12)
FNDA:0,getAllSkills
FNDA:0,updateSkillMetadata
FNDA:0,(anonymous_15)
FNDA:0,(anonymous_16)
DA:6,1
DA:9,1
DA:23,0
DA:25,0
DA:26,0
DA:30,0
DA:31,0
DA:32,0
DA:33,0
DA:37,0
DA:38,0
DA:39,0
DA:43,0
DA:44,0
DA:47,0
DA:48,0
DA:49,0
DA:50,0
DA:55,0
DA:56,0
DA:59,0
DA:60,0
DA:63,0
DA:64,0
DA:67,0
DA:68,0
DA:71,0
DA:72,0
DA:73,0
DA:75,0
DA:76,0
DA:77,0
DA:81,0
DA:82,0
DA:85,0
DA:86,0
DA:89,0
DA:90,0
DA:94,0
DA:95,0
DA:96,0
DA:98,0
DA:99,0
DA:101,0
DA:102,0
DA:104,0
DA:105,0
DA:110,0
DA:111,0
DA:115,0
DA:116,0
DA:117,0
DA:118,0
DA:121,0
DA:122,0
DA:123,0
DA:127,0
DA:128,0
DA:130,0
DA:131,0
DA:136,0
DA:147,0
DA:157,0
DA:158,0
DA:160,0
DA:162,0
DA:168,0
DA:169,0
DA:171,0
DA:172,0
DA:173,0
DA:176,0
DA:178,0
DA:180,0
DA:185,0
DA:196,0
DA:198,0
DA:199,0
DA:203,0
DA:204,0
DA:215,0
DA:216,0
DA:217,0
DA:218,0
DA:222,0
DA:223,0
DA:227,0
DA:228,0
DA:230,0
DA:231,0
DA:235,0
DA:236,0
DA:237,0
DA:238,0
DA:243,0
DA:254,0
DA:255,0
DA:256,0
DA:257,0
DA:259,0
DA:265,0
DA:266,0
DA:267,0
DA:270,0
DA:280,0
DA:281,0
DA:283,0
DA:285,0
DA:288,0
DA:290,0
DA:294,0
DA:295,0
DA:296,0
DA:299,0
DA:309,0
DA:310,0
DA:319,0
DA:331,0
DA:332,0
DA:335,0
DA:336,0
DA:338,0
DA:342,0
DA:343,0
DA:344,0
DA:347,0
DA:350,0
DA:351,0
DA:352,0
DA:353,0
DA:355,0
DA:357,0
DA:358,0
DA:360,0
DA:364,0
DA:365,0
DA:367,0
DA:373,0
DA:374,0
DA:375,0
DA:378,0
LF:141
LH:2
BRDA:25,0,0,0
BRDA:25,0,1,0
BRDA:25,1,0,0
BRDA:25,1,1,0
BRDA:30,2,0,0
BRDA:30,2,1,0
BRDA:32,3,0,0
BRDA:32,3,1,0
BRDA:37,4,0,0
BRDA:37,4,1,0
BRDA:44,5,0,0
BRDA:44,5,1,0
BRDA:49,6,0,0
BRDA:49,6,1,0
BRDA:55,7,0,0
BRDA:55,7,1,0
BRDA:55,8,0,0
BRDA:55,8,1,0
BRDA:59,9,0,0
BRDA:59,9,1,0
BRDA:59,10,0,0
BRDA:59,10,1,0
BRDA:63,11,0,0
BRDA:63,11,1,0
BRDA:63,12,0,0
BRDA:63,12,1,0
BRDA:67,13,0,0
BRDA:67,13,1,0
BRDA:67,14,0,0
BRDA:67,14,1,0
BRDA:71,15,0,0
BRDA:71,15,1,0
BRDA:71,16,0,0
BRDA:71,16,1,0
BRDA:73,17,0,0
BRDA:73,17,1,0
BRDA:76,18,0,0
BRDA:76,18,1,0
BRDA:81,19,0,0
BRDA:81,19,1,0
BRDA:81,20,0,0
BRDA:81,20,1,0
BRDA:85,21,0,0
BRDA:85,21,1,0
BRDA:85,22,0,0
BRDA:85,22,1,0
BRDA:89,23,0,0
BRDA:89,23,1,0
BRDA:89,24,0,0
BRDA:89,24,1,0
BRDA:94,25,0,0
BRDA:94,25,1,0
BRDA:95,26,0,0
BRDA:95,26,1,0
BRDA:95,27,0,0
BRDA:95,27,1,0
BRDA:98,28,0,0
BRDA:98,28,1,0
BRDA:98,29,0,0
BRDA:98,29,1,0
BRDA:101,30,0,0
BRDA:101,30,1,0
BRDA:101,31,0,0
BRDA:101,31,1,0
BRDA:104,32,0,0
BRDA:104,32,1,0
BRDA:104,33,0,0
BRDA:104,33,1,0
BRDA:110,34,0,0
BRDA:110,34,1,0
BRDA:110,35,0,0
BRDA:110,35,1,0
BRDA:115,36,0,0
BRDA:115,36,1,0
BRDA:116,37,0,0
BRDA:116,37,1,0
BRDA:117,38,0,0
BRDA:117,38,1,0
BRDA:122,39,0,0
BRDA:122,39,1,0
BRDA:127,40,0,0
BRDA:127,40,1,0
BRDA:127,41,0,0
BRDA:127,41,1,0
BRDA:130,42,0,0
BRDA:130,42,1,0
BRDA:130,43,0,0
BRDA:130,43,1,0
BRDA:156,44,0,0
BRDA:160,45,0,0
BRDA:160,45,1,0
BRDA:171,46,0,0
BRDA:171,46,1,0
BRDA:178,47,0,0
BRDA:178,47,1,0
BRDA:195,48,0,0
BRDA:198,49,0,0
BRDA:198,49,1,0
BRDA:217,50,0,0
BRDA:217,50,1,0
BRDA:222,51,0,0
BRDA:222,51,1,0
BRDA:230,52,0,0
BRDA:230,52,1,0
BRDA:235,53,0,0
BRDA:235,53,1,0
BRDA:237,54,0,0
BRDA:237,54,1,0
BRDA:249,55,0,0
BRDA:249,55,1,0
BRDA:250,56,0,0
BRDA:250,56,1,0
BRDA:254,57,0,0
BRDA:254,57,1,0
BRDA:255,58,0,0
BRDA:255,58,1,0
BRDA:256,59,0,0
BRDA:256,59,1,0
BRDA:257,60,0,0
BRDA:257,60,1,0
BRDA:266,61,0,0
BRDA:266,61,1,0
BRDA:288,62,0,0
BRDA:288,62,1,0
BRDA:295,63,0,0
BRDA:295,63,1,0
BRDA:330,64,0,0
BRDA:331,65,0,0
BRDA:336,66,0,0
BRDA:336,66,1,0
BRDA:342,67,0,0
BRDA:342,67,1,0
BRDA:343,68,0,0
BRDA:343,68,1,0
BRDA:351,69,0,0
BRDA:351,69,1,0
BRDA:352,70,0,0
BRDA:352,70,1,0
BRDA:352,71,0,0
BRDA:352,71,1,0
BRDA:355,72,0,0
BRDA:355,72,1,0
BRDA:357,73,0,0
BRDA:357,73,1,0
BRDA:357,74,0,0
BRDA:357,74,1,0
BRDA:374,75,0,0
BRDA:374,75,1,0
BRF:148
BRH:0
end_of_record
TN:
SF:lib/templates.js
FN:16,renderTemplate
FN:17,(anonymous_1)
FN:42,ensureFromTemplate
FN:74,ensureMasterFromPreset
FN:119,writeTarget
FNF:5
FNH:2
FNDA:5,renderTemplate
FNDA:25,(anonymous_1)
FNDA:0,ensureFromTemplate
FNDA:0,ensureMasterFromPreset
FNDA:0,writeTarget
DA:10,1
DA:11,1
DA:17,5
DA:18,25
DA:20,5
DA:43,0
DA:44,0
DA:45,0
DA:47,0
DA:49,0
DA:50,0
DA:51,0
DA:57,0
DA:60,0
DA:61,0
DA:62,0
DA:65,0
DA:66,0
DA:67,0
DA:68,0
DA:75,0
DA:76,0
DA:77,0
DA:78,0
DA:80,0
DA:81,0
DA:82,0
DA:88,0
DA:91,0
DA:92,0
DA:93,0
DA:96,0
DA:100,0
DA:102,0
DA:103,0
DA:104,0
DA:105,0
DA:106,0
DA:108,0
DA:109,0
DA:112,0
DA:120,0
DA:121,0
DA:122,0
DA:124,0
DA:125,0
DA:126,0
DA:132,0
DA:135,0
DA:136,0
DA:137,0
DA:141,0
DA:142,0
DA:143,0
DA:144,0
DA:145,0
DA:146,0
DA:147,0
DA:153,0
DA:154,0
LF:60
LH:5
BRDA:16,0,0,0
BRDA:18,1,0,3
BRDA:18,1,1,22
BRDA:18,2,0,25
BRDA:18,2,1,6
BRDA:22,3,0,5
BRDA:22,3,1,3
BRDA:23,4,0,5
BRDA:23,4,1,4
BRDA:24,5,0,5
BRDA:24,5,1,3
BRDA:29,6,0,5
BRDA:29,6,1,4
BRDA:30,7,0,5
BRDA:30,7,1,4
BRDA:31,8,0,5
BRDA:31,8,1,4
BRDA:32,9,0,5
BRDA:32,9,1,4
BRDA:33,10,0,5
BRDA:33,10,1,4
BRDA:34,11,0,5
BRDA:34,11,1,4
BRDA:42,12,0,0
BRDA:43,13,0,0
BRDA:43,14,0,0
BRDA:43,15,0,0
BRDA:44,16,0,0
BRDA:44,16,1,0
BRDA:50,17,0,0
BRDA:50,17,1,0
BRDA:50,18,0,0
BRDA:50,18,1,0
BRDA:57,19,0,0
BRDA:57,19,1,0
BRDA:60,20,0,0
BRDA:60,20,1,0
BRDA:60,21,0,0
BRDA:60,21,1,0
BRDA:62,22,0,0
BRDA:62,22,1,0
BRDA:68,23,0,0
BRDA:68,23,1,0
BRDA:74,24,0,0
BRDA:75,25,0,0
BRDA:75,26,0,0
BRDA:75,27,0,0
BRDA:76,28,0,0
BRDA:76,28,1,0
BRDA:81,29,0,0
BRDA:81,29,1,0
BRDA:81,30,0,0
BRDA:81,30,1,0
BRDA:88,31,0,0
BRDA:88,31,1,0
BRDA:91,32,0,0
BRDA:91,32,1,0
BRDA:91,33,0,0
BRDA:91,33,1,0
BRDA:93,34,0,0
BRDA:93,34,1,0
BRDA:96,35,0,0
BRDA:96,35,1,0
BRDA:97,36,0,0
BRDA:97,36,1,0
BRDA:119,37,0,0
BRDA:120,38,0,0
BRDA:120,39,0,0
BRDA:120,40,0,0
BRDA:121,41,0,0
BRDA:121,41,1,0
BRDA:125,42,0,0
BRDA:125,42,1,0
BRDA:125,43,0,0
BRDA:125,43,1,0
BRDA:132,44,0,0
BRDA:132,44,1,0
BRDA:135,45,0,0
BRDA:135,45,1,0
BRDA:135,46,0,0
BRDA:135,46,1,0
BRDA:137,47,0,0
BRDA:137,47,1,0
BRDA:141,48,0,0
BRDA:141,48,1,0
BRDA:143,49,0,0
BRDA:143,49,1,0
BRDA:146,50,0,0
BRDA:146,50,1,0
BRDA:154,51,0,0
BRDA:154,51,1,0
BRF:91
BRH:22
end_of_record
TN:
SF:lib/utils.js
FN:6,showBanner
FN:17,(anonymous_1)
FN:36,(anonymous_2)
FN:41,(anonymous_3)
FN:52,dryRunWrite
FNF:5
FNH:3
FNDA:0,showBanner
FNDA:0,(anonymous_1)
FNDA:3,(anonymous_2)
FNDA:2,(anonymous_3)
FNDA:2,dryRunWrite
DA:7,0
DA:8,0
DA:10,0
DA:17,0
DA:19,0
DA:20,0
DA:21,0
DA:23,0
DA:24,0
DA:26,0
DA:27,0
DA:28,0
DA:29,0
DA:37,3
DA:38,3
DA:42,2
DA:43,2
DA:44,2
DA:53,2
DA:54,1
DA:55,1
DA:57,1
LF:22
LH:9
BRDA:7,0,0,0
BRDA:7,0,1,0
BRDA:41,1,0,1
BRDA:41,2,0,1
BRDA:42,3,0,1
BRDA:42,3,1,1
BRDA:43,4,0,1
BRDA:43,4,1,1
BRDA:52,5,0,0
BRDA:53,6,0,1
BRDA:53,6,1,1
BRF:11
BRH:8
end_of_record
TN:
SF:lib/analyzers/cloud-analyzer.js
FN:5,analyzeCloud
FN:72,(anonymous_1)
FN:79,(anonymous_2)
FN:105,(anonymous_3)
FN:108,(anonymous_4)
FNF:5
FNH:2
FNDA:8,analyzeCloud
FNDA:0,(anonymous_1)
FNDA:1,(anonymous_2)
FNDA:0,(anonymous_3)
FNDA:0,(anonymous_4)
DA:6,8
DA:14,8
DA:15,8
DA:16,1
DA:17,1
DA:20,8
DA:21,8
DA:22,1
DA:23,1
DA:26,8
DA:27,8
DA:28,0
DA:32,8
DA:33,8
DA:34,8
DA:35,1
DA:39,8
DA:40,8
DA:41,2
DA:42,2
DA:43,2
DA:44,2
DA:45,2
DA:51,8
DA:52,8
DA:53,1
DA:54,1
DA:58,8
DA:59,8
DA:60,8
DA:61,1
DA:62,1
DA:66,8
DA:67,8
DA:68,1
DA:69,1
DA:70,1
DA:72,1
DA:73,1
DA:74,1
DA:76,1
DA:77,0
DA:79,1
DA:80,0
DA:86,8
DA:87,8
DA:88,1
DA:89,1
DA:90,1
DA:91,0
DA:93,1
DA:94,1
DA:100,8
DA:101,8
DA:102,0
DA:103,0
DA:104,0
DA:105,0
DA:106,0
DA:108,0
DA:109,0
DA:115,8
DA:116,8
DA:117,8
DA:118,8
DA:120,8
LF:66
LH:55
BRDA:15,0,0,1
BRDA:15,0,1,7
BRDA:21,1,0,1
BRDA:21,1,1,7
BRDA:27,2,0,0
BRDA:27,2,1,8
BRDA:34,3,0,1
BRDA:34,3,1,7
BRDA:34,4,0,8
BRDA:34,4,1,7
BRDA:43,5,0,2
BRDA:43,5,1,0
BRDA:52,6,0,1
BRDA:52,6,1,7
BRDA:60,7,0,1
BRDA:60,7,1,7
BRDA:60,8,0,8
BRDA:60,8,1,7
BRDA:67,9,0,1
BRDA:67,9,1,7
BRDA:72,10,0,1
BRDA:72,10,1,0
BRDA:72,11,0,1
BRDA:72,11,1,0
BRDA:76,12,0,0
BRDA:76,12,1,1
BRDA:76,13,0,1
BRDA:76,13,1,1
BRDA:79,14,0,0
BRDA:79,14,1,1
BRDA:87,15,0,1
BRDA:87,15,1,7
BRDA:90,16,0,0
BRDA:90,16,1,1
BRDA:93,17,0,1
BRDA:93,17,1,0
BRDA:101,18,0,0
BRDA:101,18,1,8
BRDA:105,19,0,0
BRDA:105,19,1,0
BRDA:105,20,0,0
BRDA:105,20,1,0
BRDA:108,21,0,0
BRDA:108,21,1,0
BRF:44
BRH:29
end_of_record
TN:
SF:lib/analyzers/code-pattern-analyzer.js
FN:13,analyzeCodePatterns
FN:42,detectDirectoryStructure
FN:45,(anonymous_2)
FN:50,(anonymous_3)
FN:89,detectArchitecturePatterns
FN:96,(anonymous_5)
FN:96,(anonymous_6)
FN:108,(anonymous_7)
FN:118,(anonymous_8)
FN:155,(anonymous_9)
FN:166,detectTestingPatterns
FN:175,(anonymous_11)
FN:175,(anonymous_12)
FN:178,(anonymous_13)
FN:202,(anonymous_14)
FN:203,(anonymous_15)
FN:246,(anonymous_16)
FN:269,(anonymous_17)
FN:288,detectSourcePatterns
FN:331,(anonymous_19)
FN:336,(anonymous_20)
FN:351,(anonymous_21)
FN:352,(anonymous_22)
FN:369,scanDirectory
FNF:24
FNH:0
FNDA:0,analyzeCodePatterns
FNDA:0,detectDirectoryStructure
FNDA:0,(anonymous_2)
FNDA:0,(anonymous_3)
FNDA:0,detectArchitecturePatterns
FNDA:0,(anonymous_5)
FNDA:0,(anonymous_6)
FNDA:0,(anonymous_7)
FNDA:0,(anonymous_8)
FNDA:0,(anonymous_9)
FNDA:0,detectTestingPatterns
FNDA:0,(anonymous_11)
FNDA:0,(anonymous_12)
FNDA:0,(anonymous_13)
FNDA:0,(anonymous_14)
FNDA:0,(anonymous_15)
FNDA:0,(anonymous_16)
FNDA:0,(anonymous_17)
FNDA:0,detectSourcePatterns
FNDA:0,(anonymous_19)
FNDA:0,(anonymous_20)
FNDA:0,(anonymous_21)
FNDA:0,(anonymous_22)
FNDA:0,scanDirectory
DA:14,0
DA:36,0
DA:43,0
DA:45,0
DA:46,0
DA:47,0
DA:50,0
DA:51,0
DA:52,0
DA:53,0
DA:56,0
DA:60,0
DA:61,0
DA:62,0
DA:63,0
DA:64,0
DA:65,0
DA:66,0
DA:67,0
DA:68,0
DA:69,0
DA:70,0
DA:71,0
DA:72,0
DA:73,0
DA:74,0
DA:75,0
DA:76,0
DA:77,0
DA:78,0
DA:79,0
DA:80,0
DA:81,0
DA:83,0
DA:90,0
DA:95,0
DA:96,0
DA:99,0
DA:100,0
DA:101,0
DA:105,0
DA:106,0
DA:107,0
DA:108,0
DA:109,0
DA:110,0
DA:115,0
DA:116,0
DA:117,0
DA:118,0
DA:119,0
DA:120,0
DA:121,0
DA:127,0
DA:130,0
DA:132,0
DA:136,0
DA:137,0
DA:138,0
DA:142,0
DA:144,0
DA:147,0
DA:148,0
DA:149,0
DA:150,0
DA:155,0
DA:156,0
DA:157,0
DA:160,0
DA:167,0
DA:174,0
DA:175,0
DA:178,0
DA:179,0
DA:180,0
DA:181,0
DA:182,0
DA:186,0
DA:194,0
DA:196,0
DA:197,0
DA:198,0
DA:200,0
DA:201,0
DA:202,0
DA:203,0
DA:206,0
DA:207,0
DA:208,0
DA:209,0
DA:217,0
DA:218,0
DA:219,0
DA:220,0
DA:221,0
DA:223,0
DA:224,0
DA:225,0
DA:226,0
DA:227,0
DA:228,0
DA:229,0
DA:230,0
DA:231,0
DA:232,0
DA:239,0
DA:240,0
DA:241,0
DA:242,0
DA:244,0
DA:245,0
DA:246,0
DA:248,0
DA:249,0
DA:250,0
DA:251,0
DA:253,0
DA:254,0
DA:262,0
DA:263,0
DA:264,0
DA:265,0
DA:267,0
DA:268,0
DA:269,0
DA:271,0
DA:272,0
DA:273,0
DA:274,0
DA:275,0
DA:282,0
DA:289,0
DA:295,0
DA:314,0
DA:316,0
DA:317,0
DA:318,0
DA:320,0
DA:321,0
DA:322,0
DA:329,0
DA:330,0
DA:331,0
DA:332,0
DA:333,0
DA:336,0
DA:337,0
DA:338,0
DA:339,0
DA:340,0
DA:341,0
DA:350,0
DA:351,0
DA:352,0
DA:354,0
DA:356,0
DA:357,0
DA:358,0
DA:359,0
DA:363,0
DA:370,0
DA:372,0
DA:373,0
DA:375,0
DA:376,0
DA:378,0
DA:379,0
DA:381,0
DA:382,0
DA:383,0
DA:384,0
DA:385,0
DA:386,0
DA:387,0
LF:174
LH:0
BRDA:52,0,0,0
BRDA:52,0,1,0
BRDA:99,1,0,0
BRDA:99,1,1,0
BRDA:99,2,0,0
BRDA:99,2,1,0
BRDA:99,2,2,0
BRDA:106,3,0,0
BRDA:106,3,1,0
BRDA:108,4,0,0
BRDA:108,4,1,0
BRDA:108,5,0,0
BRDA:108,5,1,0
BRDA:116,6,0,0
BRDA:116,6,1,0
BRDA:118,7,0,0
BRDA:118,7,1,0
BRDA:118,8,0,0
BRDA:118,8,1,0
BRDA:118,8,2,0
BRDA:118,8,3,0
BRDA:119,9,0,0
BRDA:119,9,1,0
BRDA:127,10,0,0
BRDA:127,10,1,0
BRDA:127,10,2,0
BRDA:130,11,0,0
BRDA:130,11,1,0
BRDA:132,12,0,0
BRDA:132,12,1,0
BRDA:132,12,2,0
BRDA:136,13,0,0
BRDA:136,13,1,0
BRDA:136,14,0,0
BRDA:136,14,1,0
BRDA:136,14,2,0
BRDA:142,15,0,0
BRDA:142,15,1,0
BRDA:144,16,0,0
BRDA:144,16,1,0
BRDA:147,17,0,0
BRDA:147,17,1,0
BRDA:147,18,0,0
BRDA:147,18,1,0
BRDA:148,19,0,0
BRDA:148,19,1,0
BRDA:155,20,0,0
BRDA:155,20,1,0
BRDA:155,21,0,0
BRDA:155,21,1,0
BRDA:178,22,0,0
BRDA:178,22,1,0
BRDA:179,23,0,0
BRDA:179,23,1,0
BRDA:198,24,0,0
BRDA:198,24,1,0
BRDA:206,25,0,0
BRDA:206,25,1,0
BRDA:218,26,0,0
BRDA:218,26,1,0
BRDA:223,27,0,0
BRDA:223,27,1,0
BRDA:223,28,0,0
BRDA:223,28,1,0
BRDA:224,29,0,0
BRDA:224,29,1,0
BRDA:225,30,0,0
BRDA:225,30,1,0
BRDA:226,31,0,0
BRDA:226,31,1,0
BRDA:227,32,0,0
BRDA:227,32,1,0
BRDA:228,33,0,0
BRDA:228,33,1,0
BRDA:229,34,0,0
BRDA:229,34,1,0
BRDA:230,35,0,0
BRDA:230,35,1,0
BRDA:231,36,0,0
BRDA:231,36,1,0
BRDA:232,37,0,0
BRDA:232,37,1,0
BRDA:242,38,0,0
BRDA:242,38,1,0
BRDA:248,39,0,0
BRDA:248,39,1,0
BRDA:250,40,0,0
BRDA:250,40,1,0
BRDA:265,41,0,0
BRDA:265,41,1,0
BRDA:271,42,0,0
BRDA:271,42,1,0
BRDA:318,43,0,0
BRDA:318,43,1,0
BRDA:322,44,0,0
BRDA:322,44,1,0
BRDA:339,45,0,0
BRDA:339,45,1,0
BRDA:340,46,0,0
BRDA:340,46,1,0
BRDA:356,47,0,0
BRDA:356,47,1,0
BRDA:358,48,0,0
BRDA:358,48,1,0
BRDA:369,49,0,0
BRDA:370,50,0,0
BRDA:370,50,1,0
BRDA:376,51,0,0
BRDA:376,51,1,0
BRDA:378,52,0,0
BRDA:378,52,1,0
BRDA:382,53,0,0
BRDA:382,53,1,0
BRDA:385,54,0,0
BRDA:385,54,1,0
BRDA:386,55,0,0
BRDA:386,55,1,0
BRF:117
BRH:0
end_of_record
TN:
SF:lib/analyzers/convention-analyzer.js
FN:13,analyzeConventions
FN:40,analyzeNamingConventions
FN:50,(anonymous_2)
FN:50,(anonymous_3)
FN:58,(anonymous_4)
FN:67,(anonymous_5)
FN:85,(anonymous_6)
FN:101,analyzeOrganizationPatterns
FN:114,(anonymous_8)
FN:114,(anonymous_9)
FN:123,(anonymous_10)
FN:126,(anonymous_11)
FN:152,analyzeDocumentationPatterns
FN:168,(anonymous_13)
FN:192,(anonymous_14)
FN:200,(anonymous_15)
FN:208,(anonymous_16)
FN:252,analyzeTestingConventions
FN:289,(anonymous_18)
FN:297,(anonymous_19)
FN:303,(anonymous_20)
FN:305,(anonymous_21)
FN:349,analyzeConfigurationPatterns
FN:365,(anonymous_23)
FN:371,(anonymous_24)
FN:377,(anonymous_25)
FN:383,(anonymous_26)
FN:386,(anonymous_27)
FN:387,(anonymous_28)
FN:402,(anonymous_29)
FN:413,(anonymous_30)
FN:427,detectCustomPatterns
FN:436,(anonymous_32)
FN:436,(anonymous_33)
FN:437,(anonymous_34)
FN:437,(anonymous_35)
FN:445,(anonymous_36)
FN:451,(anonymous_37)
FN:460,(anonymous_38)
FN:489,analyzeDirectoryNameStyles
FN:497,(anonymous_40)
FN:531,analyzeFileNameStyles
FN:538,(anonymous_42)
FN:571,analyzeComponentNamingStyles
FN:578,(anonymous_44)
FN:610,scanForBarrelFiles
FN:632,checkForJSDocPatterns
FN:658,scanForCoLocatedTests
FNF:48
FNH:0
FNDA:0,analyzeConventions
FNDA:0,analyzeNamingConventions
FNDA:0,(anonymous_2)
FNDA:0,(anonymous_3)
FNDA:0,(anonymous_4)
FNDA:0,(anonymous_5)
FNDA:0,(anonymous_6)
FNDA:0,analyzeOrganizationPatterns
FNDA:0,(anonymous_8)
FNDA:0,(anonymous_9)
FNDA:0,(anonymous_10)
FNDA:0,(anonymous_11)
FNDA:0,analyzeDocumentationPatterns
FNDA:0,(anonymous_13)
FNDA:0,(anonymous_14)
FNDA:0,(anonymous_15)
FNDA:0,(anonymous_16)
FNDA:0,analyzeTestingConventions
FNDA:0,(anonymous_18)
FNDA:0,(anonymous_19)
FNDA:0,(anonymous_20)
FNDA:0,(anonymous_21)
FNDA:0,analyzeConfigurationPatterns
FNDA:0,(anonymous_23)
FNDA:0,(anonymous_24)
FNDA:0,(anonymous_25)
FNDA:0,(anonymous_26)
FNDA:0,(anonymous_27)
FNDA:0,(anonymous_28)
FNDA:0,(anonymous_29)
FNDA:0,(anonymous_30)
FNDA:0,detectCustomPatterns
FNDA:0,(anonymous_32)
FNDA:0,(anonymous_33)
FNDA:0,(anonymous_34)
FNDA:0,(anonymous_35)
FNDA:0,(anonymous_36)
FNDA:0,(anonymous_37)
FNDA:0,(anonymous_38)
FNDA:0,analyzeDirectoryNameStyles
FNDA:0,(anonymous_40)
FNDA:0,analyzeFileNameStyles
FNDA:0,(anonymous_42)
FNDA:0,analyzeComponentNamingStyles
FNDA:0,(anonymous_44)
FNDA:0,scanForBarrelFiles
FNDA:0,checkForJSDocPatterns
FNDA:0,scanForCoLocatedTests
DA:14,0
DA:34,0
DA:41,0
DA:49,0
DA:50,0
DA:52,0
DA:53,0
DA:54,0
DA:58,0
DA:59,0
DA:62,0
DA:63,0
DA:64,0
DA:65,0
DA:66,0
DA:67,0
DA:68,0
DA:69,0
DA:72,0
DA:73,0
DA:74,0
DA:75,0
DA:82,0
DA:83,0
DA:84,0
DA:85,0
DA:86,0
DA:89,0
DA:90,0
DA:91,0
DA:95,0
DA:102,0
DA:113,0
DA:114,0
DA:117,0
DA:118,0
DA:119,0
DA:123,0
DA:124,0
DA:126,0
DA:127,0
DA:130,0
DA:131,0
DA:132,0
DA:133,0
DA:134,0
DA:135,0
DA:137,0
DA:141,0
DA:142,0
DA:143,0
DA:146,0
DA:153,0
DA:165,0
DA:168,0
DA:169,0
DA:171,0
DA:172,0
DA:173,0
DA:174,0
DA:177,0
DA:178,0
DA:179,0
DA:180,0
DA:182,0
DA:186,0
DA:187,0
DA:192,0
DA:193,0
DA:195,0
DA:196,0
DA:200,0
DA:201,0
DA:203,0
DA:204,0
DA:208,0
DA:209,0
DA:211,0
DA:212,0
DA:216,0
DA:217,0
DA:218,0
DA:219,0
DA:220,0
DA:222,0
DA:223,0
DA:225,0
DA:226,0
DA:228,0
DA:229,0
DA:231,0
DA:232,0
DA:240,0
DA:241,0
DA:242,0
DA:243,0
DA:246,0
DA:253,0
DA:263,0
DA:266,0
DA:267,0
DA:268,0
DA:269,0
DA:270,0
DA:272,0
DA:273,0
DA:274,0
DA:275,0
DA:276,0
DA:277,0
DA:278,0
DA:279,0
DA:280,0
DA:281,0
DA:289,0
DA:290,0
DA:293,0
DA:294,0
DA:295,0
DA:296,0
DA:297,0
DA:298,0
DA:302,0
DA:303,0
DA:304,0
DA:305,0
DA:306,0
DA:313,0
DA:314,0
DA:315,0
DA:316,0
DA:318,0
DA:319,0
DA:320,0
DA:321,0
DA:322,0
DA:323,0
DA:328,0
DA:329,0
DA:331,0
DA:332,0
DA:336,0
DA:337,0
DA:339,0
DA:340,0
DA:343,0
DA:350,0
DA:362,0
DA:365,0
DA:366,0
DA:369,0
DA:370,0
DA:371,0
DA:372,0
DA:376,0
DA:377,0
DA:378,0
DA:381,0
DA:382,0
DA:383,0
DA:386,0
DA:387,0
DA:389,0
DA:390,0
DA:391,0
DA:393,0
DA:394,0
DA:395,0
DA:400,0
DA:402,0
DA:403,0
DA:406,0
DA:407,0
DA:411,0
DA:413,0
DA:414,0
DA:417,0
DA:418,0
DA:421,0
DA:428,0
DA:435,0
DA:436,0
DA:437,0
DA:440,0
DA:445,0
DA:446,0
DA:447,0
DA:451,0
DA:452,0
DA:455,0
DA:456,0
DA:460,0
DA:461,0
DA:463,0
DA:464,0
DA:468,0
DA:469,0
DA:473,0
DA:474,0
DA:478,0
DA:480,0
DA:483,0
DA:490,0
DA:497,0
DA:498,0
DA:499,0
DA:500,0
DA:501,0
DA:502,0
DA:503,0
DA:504,0
DA:505,0
DA:510,0
DA:511,0
DA:512,0
DA:513,0
DA:514,0
DA:515,0
DA:519,0
DA:521,0
DA:532,0
DA:538,0
DA:539,0
DA:540,0
DA:541,0
DA:542,0
DA:543,0
DA:544,0
DA:545,0
DA:550,0
DA:551,0
DA:552,0
DA:553,0
DA:554,0
DA:555,0
DA:559,0
DA:561,0
DA:572,0
DA:578,0
DA:579,0
DA:580,0
DA:581,0
DA:582,0
DA:583,0
DA:585,0
DA:589,0
DA:590,0
DA:591,0
DA:592,0
DA:593,0
DA:594,0
DA:598,0
DA:600,0
DA:611,0
DA:612,0
DA:614,0
DA:615,0
DA:616,0
DA:617,0
DA:620,0
DA:621,0
DA:633,0
DA:634,0
DA:636,0
DA:637,0
DA:638,0
DA:639,0
DA:640,0
DA:641,0
DA:652,0
DA:659,0
DA:660,0
DA:662,0
DA:663,0
DA:664,0
DA:671,0
LF:276
LH:0
BRDA:52,0,0,0
BRDA:52,0,1,0
BRDA:62,1,0,0
BRDA:62,1,1,0
BRDA:65,2,0,0
BRDA:65,2,1,0
BRDA:72,3,0,0
BRDA:72,3,1,0
BRDA:83,4,0,0
BRDA:83,4,1,0
BRDA:86,5,0,0
BRDA:86,5,1,0
BRDA:86,5,2,0
BRDA:89,6,0,0
BRDA:89,6,1,0
BRDA:118,7,0,0
BRDA:118,7,1,0
BRDA:130,8,0,0
BRDA:130,8,1,0
BRDA:133,9,0,0
BRDA:133,9,1,0
BRDA:142,10,0,0
BRDA:142,10,1,0
BRDA:169,11,0,0
BRDA:169,11,1,0
BRDA:171,12,0,0
BRDA:171,12,1,0
BRDA:177,13,0,0
BRDA:177,13,1,0
BRDA:177,14,0,0
BRDA:177,14,1,0
BRDA:179,15,0,0
BRDA:179,15,1,0
BRDA:179,16,0,0
BRDA:179,16,1,0
BRDA:186,17,0,0
BRDA:186,17,1,0
BRDA:186,18,0,0
BRDA:186,18,1,0
BRDA:193,19,0,0
BRDA:193,19,1,0
BRDA:195,20,0,0
BRDA:195,20,1,0
BRDA:201,21,0,0
BRDA:201,21,1,0
BRDA:203,22,0,0
BRDA:203,22,1,0
BRDA:209,23,0,0
BRDA:209,23,1,0
BRDA:209,23,2,0
BRDA:211,24,0,0
BRDA:211,24,1,0
BRDA:217,25,0,0
BRDA:217,25,1,0
BRDA:222,26,0,0
BRDA:222,26,1,0
BRDA:222,27,0,0
BRDA:222,27,1,0
BRDA:222,27,2,0
BRDA:225,28,0,0
BRDA:225,28,1,0
BRDA:225,29,0,0
BRDA:225,29,1,0
BRDA:228,30,0,0
BRDA:228,30,1,0
BRDA:231,31,0,0
BRDA:231,31,1,0
BRDA:241,32,0,0
BRDA:241,32,1,0
BRDA:267,33,0,0
BRDA:267,33,1,0
BRDA:272,34,0,0
BRDA:272,34,1,0
BRDA:272,35,0,0
BRDA:272,35,1,0
BRDA:274,36,0,0
BRDA:274,36,1,0
BRDA:276,37,0,0
BRDA:276,37,1,0
BRDA:278,38,0,0
BRDA:278,38,1,0
BRDA:280,39,0,0
BRDA:280,39,1,0
BRDA:290,40,0,0
BRDA:290,40,1,0
BRDA:290,40,2,0
BRDA:293,41,0,0
BRDA:293,41,1,0
BRDA:298,42,0,0
BRDA:298,42,1,0
BRDA:298,42,2,0
BRDA:298,42,3,0
BRDA:302,43,0,0
BRDA:302,43,1,0
BRDA:303,44,0,0
BRDA:303,44,1,0
BRDA:305,45,0,0
BRDA:305,45,1,0
BRDA:314,46,0,0
BRDA:314,46,1,0
BRDA:318,47,0,0
BRDA:318,47,1,0
BRDA:318,48,0,0
BRDA:318,48,1,0
BRDA:320,49,0,0
BRDA:320,49,1,0
BRDA:322,50,0,0
BRDA:322,50,1,0
BRDA:331,51,0,0
BRDA:331,51,1,0
BRDA:331,52,0,0
BRDA:331,52,1,0
BRDA:339,53,0,0
BRDA:339,53,1,0
BRDA:339,54,0,0
BRDA:339,54,1,0
BRDA:366,55,0,0
BRDA:366,55,1,0
BRDA:369,56,0,0
BRDA:369,56,1,0
BRDA:378,57,0,0
BRDA:378,57,1,0
BRDA:381,58,0,0
BRDA:381,58,1,0
BRDA:387,59,0,0
BRDA:387,59,1,0
BRDA:389,60,0,0
BRDA:389,60,1,0
BRDA:393,61,0,0
BRDA:393,61,1,0
BRDA:403,62,0,0
BRDA:403,62,1,0
BRDA:406,63,0,0
BRDA:406,63,1,0
BRDA:414,64,0,0
BRDA:414,64,1,0
BRDA:417,65,0,0
BRDA:417,65,1,0
BRDA:446,66,0,0
BRDA:446,66,1,0
BRDA:452,67,0,0
BRDA:452,67,1,0
BRDA:452,67,2,0
BRDA:455,68,0,0
BRDA:455,68,1,0
BRDA:461,69,0,0
BRDA:461,69,1,0
BRDA:461,69,2,0
BRDA:463,70,0,0
BRDA:463,70,1,0
BRDA:468,71,0,0
BRDA:468,71,1,0
BRDA:468,72,0,0
BRDA:468,72,1,0
BRDA:468,72,2,0
BRDA:473,73,0,0
BRDA:473,73,1,0
BRDA:473,74,0,0
BRDA:473,74,1,0
BRDA:478,75,0,0
BRDA:478,75,1,0
BRDA:478,76,0,0
BRDA:478,76,1,0
BRDA:478,76,2,0
BRDA:478,76,3,0
BRDA:498,77,0,0
BRDA:498,77,1,0
BRDA:500,78,0,0
BRDA:500,78,1,0
BRDA:502,79,0,0
BRDA:502,79,1,0
BRDA:504,80,0,0
BRDA:504,80,1,0
BRDA:513,81,0,0
BRDA:513,81,1,0
BRDA:540,82,0,0
BRDA:540,82,1,0
BRDA:542,83,0,0
BRDA:542,83,1,0
BRDA:544,84,0,0
BRDA:544,84,1,0
BRDA:553,85,0,0
BRDA:553,85,1,0
BRDA:559,86,0,0
BRDA:559,86,1,0
BRDA:580,87,0,0
BRDA:580,87,1,0
BRDA:582,88,0,0
BRDA:582,88,1,0
BRDA:592,89,0,0
BRDA:592,89,1,0
BRDA:598,90,0,0
BRDA:598,90,1,0
BRDA:615,91,0,0
BRDA:615,91,1,0
BRDA:615,92,0,0
BRDA:615,92,1,0
BRDA:615,92,2,0
BRDA:620,93,0,0
BRDA:620,93,1,0
BRDA:620,94,0,0
BRDA:620,94,1,0
BRDA:637,95,0,0
BRDA:637,95,1,0
BRDA:637,96,0,0
BRDA:637,96,1,0
BRDA:637,96,2,0
BRDA:640,97,0,0
BRDA:640,97,1,0
BRDA:640,98,0,0
BRDA:640,98,1,0
BRDA:663,99,0,0
BRDA:663,99,1,0
BRDA:663,100,0,0
BRDA:663,100,1,0
BRDA:663,100,2,0
BRF:216
BRH:0
end_of_record
TN:
SF:lib/analyzers/dependency-analyzer.js
FN:13,parseNodeDependencies
FN:40,parseGoDependencies
FN:52,(anonymous_2)
FN:82,parsePythonDependencies
FN:97,(anonymous_4)
FN:97,(anonymous_5)
FN:99,(anonymous_6)
FN:147,parseRustDependencies
FN:162,(anonymous_8)
FN:202,parseRubyDependencies
FN:215,(anonymous_10)
FN:246,analyzeDependencies
FN:284,detectNodeFrameworks
FNF:13
FNH:0
FNDA:0,parseNodeDependencies
FNDA:0,parseGoDependencies
FNDA:0,(anonymous_2)
FNDA:0,parsePythonDependencies
FNDA:0,(anonymous_4)
FNDA:0,(anonymous_5)
FNDA:0,(anonymous_6)
FNDA:0,parseRustDependencies
FNDA:0,(anonymous_8)
FNDA:0,parseRubyDependencies
FNDA:0,(anonymous_10)
FNDA:0,analyzeDependencies
FNDA:0,detectNodeFrameworks
DA:14,0
DA:15,0
DA:16,0
DA:19,0
DA:20,0
DA:21,0
DA:22,0
DA:24,0
DA:32,0
DA:33,0
DA:41,0
DA:42,0
DA:43,0
DA:46,0
DA:47,0
DA:48,0
DA:49,0
DA:50,0
DA:52,0
DA:53,0
DA:54,0
DA:55,0
DA:56,0
DA:59,0
DA:60,0
DA:61,0
DA:62,0
DA:63,0
DA:64,0
DA:68,0
DA:74,0
DA:75,0
DA:83,0
DA:84,0
DA:86,0
DA:87,0
DA:90,0
DA:91,0
DA:94,0
DA:95,0
DA:96,0
DA:97,0
DA:99,0
DA:101,0
DA:102,0
DA:103,0
DA:104,0
DA:107,0
DA:108,0
DA:109,0
DA:110,0
DA:111,0
DA:112,0
DA:113,0
DA:114,0
DA:118,0
DA:123,0
DA:124,0
DA:125,0
DA:127,0
DA:128,0
DA:129,0
DA:130,0
DA:131,0
DA:133,0
DA:137,0
DA:148,0
DA:149,0
DA:150,0
DA:153,0
DA:154,0
DA:155,0
DA:156,0
DA:159,0
DA:160,0
DA:162,0
DA:163,0
DA:164,0
DA:165,0
DA:167,0
DA:168,0
DA:169,0
DA:171,0
DA:172,0
DA:173,0
DA:174,0
DA:175,0
DA:178,0
DA:179,0
DA:180,0
DA:181,0
DA:182,0
DA:183,0
DA:188,0
DA:194,0
DA:195,0
DA:203,0
DA:204,0
DA:205,0
DA:208,0
DA:209,0
DA:210,0
DA:211,0
DA:214,0
DA:215,0
DA:216,0
DA:217,0
DA:218,0
DA:219,0
DA:222,0
DA:223,0
DA:224,0
DA:225,0
DA:226,0
DA:227,0
DA:231,0
DA:237,0
DA:238,0
DA:247,0
DA:256,0
DA:257,0
DA:258,0
DA:259,0
DA:261,0
DA:262,0
DA:263,0
DA:264,0
DA:265,0
DA:266,0
DA:267,0
DA:271,0
DA:285,0
DA:288,0
DA:289,0
DA:290,0
DA:291,0
DA:292,0
DA:293,0
DA:296,0
DA:297,0
DA:298,0
DA:299,0
DA:300,0
DA:301,0
DA:304,0
DA:305,0
DA:306,0
DA:307,0
DA:308,0
DA:309,0
DA:310,0
DA:311,0
DA:314,0
DA:315,0
DA:316,0
DA:317,0
DA:318,0
DA:319,0
DA:320,0
DA:322,0
LF:160
LH:0
BRDA:15,0,0,0
BRDA:15,0,1,0
BRDA:25,1,0,0
BRDA:25,1,1,0
BRDA:26,2,0,0
BRDA:26,2,1,0
BRDA:29,3,0,0
BRDA:29,3,1,0
BRDA:42,4,0,0
BRDA:42,4,1,0
BRDA:54,5,0,0
BRDA:54,5,1,0
BRDA:59,6,0,0
BRDA:59,6,1,0
BRDA:60,7,0,0
BRDA:60,7,1,0
BRDA:61,8,0,0
BRDA:61,8,1,0
BRDA:62,9,0,0
BRDA:62,9,1,0
BRDA:63,10,0,0
BRDA:63,10,1,0
BRDA:64,11,0,0
BRDA:64,11,1,0
BRDA:64,12,0,0
BRDA:64,12,1,0
BRDA:86,13,0,0
BRDA:86,13,1,0
BRDA:86,14,0,0
BRDA:86,14,1,0
BRDA:94,15,0,0
BRDA:94,15,1,0
BRDA:97,16,0,0
BRDA:97,16,1,0
BRDA:102,17,0,0
BRDA:102,17,1,0
BRDA:107,18,0,0
BRDA:107,18,1,0
BRDA:108,19,0,0
BRDA:108,19,1,0
BRDA:109,20,0,0
BRDA:109,20,1,0
BRDA:110,21,0,0
BRDA:110,21,1,0
BRDA:111,22,0,0
BRDA:111,22,1,0
BRDA:112,23,0,0
BRDA:112,23,1,0
BRDA:112,24,0,0
BRDA:112,24,1,0
BRDA:113,25,0,0
BRDA:113,25,1,0
BRDA:114,26,0,0
BRDA:114,26,1,0
BRDA:123,27,0,0
BRDA:123,27,1,0
BRDA:128,28,0,0
BRDA:128,28,1,0
BRDA:129,29,0,0
BRDA:129,29,1,0
BRDA:130,30,0,0
BRDA:130,30,1,0
BRDA:131,31,0,0
BRDA:131,31,1,0
BRDA:149,32,0,0
BRDA:149,32,1,0
BRDA:163,33,0,0
BRDA:163,33,1,0
BRDA:167,34,0,0
BRDA:167,34,1,0
BRDA:167,35,0,0
BRDA:167,35,1,0
BRDA:171,36,0,0
BRDA:171,36,1,0
BRDA:173,37,0,0
BRDA:173,37,1,0
BRDA:178,38,0,0
BRDA:178,38,1,0
BRDA:179,39,0,0
BRDA:179,39,1,0
BRDA:180,40,0,0
BRDA:180,40,1,0
BRDA:181,41,0,0
BRDA:181,41,1,0
BRDA:182,42,0,0
BRDA:182,42,1,0
BRDA:183,43,0,0
BRDA:183,43,1,0
BRDA:204,44,0,0
BRDA:204,44,1,0
BRDA:217,45,0,0
BRDA:217,45,1,0
BRDA:222,46,0,0
BRDA:222,46,1,0
BRDA:223,47,0,0
BRDA:223,47,1,0
BRDA:224,48,0,0
BRDA:224,48,1,0
BRDA:225,49,0,0
BRDA:225,49,1,0
BRDA:226,50,0,0
BRDA:226,50,1,0
BRDA:227,51,0,0
BRDA:227,51,1,0
BRDA:262,52,0,0
BRDA:262,52,1,0
BRDA:288,53,0,0
BRDA:288,53,1,0
BRDA:289,54,0,0
BRDA:289,54,1,0
BRDA:290,55,0,0
BRDA:290,55,1,0
BRDA:291,56,0,0
BRDA:291,56,1,0
BRDA:292,57,0,0
BRDA:292,57,1,0
BRDA:293,58,0,0
BRDA:293,58,1,0
BRDA:293,59,0,0
BRDA:293,59,1,0
BRDA:296,60,0,0
BRDA:296,60,1,0
BRDA:297,61,0,0
BRDA:297,61,1,0
BRDA:298,62,0,0
BRDA:298,62,1,0
BRDA:298,63,0,0
BRDA:298,63,1,0
BRDA:299,64,0,0
BRDA:299,64,1,0
BRDA:300,65,0,0
BRDA:300,65,1,0
BRDA:301,66,0,0
BRDA:301,66,1,0
BRDA:304,67,0,0
BRDA:304,67,1,0
BRDA:304,68,0,0
BRDA:304,68,1,0
BRDA:305,69,0,0
BRDA:305,69,1,0
BRDA:306,70,0,0
BRDA:306,70,1,0
BRDA:307,71,0,0
BRDA:307,71,1,0
BRDA:308,72,0,0
BRDA:308,72,1,0
BRDA:309,73,0,0
BRDA:309,73,1,0
BRDA:310,74,0,0
BRDA:310,74,1,0
BRDA:310,75,0,0
BRDA:310,75,1,0
BRDA:311,76,0,0
BRDA:311,76,1,0
BRDA:311,77,0,0
BRDA:311,77,1,0
BRDA:314,78,0,0
BRDA:314,78,1,0
BRDA:314,79,0,0
BRDA:314,79,1,0
BRDA:315,80,0,0
BRDA:315,80,1,0
BRDA:316,81,0,0
BRDA:316,81,1,0
BRDA:317,82,0,0
BRDA:317,82,1,0
BRDA:318,83,0,0
BRDA:318,83,1,0
BRDA:319,84,0,0
BRDA:319,84,1,0
BRDA:320,85,0,0
BRDA:320,85,1,0
BRF:172
BRH:0
end_of_record
TN:
SF:lib/analyzers/devops-analyzer.js
FN:5,analyzeDevOps
FNF:1
FNH:1
FNDA:7,analyzeDevOps
DA:6,7
DA:14,7
DA:15,7
DA:16,1
DA:17,1
DA:18,1
DA:22,7
DA:23,7
DA:24,1
DA:25,1
DA:29,7
DA:30,7
DA:31,7
DA:32,1
DA:33,1
DA:37,7
DA:38,7
DA:39,1
DA:40,1
DA:44,7
DA:45,7
DA:46,1
DA:47,1
DA:51,7
DA:52,1
DA:53,1
DA:57,7
DA:58,7
DA:59,1
DA:60,1
DA:61,1
DA:62,1
DA:68,7
DA:69,7
DA:70,7
DA:71,7
DA:73,7
LF:37
LH:37
BRDA:15,0,0,1
BRDA:15,0,1,6
BRDA:23,1,0,1
BRDA:23,1,1,6
BRDA:31,2,0,1
BRDA:31,2,1,6
BRDA:31,3,0,7
BRDA:31,3,1,1
BRDA:38,4,0,1
BRDA:38,4,1,6
BRDA:45,5,0,1
BRDA:45,5,1,6
BRDA:51,6,0,1
BRDA:51,6,1,6
BRDA:58,7,0,1
BRDA:58,7,1,6
BRDA:61,8,0,1
BRDA:61,8,1,0
BRDA:61,9,0,1
BRDA:61,9,1,1
BRF:20
BRH:19
end_of_record
TN:
SF:lib/analyzers/mobile-analyzer.js
FN:4,analyzeMobile
FN:19,(anonymous_1)
FNF:2
FNH:2
FNDA:8,analyzeMobile
FNDA:1,(anonymous_1)
DA:5,8
DA:13,8
DA:14,8
DA:15,3
DA:16,3
DA:17,3
DA:19,3
DA:20,2
DA:22,3
DA:23,1
DA:31,8
DA:32,8
DA:33,1
DA:34,1
DA:35,1
DA:36,1
DA:42,8
DA:48,8
DA:49,26
DA:50,3
DA:51,3
DA:52,3
DA:53,3
DA:58,8
DA:64,8
DA:65,27
DA:66,2
DA:67,2
DA:68,2
DA:73,8
DA:74,8
DA:75,8
DA:77,8
LF:33
LH:33
BRDA:14,0,0,3
BRDA:14,0,1,5
BRDA:19,1,0,2
BRDA:19,1,1,1
BRDA:19,2,0,3
BRDA:19,2,1,1
BRDA:22,3,0,1
BRDA:22,3,1,2
BRDA:32,4,0,1
BRDA:32,4,1,7
BRDA:35,5,0,1
BRDA:35,5,1,0
BRDA:49,6,0,3
BRDA:49,6,1,23
BRDA:65,7,0,2
BRDA:65,7,1,25
BRF:16
BRH:15
end_of_record
TN:
SF:lib/analyzers/structure-analyzer.js
FN:13,analyzeStructure
FN:37,detectLayoutPattern
FN:44,(anonymous_2)
FN:44,(anonymous_3)
FN:52,(anonymous_4)
FN:59,(anonymous_5)
FN:111,(anonymous_6)
FN:111,(anonymous_7)
FN:130,analyzeOrganization
FN:145,(anonymous_9)
FN:180,(anonymous_10)
FN:180,(anonymous_11)
FN:184,(anonymous_12)
FN:185,(anonymous_13)
FN:186,(anonymous_14)
FN:191,(anonymous_15)
FN:209,analyzeFileDistribution
FN:227,(anonymous_17)
FN:256,assessComplexity
FN:264,(anonymous_19)
FN:280,(anonymous_20)
FN:289,(anonymous_21)
FN:289,(anonymous_22)
FN:298,(anonymous_23)
FN:298,(anonymous_24)
FN:322,checkBestPractices
FN:330,(anonymous_26)
FN:330,(anonymous_27)
FN:333,(anonymous_28)
FN:342,(anonymous_29)
FN:349,(anonymous_30)
FN:361,(anonymous_31)
FN:361,(anonymous_32)
FN:371,(anonymous_33)
FN:389,calculateMaxDepth
FN:394,(anonymous_35)
FN:419,checkForPattern
FN:445,scanDirectoryForDistribution
FN:477,findNodeModulesDepth
FNF:39
FNH:0
FNDA:0,analyzeStructure
FNDA:0,detectLayoutPattern
FNDA:0,(anonymous_2)
FNDA:0,(anonymous_3)
FNDA:0,(anonymous_4)
FNDA:0,(anonymous_5)
FNDA:0,(anonymous_6)
FNDA:0,(anonymous_7)
FNDA:0,analyzeOrganization
FNDA:0,(anonymous_9)
FNDA:0,(anonymous_10)
FNDA:0,(anonymous_11)
FNDA:0,(anonymous_12)
FNDA:0,(anonymous_13)
FNDA:0,(anonymous_14)
FNDA:0,(anonymous_15)
FNDA:0,analyzeFileDistribution
FNDA:0,(anonymous_17)
FNDA:0,assessComplexity
FNDA:0,(anonymous_19)
FNDA:0,(anonymous_20)
FNDA:0,(anonymous_21)
FNDA:0,(anonymous_22)
FNDA:0,(anonymous_23)
FNDA:0,(anonymous_24)
FNDA:0,checkBestPractices
FNDA:0,(anonymous_26)
FNDA:0,(anonymous_27)
FNDA:0,(anonymous_28)
FNDA:0,(anonymous_29)
FNDA:0,(anonymous_30)
FNDA:0,(anonymous_31)
FNDA:0,(anonymous_32)
FNDA:0,(anonymous_33)
FNDA:0,calculateMaxDepth
FNDA:0,(anonymous_35)
FNDA:0,checkForPattern
FNDA:0,scanDirectoryForDistribution
FNDA:0,findNodeModulesDepth
DA:14,0
DA:31,0
DA:38,0
DA:43,0
DA:44,0
DA:47,0
DA:48,0
DA:49,0
DA:50,0
DA:51,0
DA:52,0
DA:55,0
DA:56,0
DA:57,0
DA:58,0
DA:59,0
DA:60,0
DA:61,0
DA:62,0
DA:68,0
DA:69,0
DA:70,0
DA:71,0
DA:75,0
DA:76,0
DA:77,0
DA:80,0
DA:81,0
DA:82,0
DA:83,0
DA:84,0
DA:86,0
DA:87,0
DA:89,0
DA:90,0
DA:93,0
DA:97,0
DA:98,0
DA:99,0
DA:100,0
DA:104,0
DA:105,0
DA:106,0
DA:107,0
DA:111,0
DA:112,0
DA:113,0
DA:116,0
DA:117,0
DA:118,0
DA:119,0
DA:122,0
DA:123,0
DA:124,0
DA:131,0
DA:140,0
DA:141,0
DA:144,0
DA:145,0
DA:146,0
DA:149,0
DA:164,0
DA:165,0
DA:166,0
DA:167,0
DA:168,0
DA:169,0
DA:170,0
DA:171,0
DA:172,0
DA:179,0
DA:180,0
DA:183,0
DA:184,0
DA:185,0
DA:186,0
DA:189,0
DA:190,0
DA:191,0
DA:193,0
DA:194,0
DA:198,0
DA:199,0
DA:200,0
DA:203,0
DA:210,0
DA:219,0
DA:220,0
DA:221,0
DA:223,0
DA:225,0
DA:226,0
DA:227,0
DA:230,0
DA:231,0
DA:232,0
DA:233,0
DA:234,0
DA:239,0
DA:240,0
DA:241,0
DA:242,0
DA:243,0
DA:244,0
DA:245,0
DA:247,0
DA:250,0
DA:257,0
DA:263,0
DA:264,0
DA:267,0
DA:268,0
DA:269,0
DA:273,0
DA:274,0
DA:275,0
DA:276,0
DA:280,0
DA:281,0
DA:283,0
DA:284,0
DA:285,0
DA:289,0
DA:290,0
DA:292,0
DA:293,0
DA:294,0
DA:298,0
DA:299,0
DA:302,0
DA:303,0
DA:304,0
DA:308,0
DA:309,0
DA:310,0
DA:311,0
DA:313,0
DA:316,0
DA:323,0
DA:329,0
DA:330,0
DA:333,0
DA:334,0
DA:335,0
DA:336,0
DA:338,0
DA:342,0
DA:343,0
DA:344,0
DA:345,0
DA:349,0
DA:350,0
DA:351,0
DA:352,0
DA:356,0
DA:357,0
DA:358,0
DA:361,0
DA:362,0
DA:363,0
DA:365,0
DA:366,0
DA:371,0
DA:372,0
DA:373,0
DA:374,0
DA:378,0
DA:379,0
DA:380,0
DA:383,0
DA:390,0
DA:392,0
DA:393,0
DA:394,0
DA:396,0
DA:398,0
DA:399,0
DA:400,0
DA:402,0
DA:407,0
DA:410,0
DA:412,0
DA:420,0
DA:421,0
DA:423,0
DA:424,0
DA:425,0
DA:427,0
DA:428,0
DA:430,0
DA:431,0
DA:432,0
DA:439,0
DA:446,0
DA:448,0
DA:449,0
DA:451,0
DA:452,0
DA:454,0
DA:455,0
DA:457,0
DA:458,0
DA:459,0
DA:460,0
DA:461,0
DA:465,0
DA:466,0
DA:478,0
DA:480,0
DA:481,0
DA:483,0
DA:484,0
DA:485,0
DA:489,0
DA:490,0
DA:491,0
DA:492,0
DA:499,0
LF:218
LH:0
BRDA:52,0,0,0
BRDA:52,0,1,0
BRDA:55,1,0,0
BRDA:55,1,1,0
BRDA:55,2,0,0
BRDA:55,2,1,0
BRDA:57,3,0,0
BRDA:57,3,1,0
BRDA:59,4,0,0
BRDA:59,4,1,0
BRDA:59,5,0,0
BRDA:59,5,1,0
BRDA:68,6,0,0
BRDA:68,6,1,0
BRDA:68,7,0,0
BRDA:68,7,1,0
BRDA:75,8,0,0
BRDA:75,8,1,0
BRDA:81,9,0,0
BRDA:81,9,1,0
BRDA:83,10,0,0
BRDA:83,10,1,0
BRDA:86,11,0,0
BRDA:86,11,1,0
BRDA:86,12,0,0
BRDA:86,12,1,0
BRDA:89,13,0,0
BRDA:89,13,1,0
BRDA:97,14,0,0
BRDA:97,14,1,0
BRDA:97,15,0,0
BRDA:97,15,1,0
BRDA:104,16,0,0
BRDA:104,16,1,0
BRDA:116,17,0,0
BRDA:116,17,1,0
BRDA:167,18,0,0
BRDA:167,18,1,0
BRDA:170,19,0,0
BRDA:170,19,1,0
BRDA:191,20,0,0
BRDA:191,20,1,0
BRDA:193,21,0,0
BRDA:193,21,1,0
BRDA:199,22,0,0
BRDA:199,22,1,0
BRDA:232,23,0,0
BRDA:232,23,1,0
BRDA:240,24,0,0
BRDA:240,24,1,0
BRDA:242,25,0,0
BRDA:242,25,1,0
BRDA:244,26,0,0
BRDA:244,26,1,0
BRDA:267,27,0,0
BRDA:267,27,1,0
BRDA:274,28,0,0
BRDA:274,28,1,0
BRDA:283,29,0,0
BRDA:283,29,1,0
BRDA:292,30,0,0
BRDA:292,30,1,0
BRDA:302,31,0,0
BRDA:302,31,1,0
BRDA:308,32,0,0
BRDA:308,32,1,0
BRDA:310,33,0,0
BRDA:310,33,1,0
BRDA:333,34,0,0
BRDA:333,34,1,0
BRDA:334,35,0,0
BRDA:334,35,1,0
BRDA:342,36,0,0
BRDA:342,36,1,0
BRDA:343,37,0,0
BRDA:343,37,1,0
BRDA:349,38,0,0
BRDA:349,38,1,0
BRDA:350,39,0,0
BRDA:350,39,1,0
BRDA:356,40,0,0
BRDA:356,40,1,0
BRDA:365,41,0,0
BRDA:365,41,1,0
BRDA:371,42,0,0
BRDA:371,42,1,0
BRDA:372,43,0,0
BRDA:372,43,1,0
BRDA:378,44,0,0
BRDA:378,44,1,0
BRDA:378,45,0,0
BRDA:378,45,1,0
BRDA:390,46,0,0
BRDA:390,46,1,0
BRDA:396,47,0,0
BRDA:396,47,1,0
BRDA:400,48,0,0
BRDA:400,48,1,0
BRDA:427,49,0,0
BRDA:427,49,1,0
BRDA:430,50,0,0
BRDA:430,50,1,0
BRDA:432,51,0,0
BRDA:432,51,1,0
BRDA:446,52,0,0
BRDA:446,52,1,0
BRDA:452,53,0,0
BRDA:452,53,1,0
BRDA:454,54,0,0
BRDA:454,54,1,0
BRDA:458,55,0,0
BRDA:458,55,1,0
BRDA:460,56,0,0
BRDA:460,56,1,0
BRDA:461,57,0,0
BRDA:461,57,1,0
BRDA:466,58,0,0
BRDA:466,58,1,0
BRDA:477,59,0,0
BRDA:478,60,0,0
BRDA:478,60,1,0
BRDA:484,61,0,0
BRDA:484,61,1,0
BRDA:484,62,0,0
BRDA:484,62,1,0
BRDA:490,63,0,0
BRDA:490,63,1,0
BRDA:490,64,0,0
BRDA:490,64,1,0
BRDA:492,65,0,0
BRDA:492,65,1,0
BRF:131
BRH:0
end_of_record
TN:
SF:lib/analyzers/utils.js
FN:4,recursiveGlob
FNF:1
FNH:1
FNDA:31,recursiveGlob
DA:5,31
DA:6,31
DA:8,31
DA:9,31
DA:12,31
DA:13,1
DA:16,30
DA:17,5
DA:18,5
DA:19,25
DA:21,25
DA:22,25
DA:23,6
DA:28,31
LF:14
LH:14
BRDA:12,0,0,1
BRDA:12,0,1,30
BRDA:16,1,0,5
BRDA:16,1,1,25
BRDA:19,2,0,25
BRDA:19,2,1,0
BRDA:22,3,0,6
BRDA:22,3,1,19
BRF:8
BRH:7
end_of_record
TN:
SF:lib/commands/catalog.js
FN:9,catalog
FN:20,(anonymous_1)
FN:21,(anonymous_2)
FN:32,(anonymous_3)
FN:68,(anonymous_4)
FN:69,(anonymous_5)
FN:78,(anonymous_6)
FNF:7
FNH:6
FNDA:10,catalog
FNDA:2,(anonymous_1)
FNDA:0,(anonymous_2)
FNDA:4,(anonymous_3)
FNDA:7,(anonymous_4)
FNDA:7,(anonymous_5)
FNDA:7,(anonymous_6)
DA:16,10
DA:19,10
DA:24,10
DA:26,10
DA:29,10
DA:30,10
DA:32,4
DA:33,3
DA:35,7
DA:36,6
DA:40,9
DA:41,2
DA:45,1
DA:46,1
DA:50,10
DA:51,2
DA:55,2
DA:59,8
DA:60,8
DA:62,7
DA:63,2
DA:64,2
DA:68,7
DA:69,7
DA:72,5
DA:73,5
DA:74,5
DA:75,5
DA:78,5
DA:79,7
DA:80,7
DA:83,7
DA:84,7
DA:86,7
DA:89,7
DA:90,5
DA:91,5
DA:92,5
DA:94,2
DA:95,2
DA:99,5
DA:102,5
DA:103,2
DA:104,2
DA:105,2
DA:109,5
DA:110,5
DA:114,1
DA:115,1
DA:116,1
LF:50
LH:50
BRDA:9,0,0,0
BRDA:11,1,0,0
BRDA:19,2,0,2
BRDA:19,2,1,8
BRDA:30,3,0,3
BRDA:30,3,1,7
BRDA:32,4,0,0
BRDA:32,4,1,3
BRDA:40,5,0,2
BRDA:40,5,1,7
BRDA:40,6,0,9
BRDA:40,6,1,2
BRDA:50,7,0,2
BRDA:50,7,1,8
BRDA:62,8,0,2
BRDA:62,8,1,5
BRDA:80,9,0,0
BRDA:80,9,1,7
BRDA:89,10,0,5
BRDA:89,10,1,2
BRDA:102,11,0,2
BRDA:102,11,1,3
BRDA:102,12,0,5
BRDA:102,12,1,2
BRDA:103,13,0,0
BRDA:103,13,1,2
BRDA:109,14,0,5
BRDA:109,14,1,0
BRDA:109,15,0,5
BRDA:109,15,1,5
BRF:30
BRH:24
end_of_record
TN:
SF:lib/commands/docs.js
FN:18,docs
FNF:1
FNH:1
FNDA:9,docs
DA:9,1
DA:10,1
DA:26,9
DA:28,9
DA:30,9
DA:31,9
DA:34,9
DA:35,3
DA:36,3
DA:42,3
DA:46,6
DA:47,1
DA:48,1
DA:49,1
DA:50,1
DA:51,1
DA:52,1
DA:53,1
DA:54,1
DA:55,1
DA:56,1
DA:57,1
DA:58,1
DA:62,5
DA:65,4
DA:68,4
DA:69,4
DA:70,4
DA:71,4
DA:74,4
DA:77,4
DA:78,0
DA:87,0
DA:91,4
DA:92,4
DA:95,4
DA:96,1
DA:97,1
DA:98,1
DA:99,1
DA:100,1
DA:104,4
DA:105,1
DA:108,4
DA:115,1
DA:116,0
DA:121,0
DA:124,1
DA:125,1
DA:126,1
DA:128,1
LF:51
LH:47
BRDA:18,0,0,0
BRDA:23,1,0,4
BRDA:24,2,0,2
BRDA:25,3,0,4
BRDA:31,4,0,9
BRDA:31,4,1,7
BRDA:34,5,0,3
BRDA:34,5,1,6
BRDA:34,6,0,9
BRDA:34,6,1,4
BRDA:46,7,0,1
BRDA:46,7,1,5
BRDA:51,8,0,1
BRDA:51,8,1,0
BRDA:52,9,0,1
BRDA:52,9,1,1
BRDA:52,10,0,1
BRDA:52,10,1,1
BRDA:53,11,0,1
BRDA:53,11,1,0
BRDA:56,12,0,1
BRDA:56,12,1,1
BRDA:57,13,0,0
BRDA:57,13,1,1
BRDA:65,14,0,4
BRDA:65,14,1,3
BRDA:65,14,2,0
BRDA:77,15,0,0
BRDA:77,15,1,4
BRDA:83,16,0,0
BRDA:83,16,1,0
BRDA:84,17,0,0
BRDA:84,17,1,0
BRDA:95,18,0,1
BRDA:95,18,1,3
BRDA:97,19,0,1
BRDA:97,19,1,0
BRDA:98,20,0,1
BRDA:98,20,1,1
BRDA:98,21,0,1
BRDA:98,21,1,1
BRDA:99,22,0,1
BRDA:99,22,1,0
BRDA:104,23,0,1
BRDA:104,23,1,3
BRDA:115,24,0,0
BRDA:115,24,1,1
BRDA:115,25,0,1
BRDA:115,25,1,1
BRDA:125,26,0,1
BRDA:125,26,1,0
BRF:51
BRH:37
end_of_record
TN:
SF:lib/visualizers/index.js
FN:20,loadInstalledSkills
FN:23,(anonymous_1)
FN:49,parseSkillFile
FN:105,loadUserSkills
FN:206,deriveIdeCompatibility
FN:248,loadCatalogSkills
FN:253,(anonymous_6)
FN:269,transformCatalogSkill
FN:293,transformInstalledSkill
FN:317,_detectCurrentIdeForFilter
FN:344,detectCurrentIde
FN:366,mergeSkills
FN:369,(anonymous_12)
FN:402,computeStats
FN:447,gatherData
FN:472,renderIdeTabs
FN:486,(anonymous_16)
FN:496,renderSidebarStats
FN:525,generateSearchBarHtml
FN:535,generateSkillGridHtml
FN:542,prepareSkillsData
FN:545,(anonymous_21)
FN:561,renderScript
FN:804,renderHtml
FN:810,(anonymous_24)
FN:846,generateVisualization
FN:866,(anonymous_26)
FN:870,(anonymous_27)
FN:875,(anonymous_28)
FN:876,(anonymous_29)
FNF:30
FNH:20
FNDA:6,loadInstalledSkills
FNDA:5,(anonymous_1)
FNDA:12,parseSkillFile
FNDA:11,loadUserSkills
FNDA:21,deriveIdeCompatibility
FNDA:15,loadCatalogSkills
FNDA:13,(anonymous_6)
FNDA:13,transformCatalogSkill
FNDA:0,transformInstalledSkill
FNDA:0,_detectCurrentIdeForFilter
FNDA:0,detectCurrentIde
FNDA:8,mergeSkills
FNDA:24,(anonymous_12)
FNDA:8,computeStats
FNDA:8,gatherData
FNDA:2,renderIdeTabs
FNDA:20,(anonymous_16)
FNDA:2,renderSidebarStats
FNDA:2,generateSearchBarHtml
FNDA:2,generateSkillGridHtml
FNDA:0,prepareSkillsData
FNDA:0,(anonymous_21)
FNDA:23,renderScript
FNDA:2,renderHtml
FNDA:1,(anonymous_24)
FNDA:0,generateVisualization
FNDA:0,(anonymous_26)
FNDA:0,(anonymous_27)
FNDA:0,(anonymous_28)
FNDA:0,(anonymous_29)
DA:11,2
DA:12,2
DA:21,6
DA:22,6
DA:23,5
DA:38,1
DA:50,12
DA:51,12
DA:54,12
DA:56,12
DA:58,1
DA:59,1
DA:65,11
DA:67,11
DA:68,11
DA:70,9
DA:81,2
DA:82,2
DA:89,0
DA:90,0
DA:106,11
DA:108,11
DA:110,11
DA:111,1
DA:114,10
DA:116,10
DA:117,10
DA:118,1
DA:122,9
DA:124,8
DA:125,9
DA:128,9
DA:130,6
DA:131,6
DA:133,6
DA:134,6
DA:135,6
DA:136,6
DA:137,6
DA:138,6
DA:142,6
DA:143,6
DA:145,6
DA:153,3
DA:155,3
DA:156,3
DA:160,3
DA:161,2
DA:162,2
DA:166,2
DA:168,1
DA:171,1
DA:175,2
DA:187,0
DA:192,1
DA:196,11
DA:207,21
DA:208,1
DA:211,20
DA:229,20
DA:231,20
DA:232,46
DA:233,46
DA:234,32
DA:238,20
DA:249,15
DA:251,15
DA:253,14
DA:255,13
DA:257,13
DA:258,13
DA:262,1
DA:270,13
DA:294,0
DA:318,0
DA:319,0
DA:321,0
DA:322,0
DA:332,0
DA:337,0
DA:345,0
DA:346,0
DA:347,0
DA:348,0
DA:353,0
DA:367,8
DA:369,8
DA:370,24
DA:371,24
DA:372,15
DA:373,15
DA:374,15
DA:375,15
DA:376,15
DA:377,15
DA:383,8
DA:384,8
DA:385,8
DA:387,8
DA:388,8
DA:389,11
DA:390,11
DA:393,8
DA:403,8
DA:405,8
DA:406,8
DA:407,8
DA:409,8
DA:411,11
DA:412,11
DA:415,11
DA:416,11
DA:417,13
DA:418,13
DA:424,11
DA:425,11
DA:426,13
DA:427,13
DA:433,8
DA:449,8
DA:450,8
DA:451,8
DA:452,8
DA:454,8
DA:455,8
DA:456,8
DA:458,8
DA:459,8
DA:460,8
DA:462,8
DA:473,2
DA:486,2
DA:487,20
DA:488,20
DA:489,20
DA:497,2
DA:498,2
DA:499,2
DA:500,2
DA:502,2
DA:526,2
DA:536,2
DA:543,0
DA:544,0
DA:545,0
DA:546,0
DA:549,0
DA:562,23
DA:805,2
DA:808,2
DA:809,2
DA:810,1
DA:811,1
DA:814,2
DA:820,2
DA:821,2
DA:822,2
DA:823,2
DA:824,2
DA:825,2
DA:826,2
DA:827,2
DA:828,2
DA:831,2
DA:854,0
DA:856,0
DA:858,0
DA:859,0
DA:862,0
DA:863,0
DA:866,0
DA:867,0
DA:870,0
DA:871,0
DA:875,0
DA:876,0
DA:878,0
DA:881,0
DA:884,0
DA:885,0
DA:888,0
DA:891,0
DA:903,0
DA:904,0
DA:913,0
DA:916,0
DA:917,0
DA:918,0
DA:919,0
DA:920,0
DA:921,0
DA:922,0
DA:923,0
DA:927,0
DA:928,0
DA:930,0
DA:931,0
DA:932,0
DA:936,0
DA:937,0
DA:940,0
DA:947,0
DA:948,0
DA:953,0
DA:956,0
DA:957,0
DA:958,0
DA:960,0
LF:208
LH:144
BRDA:27,0,0,5
BRDA:27,0,1,5
BRDA:28,1,0,5
BRDA:28,1,1,5
BRDA:29,2,0,5
BRDA:29,2,1,5
BRDA:30,3,0,5
BRDA:30,3,1,5
BRDA:31,4,0,5
BRDA:31,4,1,5
BRDA:32,5,0,5
BRDA:32,5,1,5
BRDA:33,6,0,5
BRDA:33,6,1,5
BRDA:56,7,0,1
BRDA:56,7,1,11
BRDA:71,8,0,9
BRDA:71,8,1,0
BRDA:72,9,0,9
BRDA:72,9,1,0
BRDA:73,10,0,1
BRDA:73,10,1,8
BRDA:74,11,0,9
BRDA:74,11,1,0
BRDA:75,12,0,1
BRDA:75,12,1,8
BRDA:76,13,0,1
BRDA:76,13,1,8
BRDA:77,14,0,9
BRDA:77,14,1,8
BRDA:105,15,0,0
BRDA:110,16,0,1
BRDA:110,16,1,10
BRDA:110,17,0,11
BRDA:110,17,1,10
BRDA:117,18,0,1
BRDA:117,18,1,9
BRDA:128,19,0,6
BRDA:128,19,1,3
BRDA:136,20,0,6
BRDA:136,20,1,0
BRDA:142,21,0,6
BRDA:142,21,1,0
BRDA:150,22,0,6
BRDA:150,22,1,0
BRDA:153,23,0,3
BRDA:153,23,1,0
BRDA:156,24,0,3
BRDA:156,24,1,2
BRDA:156,24,2,2
BRDA:160,25,0,2
BRDA:160,25,1,1
BRDA:166,26,0,1
BRDA:166,26,1,1
BRDA:166,27,0,2
BRDA:166,27,1,1
BRDA:180,28,0,2
BRDA:180,28,1,0
BRDA:207,29,0,1
BRDA:207,29,1,20
BRDA:207,30,0,21
BRDA:207,30,1,21
BRDA:233,31,0,32
BRDA:233,31,1,14
BRDA:238,32,0,16
BRDA:238,32,1,4
BRDA:251,33,0,15
BRDA:251,33,1,14
BRDA:257,34,0,13
BRDA:257,34,1,0
BRDA:274,35,0,13
BRDA:274,35,1,1
BRDA:277,36,0,13
BRDA:277,36,1,0
BRDA:278,37,0,13
BRDA:278,37,1,0
BRDA:280,38,0,13
BRDA:280,38,1,0
BRDA:281,39,0,13
BRDA:281,39,1,0
BRDA:283,40,0,13
BRDA:283,40,1,12
BRDA:295,41,0,0
BRDA:295,41,1,0
BRDA:299,42,0,0
BRDA:299,42,1,0
BRDA:302,43,0,0
BRDA:302,43,1,0
BRDA:303,44,0,0
BRDA:303,44,1,0
BRDA:321,45,0,0
BRDA:321,45,1,0
BRDA:332,46,0,0
BRDA:332,46,1,0
BRDA:347,47,0,0
BRDA:347,47,1,0
BRDA:370,48,0,0
BRDA:370,48,1,24
BRDA:372,49,0,0
BRDA:372,49,1,15
BRDA:372,50,0,15
BRDA:372,50,1,15
BRDA:373,51,0,15
BRDA:373,51,1,0
BRDA:374,52,0,0
BRDA:374,52,1,15
BRDA:376,53,0,15
BRDA:376,53,1,0
BRDA:376,54,0,15
BRDA:376,54,1,4
BRDA:411,55,0,11
BRDA:411,55,1,0
BRDA:412,56,0,11
BRDA:412,56,1,8
BRDA:415,57,0,11
BRDA:415,57,1,0
BRDA:417,58,0,13
BRDA:417,58,1,0
BRDA:418,59,0,13
BRDA:418,59,1,10
BRDA:424,60,0,11
BRDA:424,60,1,0
BRDA:426,61,0,13
BRDA:426,61,1,0
BRDA:427,62,0,13
BRDA:427,62,1,11
BRDA:447,63,0,0
BRDA:449,64,0,8
BRDA:449,64,1,0
BRDA:450,65,0,8
BRDA:450,65,1,0
BRDA:451,66,0,8
BRDA:451,66,1,0
BRDA:452,67,0,8
BRDA:452,67,1,0
BRDA:487,68,0,2
BRDA:487,68,1,18
BRDA:488,69,0,2
BRDA:488,69,1,18
BRDA:498,70,0,2
BRDA:498,70,1,1
BRDA:498,71,0,2
BRDA:498,71,1,2
BRDA:499,72,0,2
BRDA:499,72,1,2
BRDA:500,73,0,2
BRDA:500,73,1,0
BRDA:544,74,0,0
BRDA:544,74,1,0
BRDA:544,75,0,0
BRDA:544,75,1,0
BRDA:546,76,0,0
BRDA:546,76,1,0
BRDA:804,77,0,0
BRDA:809,78,0,1
BRDA:809,78,1,1
BRDA:811,79,0,1
BRDA:811,79,1,1
BRDA:824,80,0,1
BRDA:824,80,1,1
BRDA:846,81,0,0
BRDA:848,82,0,0
BRDA:849,83,0,0
BRDA:850,84,0,0
BRDA:851,85,0,0
BRDA:852,86,0,0
BRDA:853,87,0,0
BRDA:863,88,0,0
BRDA:863,88,1,0
BRDA:896,89,0,0
BRDA:896,89,1,0
BRDA:903,90,0,0
BRDA:903,90,1,0
BRDA:916,91,0,0
BRDA:916,91,1,0
BRDA:922,92,0,0
BRDA:922,92,1,0
BRDA:930,93,0,0
BRDA:930,93,1,0
BRDA:936,94,0,0
BRDA:936,94,1,0
BRDA:947,95,0,0
BRDA:947,95,1,0
BRDA:947,96,0,0
BRDA:947,96,1,0
BRDA:957,97,0,0
BRDA:957,97,1,0
BRF:187
BRH:109
end_of_record
TN:
SF:lib/visualizers/skill-card.js
FN:9,getStatusBadge
FN:22,renderIdeBadges
FN:27,(anonymous_2)
FN:39,renderDomainTags
FN:44,(anonymous_4)
FN:56,truncateDescription
FN:77,renderSkillCard
FN:140,(anonymous_7)
FN:152,(anonymous_8)
FN:164,(anonymous_9)
FNF:10
FNH:10
FNDA:14,getStatusBadge
FNDA:14,renderIdeBadges
FNDA:24,(anonymous_2)
FNDA:14,renderDomainTags
FNDA:24,(anonymous_4)
FNDA:8,truncateDescription
FNDA:14,renderSkillCard
FNDA:9,(anonymous_7)
FNDA:9,(anonymous_8)
FNDA:14,(anonymous_9)
DA:10,14
DA:11,14
DA:12,14
DA:13,14
DA:23,14
DA:24,1
DA:27,13
DA:28,24
DA:29,24
DA:40,14
DA:41,2
DA:44,12
DA:45,24
DA:57,8
DA:58,8
DA:59,1
DA:78,14
DA:79,0
DA:94,14
DA:96,14
DA:97,14
DA:98,14
DA:99,14
DA:100,14
DA:103,14
DA:106,14
DA:109,14
DA:112,14
DA:118,14
DA:119,14
DA:122,14
DA:134,14
DA:136,6
DA:137,5
DA:140,5
DA:141,9
DA:143,5
DA:148,6
DA:149,5
DA:152,5
DA:153,9
DA:155,5
DA:160,6
DA:161,5
DA:164,5
DA:165,14
DA:167,5
DA:172,6
DA:173,5
DA:181,6
DA:184,14
DA:186,14
LF:52
LH:51
BRDA:10,0,0,14
BRDA:10,0,1,0
BRDA:23,1,0,1
BRDA:23,1,1,13
BRDA:23,2,0,14
BRDA:23,2,1,14
BRDA:40,3,0,2
BRDA:40,3,1,12
BRDA:40,4,0,14
BRDA:40,4,1,14
BRDA:56,5,0,8
BRDA:57,6,0,0
BRDA:57,6,1,8
BRDA:58,7,0,7
BRDA:58,7,1,1
BRDA:77,8,0,0
BRDA:78,9,0,0
BRDA:78,9,1,14
BRDA:78,10,0,14
BRDA:78,10,1,14
BRDA:83,11,0,0
BRDA:84,12,0,0
BRDA:86,13,0,0
BRDA:87,14,0,0
BRDA:88,15,0,0
BRDA:89,16,0,0
BRDA:90,17,0,0
BRDA:91,18,0,0
BRDA:92,19,0,0
BRDA:93,20,0,0
BRDA:97,21,0,14
BRDA:97,21,1,3
BRDA:103,22,0,13
BRDA:103,22,1,1
BRDA:103,23,0,14
BRDA:103,23,1,14
BRDA:118,24,0,6
BRDA:118,24,1,8
BRDA:134,25,0,6
BRDA:134,25,1,8
BRDA:136,26,0,5
BRDA:136,26,1,1
BRDA:136,27,0,6
BRDA:136,27,1,6
BRDA:148,28,0,5
BRDA:148,28,1,1
BRDA:148,29,0,6
BRDA:148,29,1,6
BRDA:160,30,0,5
BRDA:160,30,1,1
BRDA:160,31,0,6
BRDA:160,31,1,6
BRDA:172,32,0,5
BRDA:172,32,1,1
BRF:54
BRH:40
end_of_record
TN:
SF:lib/visualizers/template.js
FN:14,getTemplateString
FNF:1
FNH:1
FNDA:8,getTemplateString
DA:5,3
DA:6,3
DA:8,3
DA:15,8
LF:4
LH:4
BRF:0
BRH:0
end_of_record
TN:
SF:lib/visualizers/utils.js
FN:17,escapeHtml
FN:33,escapeJsonForScript
FN:47,readTemplate
FN:63,openBrowser
FNF:4
FNH:4
FNDA:212,escapeHtml
FNDA:8,escapeJsonForScript
FNDA:3,readTemplate
FNDA:6,openBrowser
DA:7,4
DA:8,4
DA:18,212
DA:34,8
DA:48,3
DA:49,3
DA:50,1
DA:52,2
DA:64,6
DA:65,6
DA:66,6
DA:69,6
DA:71,4
DA:72,4
DA:74,1
DA:75,1
DA:77,1
DA:78,1
DA:80,0
DA:83,6
DA:85,1
LF:21
LH:20
BRDA:69,0,0,4
BRDA:69,0,1,1
BRDA:69,0,2,1
BRDA:69,0,3,0
BRF:4
BRH:3
end_of_record
