TN:
SF:lib/catalog.js
FN:53,validateType
FN:77,validateSkill
FN:134,(anonymous_2)
FN:142,(anonymous_3)
FN:153,(anonymous_4)
FN:171,validateCatalog
FN:200,(anonymous_6)
FN:208,(anonymous_7)
FN:215,(anonymous_8)
FN:216,(anonymous_9)
FN:234,loadCatalog
FN:246,(anonymous_11)
FN:269,searchCatalog
FN:283,(anonymous_13)
FN:287,(anonymous_14)
FN:288,(anonymous_15)
FN:303,(anonymous_16)
FN:311,(anonymous_17)
FN:319,(anonymous_18)
FN:327,(anonymous_19)
FN:328,(anonymous_20)
FN:337,(anonymous_21)
FN:338,(anonymous_22)
FN:347,(anonymous_23)
FN:354,(anonymous_24)
FN:358,(anonymous_25)
FN:363,(anonymous_26)
FN:368,(anonymous_27)
FN:388,filterByDomain
FN:396,(anonymous_29)
FN:398,(anonymous_30)
FN:399,(anonymous_31)
FN:403,(anonymous_32)
FN:406,(anonymous_33)
FN:418,getSkillByUrl
FN:423,(anonymous_35)
FN:457,getSkillByName
FN:462,(anonymous_37)
FN:471,getDomains
FN:475,(anonymous_39)
FN:486,getTags
FN:490,(anonymous_41)
FN:503,getSkillsByStars
FN:511,(anonymous_43)
FN:525,getSkillsByCapability
FN:530,(anonymous_45)
FN:531,(anonymous_46)
FN:542,getSkillsByDependency
FN:547,(anonymous_48)
FN:548,(anonymous_49)
FN:557,validateCatalogFile
FNF:51
FNH:0
FNDA:0,validateType
FNDA:0,validateSkill
FNDA:0,(anonymous_2)
FNDA:0,(anonymous_3)
FNDA:0,(anonymous_4)
FNDA:0,validateCatalog
FNDA:0,(anonymous_6)
FNDA:0,(anonymous_7)
FNDA:0,(anonymous_8)
FNDA:0,(anonymous_9)
FNDA:0,loadCatalog
FNDA:0,(anonymous_11)
FNDA:0,searchCatalog
FNDA:0,(anonymous_13)
FNDA:0,(anonymous_14)
FNDA:0,(anonymous_15)
FNDA:0,(anonymous_16)
FNDA:0,(anonymous_17)
FNDA:0,(anonymous_18)
FNDA:0,(anonymous_19)
FNDA:0,(anonymous_20)
FNDA:0,(anonymous_21)
FNDA:0,(anonymous_22)
FNDA:0,(anonymous_23)
FNDA:0,(anonymous_24)
FNDA:0,(anonymous_25)
FNDA:0,(anonymous_26)
FNDA:0,(anonymous_27)
FNDA:0,filterByDomain
FNDA:0,(anonymous_29)
FNDA:0,(anonymous_30)
FNDA:0,(anonymous_31)
FNDA:0,(anonymous_32)
FNDA:0,(anonymous_33)
FNDA:0,getSkillByUrl
FNDA:0,(anonymous_35)
FNDA:0,getSkillByName
FNDA:0,(anonymous_37)
FNDA:0,getDomains
FNDA:0,(anonymous_39)
FNDA:0,getTags
FNDA:0,(anonymous_41)
FNDA:0,getSkillsByStars
FNDA:0,(anonymous_43)
FNDA:0,getSkillsByCapability
FNDA:0,(anonymous_45)
FNDA:0,(anonymous_46)
FNDA:0,getSkillsByDependency
FNDA:0,(anonymous_48)
FNDA:0,(anonymous_49)
FNDA:0,validateCatalogFile
DA:5,1
DA:6,1
DA:16,1
DA:21,1
DA:29,1
DA:54,0
DA:55,0
DA:58,0
DA:60,0
DA:62,0
DA:64,0
DA:66,0
DA:68,0
DA:78,0
DA:80,0
DA:81,0
DA:82,0
DA:83,0
DA:86,0
DA:87,0
DA:92,0
DA:93,0
DA:96,0
DA:97,0
DA:100,0
DA:101,0
DA:104,0
DA:105,0
DA:106,0
DA:107,0
DA:111,0
DA:112,0
DA:115,0
DA:116,0
DA:117,0
DA:118,0
DA:122,0
DA:123,0
DA:124,0
DA:125,0
DA:130,0
DA:131,0
DA:132,0
DA:134,0
DA:135,0
DA:136,0
DA:141,0
DA:142,0
DA:143,0
DA:144,0
DA:149,0
DA:150,0
DA:151,0
DA:153,0
DA:154,0
DA:155,0
DA:160,0
DA:172,0
DA:175,0
DA:176,0
DA:177,0
DA:178,0
DA:181,0
DA:182,0
DA:187,0
DA:188,0
DA:189,0
DA:190,0
DA:195,0
DA:196,0
DA:197,0
DA:200,0
DA:201,0
DA:202,0
DA:203,0
DA:206,0
DA:207,0
DA:208,0
DA:209,0
DA:215,0
DA:216,0
DA:217,0
DA:218,0
DA:222,0
DA:235,0
DA:236,0
DA:237,0
DA:238,0
DA:241,0
DA:244,0
DA:245,0
DA:246,0
DA:247,0
DA:250,0
DA:252,0
DA:253,0
DA:255,0
DA:274,0
DA:276,0
DA:277,0
DA:280,0
DA:281,0
DA:283,0
DA:284,0
DA:285,0
DA:286,0
DA:287,0
DA:288,0
DA:290,0
DA:300,0
DA:301,0
DA:302,0
DA:303,0
DA:304,0
DA:305,0
DA:309,0
DA:310,0
DA:311,0
DA:312,0
DA:313,0
DA:317,0
DA:318,0
DA:319,0
DA:320,0
DA:321,0
DA:325,0
DA:326,0
DA:327,0
DA:328,0
DA:329,0
DA:330,0
DA:335,0
DA:336,0
DA:337,0
DA:338,0
DA:339,0
DA:340,0
DA:345,0
DA:346,0
DA:347,0
DA:348,0
DA:349,0
DA:353,0
DA:354,0
DA:357,0
DA:358,0
DA:361,0
DA:362,0
DA:363,0
DA:366,0
DA:367,0
DA:368,0
DA:373,0
DA:374,0
DA:377,0
DA:392,0
DA:394,0
DA:395,0
DA:396,0
DA:398,0
DA:399,0
DA:401,0
DA:403,0
DA:406,0
DA:419,0
DA:421,0
DA:423,0
DA:425,0
DA:426,0
DA:430,0
DA:431,0
DA:435,0
DA:436,0
DA:439,0
DA:440,0
DA:443,0
DA:458,0
DA:460,0
DA:462,0
DA:472,0
DA:474,0
DA:475,0
DA:477,0
DA:487,0
DA:489,0
DA:490,0
DA:492,0
DA:508,0
DA:510,0
DA:511,0
DA:512,0
DA:515,0
DA:526,0
DA:528,0
DA:530,0
DA:531,0
DA:543,0
DA:545,0
DA:547,0
DA:548,0
DA:558,0
DA:559,0
DA:560,0
DA:561,0
DA:567,0
DA:568,0
DA:570,0
LF:207
LH:5
BRDA:54,0,0,0
BRDA:54,0,1,0
BRDA:54,1,0,0
BRDA:54,1,1,0
BRDA:58,2,0,0
BRDA:58,2,1,0
BRDA:58,2,2,0
BRDA:58,2,3,0
BRDA:58,2,4,0
BRDA:62,3,0,0
BRDA:62,3,1,0
BRDA:81,4,0,0
BRDA:81,4,1,0
BRDA:86,5,0,0
BRDA:86,5,1,0
BRDA:92,6,0,0
BRDA:92,6,1,0
BRDA:92,7,0,0
BRDA:92,7,1,0
BRDA:92,7,2,0
BRDA:96,8,0,0
BRDA:96,8,1,0
BRDA:96,9,0,0
BRDA:96,9,1,0
BRDA:96,9,2,0
BRDA:100,10,0,0
BRDA:100,10,1,0
BRDA:100,11,0,0
BRDA:100,11,1,0
BRDA:100,11,2,0
BRDA:104,12,0,0
BRDA:104,12,1,0
BRDA:104,13,0,0
BRDA:104,13,1,0
BRDA:106,14,0,0
BRDA:106,14,1,0
BRDA:111,15,0,0
BRDA:111,15,1,0
BRDA:111,16,0,0
BRDA:111,16,1,0
BRDA:111,16,2,0
BRDA:115,17,0,0
BRDA:115,17,1,0
BRDA:115,18,0,0
BRDA:115,18,1,0
BRDA:117,19,0,0
BRDA:117,19,1,0
BRDA:122,20,0,0
BRDA:122,20,1,0
BRDA:122,21,0,0
BRDA:122,21,1,0
BRDA:124,22,0,0
BRDA:124,22,1,0
BRDA:130,23,0,0
BRDA:130,23,1,0
BRDA:130,24,0,0
BRDA:130,24,1,0
BRDA:131,25,0,0
BRDA:131,25,1,0
BRDA:135,26,0,0
BRDA:135,26,1,0
BRDA:141,27,0,0
BRDA:141,27,1,0
BRDA:141,28,0,0
BRDA:141,28,1,0
BRDA:143,29,0,0
BRDA:143,29,1,0
BRDA:149,30,0,0
BRDA:149,30,1,0
BRDA:149,31,0,0
BRDA:149,31,1,0
BRDA:150,32,0,0
BRDA:150,32,1,0
BRDA:154,33,0,0
BRDA:154,33,1,0
BRDA:176,34,0,0
BRDA:176,34,1,0
BRDA:181,35,0,0
BRDA:181,35,1,0
BRDA:187,36,0,0
BRDA:187,36,1,0
BRDA:187,37,0,0
BRDA:187,37,1,0
BRDA:189,38,0,0
BRDA:189,38,1,0
BRDA:195,39,0,0
BRDA:195,39,1,0
BRDA:195,40,0,0
BRDA:195,40,1,0
BRDA:196,41,0,0
BRDA:196,41,1,0
BRDA:201,42,0,0
BRDA:201,42,1,0
BRDA:201,43,0,0
BRDA:201,43,1,0
BRDA:207,44,0,0
BRDA:207,44,1,0
BRDA:217,45,0,0
BRDA:217,45,1,0
BRDA:234,46,0,0
BRDA:237,47,0,0
BRDA:237,47,1,0
BRDA:245,48,0,0
BRDA:245,48,1,0
BRDA:252,49,0,0
BRDA:252,49,1,0
BRDA:252,50,0,0
BRDA:252,50,1,0
BRDA:269,51,0,0
BRDA:271,52,0,0
BRDA:272,53,0,0
BRDA:273,54,0,0
BRDA:280,55,0,0
BRDA:280,55,1,0
BRDA:281,56,0,0
BRDA:281,56,1,0
BRDA:284,57,0,0
BRDA:284,57,1,0
BRDA:285,58,0,0
BRDA:285,58,1,0
BRDA:286,59,0,0
BRDA:286,59,1,0
BRDA:287,60,0,0
BRDA:287,60,1,0
BRDA:288,61,0,0
BRDA:288,61,1,0
BRDA:291,62,0,0
BRDA:291,62,1,0
BRDA:291,62,2,0
BRDA:291,62,3,0
BRDA:291,62,4,0
BRDA:300,63,0,0
BRDA:300,63,1,0
BRDA:300,64,0,0
BRDA:300,64,1,0
BRDA:301,65,0,0
BRDA:301,65,1,0
BRDA:302,66,0,0
BRDA:302,66,1,0
BRDA:304,67,0,0
BRDA:304,67,1,0
BRDA:309,68,0,0
BRDA:309,68,1,0
BRDA:310,69,0,0
BRDA:310,69,1,0
BRDA:312,70,0,0
BRDA:312,70,1,0
BRDA:317,71,0,0
BRDA:317,71,1,0
BRDA:318,72,0,0
BRDA:318,72,1,0
BRDA:320,73,0,0
BRDA:320,73,1,0
BRDA:325,74,0,0
BRDA:325,74,1,0
BRDA:326,75,0,0
BRDA:326,75,1,0
BRDA:329,76,0,0
BRDA:329,76,1,0
BRDA:335,77,0,0
BRDA:335,77,1,0
BRDA:336,78,0,0
BRDA:336,78,1,0
BRDA:339,79,0,0
BRDA:339,79,1,0
BRDA:345,80,0,0
BRDA:345,80,1,0
BRDA:346,81,0,0
BRDA:346,81,1,0
BRDA:348,82,0,0
BRDA:348,82,1,0
BRDA:353,83,0,0
BRDA:353,83,1,0
BRDA:357,84,0,0
BRDA:357,84,1,0
BRDA:361,85,0,0
BRDA:361,85,1,0
BRDA:366,86,0,0
BRDA:366,86,1,0
BRDA:373,87,0,0
BRDA:373,87,1,0
BRDA:388,88,0,0
BRDA:390,89,0,0
BRDA:391,90,0,0
BRDA:395,91,0,0
BRDA:395,91,1,0
BRDA:401,92,0,0
BRDA:401,92,1,0
BRDA:418,93,0,0
BRDA:419,94,0,0
BRDA:425,95,0,0
BRDA:425,95,1,0
BRDA:430,96,0,0
BRDA:430,96,1,0
BRDA:444,97,0,0
BRDA:444,97,1,0
BRDA:457,98,0,0
BRDA:458,99,0,0
BRDA:471,100,0,0
BRDA:472,101,0,0
BRDA:486,102,0,0
BRDA:487,103,0,0
BRDA:503,104,0,0
BRDA:505,105,0,0
BRDA:506,106,0,0
BRDA:507,107,0,0
BRDA:512,108,0,0
BRDA:512,108,1,0
BRDA:515,109,0,0
BRDA:515,109,1,0
BRDA:525,110,0,0
BRDA:526,111,0,0
BRDA:542,112,0,0
BRDA:543,113,0,0
BRDA:557,114,0,0
BRDA:560,115,0,0
BRDA:560,115,1,0
BRF:217
BRH:0
end_of_record
TN:
SF:lib/constants.js
FNF:0
FNH:0
DA:5,6
DA:6,6
DA:11,6
DA:26,6
DA:37,6
DA:38,6
DA:43,6
DA:65,6
DA:99,6
DA:128,6
DA:160,6
DA:172,6
DA:214,6
DA:220,6
DA:238,6
DA:254,6
DA:272,6
DA:284,6
DA:294,6
LF:19
LH:19
BRF:0
BRH:0
end_of_record
TN:
SF:lib/context.js
FN:16,detectRepoState
FN:18,(anonymous_1)
FN:18,(anonymous_2)
FN:19,(anonymous_3)
FN:19,(anonymous_4)
FN:21,(anonymous_5)
FN:59,detectIdes
FN:128,(anonymous_7)
FN:135,detectProjectType
FN:155,detectNodeProjectType
FN:206,detectPythonProjectType
FN:212,(anonymous_11)
FN:214,(anonymous_12)
FN:215,(anonymous_13)
FN:216,(anonymous_14)
FN:217,(anonymous_15)
FN:218,(anonymous_16)
FN:219,(anonymous_17)
FN:246,inferStackFromDependencies
FN:263,inferStarterSkills
FN:269,(anonymous_20)
FN:269,(anonymous_21)
FN:299,gatherContext
FN:552,analyzeProjectForIdeation
FN:584,(anonymous_24)
FN:608,(anonymous_25)
FN:609,(anonymous_26)
FN:610,(anonymous_27)
FNF:28
FNH:10
FNDA:2,detectRepoState
FNDA:62,(anonymous_1)
FNDA:26,(anonymous_2)
FNDA:62,(anonymous_3)
FNDA:36,(anonymous_4)
FNDA:26,(anonymous_5)
FNDA:0,detectIdes
FNDA:0,(anonymous_7)
FNDA:3,detectProjectType
FNDA:3,detectNodeProjectType
FNDA:0,detectPythonProjectType
FNDA:0,(anonymous_11)
FNDA:0,(anonymous_12)
FNDA:0,(anonymous_13)
FNDA:0,(anonymous_14)
FNDA:0,(anonymous_15)
FNDA:0,(anonymous_16)
FNDA:0,(anonymous_17)
FNDA:1,inferStackFromDependencies
FNDA:7,inferStarterSkills
FNDA:0,(anonymous_20)
FNDA:0,(anonymous_21)
FNDA:0,gatherContext
FNDA:0,analyzeProjectForIdeation
FNDA:0,(anonymous_24)
FNDA:0,(anonymous_25)
FNDA:0,(anonymous_26)
FNDA:0,(anonymous_27)
DA:17,2
DA:18,62
DA:19,62
DA:21,2
DA:22,26
DA:25,2
DA:28,2
DA:35,2
DA:46,4
DA:60,0
DA:63,0
DA:64,0
DA:74,0
DA:75,0
DA:85,0
DA:86,0
DA:96,0
DA:97,0
DA:107,0
DA:108,0
DA:118,0
DA:119,0
DA:128,0
DA:136,3
DA:137,3
DA:138,3
DA:139,3
DA:140,3
DA:141,3
DA:143,3
DA:144,0
DA:145,0
DA:146,0
DA:147,0
DA:149,0
DA:156,3
DA:157,3
DA:158,3
DA:159,3
DA:162,3
DA:163,3
DA:164,3
DA:165,3
DA:166,3
DA:167,3
DA:170,3
DA:171,3
DA:172,3
DA:173,3
DA:174,3
DA:175,3
DA:176,3
DA:179,3
DA:180,3
DA:181,3
DA:182,3
DA:183,3
DA:184,0
DA:185,0
DA:188,0
DA:189,0
DA:190,0
DA:191,0
DA:192,0
DA:193,0
DA:194,0
DA:197,0
DA:199,3
DA:207,0
DA:209,0
DA:210,0
DA:211,0
DA:212,0
DA:214,0
DA:215,0
DA:216,0
DA:217,0
DA:218,0
DA:219,0
DA:225,0
DA:226,0
DA:227,0
DA:228,0
DA:229,0
DA:231,0
DA:232,0
DA:233,0
DA:239,0
DA:247,1
DA:248,1
DA:249,0
DA:252,1
DA:253,1
DA:264,7
DA:265,7
DA:266,7
DA:267,7
DA:269,7
DA:271,7
DA:273,0
DA:274,0
DA:277,7
DA:278,0
DA:279,0
DA:282,7
DA:283,0
DA:284,0
DA:287,7
DA:288,0
DA:289,0
DA:292,7
DA:300,0
DA:301,0
DA:303,0
DA:320,0
DA:321,0
DA:325,0
DA:326,0
DA:327,0
DA:328,0
DA:329,0
DA:330,0
DA:333,0
DA:340,0
DA:358,0
DA:361,0
DA:391,0
DA:394,0
DA:395,0
DA:404,0
DA:406,0
DA:409,0
DA:410,0
DA:426,0
DA:427,0
DA:429,0
DA:430,0
DA:434,0
DA:464,0
DA:465,0
DA:468,0
DA:496,0
DA:499,0
DA:523,0
DA:526,0
DA:543,0
DA:545,0
DA:554,0
DA:557,0
DA:560,0
DA:563,0
DA:566,0
DA:569,0
DA:572,0
DA:575,0
DA:578,0
DA:579,0
DA:580,0
DA:584,0
DA:585,0
DA:586,0
DA:587,0
DA:588,0
DA:589,0
DA:593,0
DA:598,0
DA:599,0
DA:600,0
DA:604,0
DA:605,0
DA:606,0
DA:607,0
DA:608,0
DA:609,0
DA:610,0
DA:614,0
DA:618,0
DA:619,0
DA:620,0
DA:626,0
DA:629,0
DA:630,0
DA:631,0
DA:632,0
DA:633,0
DA:634,0
DA:635,0
DA:642,0
LF:188
LH:53
BRDA:28,0,0,2
BRDA:28,0,1,2
BRDA:28,0,2,2
BRDA:28,0,3,2
BRDA:28,0,4,2
BRDA:28,0,5,0
BRDA:36,1,0,2
BRDA:36,1,1,0
BRDA:36,1,2,0
BRDA:37,2,0,2
BRDA:37,2,1,0
BRDA:37,2,2,0
BRDA:59,3,0,0
BRDA:63,4,0,0
BRDA:63,4,1,0
BRDA:74,5,0,0
BRDA:74,5,1,0
BRDA:85,6,0,0
BRDA:85,6,1,0
BRDA:96,7,0,0
BRDA:96,7,1,0
BRDA:107,8,0,0
BRDA:107,8,1,0
BRDA:118,9,0,0
BRDA:118,9,1,0
BRDA:143,10,0,3
BRDA:143,10,1,0
BRDA:144,11,0,0
BRDA:144,11,1,0
BRDA:145,12,0,0
BRDA:145,12,1,0
BRDA:145,13,0,0
BRDA:145,13,1,0
BRDA:146,14,0,0
BRDA:146,14,1,0
BRDA:147,15,0,0
BRDA:147,15,1,0
BRDA:162,16,0,3
BRDA:162,16,1,0
BRDA:163,17,0,0
BRDA:163,17,1,3
BRDA:163,18,0,3
BRDA:163,18,1,3
BRDA:164,19,0,0
BRDA:164,19,1,3
BRDA:164,20,0,3
BRDA:164,20,1,3
BRDA:165,21,0,0
BRDA:165,21,1,3
BRDA:166,22,0,0
BRDA:166,22,1,3
BRDA:167,23,0,0
BRDA:167,23,1,3
BRDA:167,24,0,3
BRDA:167,24,1,3
BRDA:170,25,0,0
BRDA:170,25,1,3
BRDA:171,26,0,0
BRDA:171,26,1,3
BRDA:172,27,0,0
BRDA:172,27,1,3
BRDA:173,28,0,0
BRDA:173,28,1,3
BRDA:174,29,0,0
BRDA:174,29,1,3
BRDA:175,30,0,0
BRDA:175,30,1,3
BRDA:176,31,0,0
BRDA:176,31,1,3
BRDA:176,32,0,3
BRDA:176,32,1,3
BRDA:179,33,0,0
BRDA:179,33,1,3
BRDA:179,34,0,3
BRDA:179,34,1,3
BRDA:180,35,0,0
BRDA:180,35,1,3
BRDA:181,36,0,0
BRDA:181,36,1,3
BRDA:182,37,0,0
BRDA:182,37,1,3
BRDA:183,38,0,0
BRDA:183,38,1,0
BRDA:184,39,0,0
BRDA:184,39,1,0
BRDA:184,40,0,0
BRDA:184,40,1,0
BRDA:185,41,0,0
BRDA:185,41,1,0
BRDA:189,42,0,0
BRDA:189,42,1,0
BRDA:189,43,0,0
BRDA:189,43,1,0
BRDA:191,44,0,0
BRDA:191,44,1,0
BRDA:191,45,0,0
BRDA:191,45,1,0
BRDA:191,45,2,0
BRDA:193,46,0,0
BRDA:193,46,1,0
BRDA:193,47,0,0
BRDA:193,47,1,0
BRDA:193,47,2,0
BRDA:193,47,3,0
BRDA:209,48,0,0
BRDA:209,48,1,0
BRDA:214,49,0,0
BRDA:214,49,1,0
BRDA:215,50,0,0
BRDA:215,50,1,0
BRDA:216,51,0,0
BRDA:216,51,1,0
BRDA:217,52,0,0
BRDA:217,52,1,0
BRDA:218,53,0,0
BRDA:218,53,1,0
BRDA:218,54,0,0
BRDA:218,54,1,0
BRDA:219,55,0,0
BRDA:219,55,1,0
BRDA:225,56,0,0
BRDA:225,56,1,0
BRDA:228,57,0,0
BRDA:228,57,1,0
BRDA:231,58,0,0
BRDA:231,58,1,0
BRDA:232,59,0,0
BRDA:232,59,1,0
BRDA:233,60,0,0
BRDA:233,60,1,0
BRDA:248,61,0,0
BRDA:248,61,1,1
BRDA:254,62,0,1
BRDA:254,62,1,0
BRDA:255,63,0,1
BRDA:255,63,1,0
BRDA:256,64,0,1
BRDA:256,64,1,0
BRDA:263,65,0,0
BRDA:263,66,0,0
BRDA:264,67,0,7
BRDA:264,67,1,1
BRDA:265,68,0,7
BRDA:265,68,1,7
BRDA:266,69,0,7
BRDA:266,69,1,1
BRDA:271,70,0,0
BRDA:271,70,1,7
BRDA:271,71,0,7
BRDA:271,71,1,0
BRDA:274,72,0,0
BRDA:274,72,1,0
BRDA:277,73,0,0
BRDA:277,73,1,7
BRDA:279,74,0,0
BRDA:279,74,1,0
BRDA:282,75,0,0
BRDA:282,75,1,7
BRDA:284,76,0,0
BRDA:284,76,1,0
BRDA:287,77,0,0
BRDA:287,77,1,7
BRDA:287,78,0,7
BRDA:287,78,1,7
BRDA:289,79,0,0
BRDA:289,79,1,0
BRDA:299,80,0,0
BRDA:306,81,0,0
BRDA:306,81,1,0
BRDA:307,82,0,0
BRDA:307,82,1,0
BRDA:308,83,0,0
BRDA:308,83,1,0
BRDA:309,84,0,0
BRDA:309,84,1,0
BRDA:320,85,0,0
BRDA:320,85,1,0
BRDA:325,86,0,0
BRDA:325,86,1,0
BRDA:325,87,0,0
BRDA:325,87,1,0
BRDA:325,87,2,0
BRDA:328,88,0,0
BRDA:328,88,1,0
BRDA:329,89,0,0
BRDA:329,89,1,0
BRDA:330,90,0,0
BRDA:330,90,1,0
BRDA:340,91,0,0
BRDA:340,91,1,0
BRDA:394,92,0,0
BRDA:394,92,1,0
BRDA:409,93,0,0
BRDA:409,93,1,0
BRDA:552,94,0,0
BRDA:579,95,0,0
BRDA:579,95,1,0
BRDA:584,96,0,0
BRDA:584,96,1,0
BRDA:585,97,0,0
BRDA:585,97,1,0
BRDA:585,98,0,0
BRDA:585,98,1,0
BRDA:586,99,0,0
BRDA:586,99,1,0
BRDA:587,100,0,0
BRDA:587,100,1,0
BRDA:587,101,0,0
BRDA:587,101,1,0
BRDA:588,102,0,0
BRDA:588,102,1,0
BRDA:588,103,0,0
BRDA:588,103,1,0
BRDA:589,104,0,0
BRDA:589,104,1,0
BRDA:589,105,0,0
BRDA:589,105,1,0
BRDA:594,106,0,0
BRDA:594,106,1,0
BRDA:599,107,0,0
BRDA:599,107,1,0
BRDA:619,108,0,0
BRDA:619,108,1,0
BRDA:620,109,0,0
BRDA:620,109,1,0
BRDA:626,110,0,0
BRDA:626,110,1,0
BRDA:632,111,0,0
BRDA:632,111,1,0
BRDA:634,112,0,0
BRDA:634,112,1,0
BRF:231
BRH:52
end_of_record
TN:
SF:lib/git-ops.js
FN:11,validateGitAvailable
FN:25,isValidHttpsGitUrl
FN:34,isGitRepository
FN:52,gitClone
FN:89,gitAddRemote
FN:110,(anonymous_5)
FN:142,gitCurrentCommit
FN:170,gitFetch
FN:199,gitCommitsBehind
FNF:9
FNH:9
FNDA:7,validateGitAvailable
FNDA:24,isValidHttpsGitUrl
FNDA:18,isGitRepository
FNDA:7,gitClone
FNDA:6,gitAddRemote
FNDA:3,(anonymous_5)
FNDA:4,gitCurrentCommit
FNDA:5,gitFetch
FNDA:6,gitCommitsBehind
DA:5,1
DA:12,7
DA:13,7
DA:14,4
DA:16,3
DA:26,24
DA:35,18
DA:36,18
DA:39,13
DA:41,5
DA:54,7
DA:55,2
DA:58,5
DA:59,1
DA:60,1
DA:64,4
DA:65,4
DA:66,1
DA:69,3
DA:70,3
DA:74,2
DA:76,1
DA:77,1
DA:91,6
DA:92,2
DA:95,4
DA:96,1
DA:97,1
DA:100,3
DA:101,3
DA:102,1
DA:105,2
DA:107,2
DA:108,2
DA:109,2
DA:110,2
DA:111,3
DA:112,3
DA:114,1
DA:115,1
DA:118,2
DA:120,1
DA:121,1
DA:122,1
DA:128,1
DA:129,1
DA:131,0
DA:132,0
DA:143,4
DA:144,1
DA:145,1
DA:146,1
DA:149,3
DA:150,3
DA:151,1
DA:154,2
DA:155,2
DA:156,2
DA:158,0
DA:159,0
DA:171,5
DA:172,1
DA:173,1
DA:174,1
DA:177,4
DA:178,4
DA:179,1
DA:182,3
DA:183,3
DA:184,3
DA:185,2
DA:187,1
DA:188,1
DA:200,6
DA:201,1
DA:202,1
DA:205,5
DA:206,5
DA:207,1
DA:210,4
DA:212,4
DA:215,4
DA:219,4
DA:223,3
DA:224,3
DA:227,1
DA:228,1
DA:230,0
DA:231,0
LF:89
LH:83
BRDA:26,0,0,24
BRDA:26,0,1,20
BRDA:52,1,0,6
BRDA:54,2,0,2
BRDA:54,2,1,5
BRDA:54,3,0,7
BRDA:54,3,1,2
BRDA:58,4,0,1
BRDA:58,4,1,4
BRDA:65,5,0,1
BRDA:65,5,1,3
BRDA:76,6,0,1
BRDA:76,6,1,0
BRDA:76,6,2,0
BRDA:89,7,0,5
BRDA:91,8,0,2
BRDA:91,8,1,4
BRDA:91,9,0,6
BRDA:91,9,1,2
BRDA:95,10,0,1
BRDA:95,10,1,3
BRDA:101,11,0,1
BRDA:101,11,1,2
BRDA:112,12,0,2
BRDA:112,12,1,1
BRDA:114,13,0,1
BRDA:114,13,1,0
BRDA:118,14,0,1
BRDA:118,14,1,1
BRDA:131,15,0,0
BRDA:131,15,1,0
BRDA:131,15,2,0
BRDA:142,16,0,3
BRDA:143,17,0,1
BRDA:143,17,1,3
BRDA:150,18,0,1
BRDA:150,18,1,2
BRDA:158,19,0,0
BRDA:158,19,1,0
BRDA:158,19,2,0
BRDA:170,20,0,4
BRDA:171,21,0,1
BRDA:171,21,1,4
BRDA:172,22,0,0
BRDA:172,22,1,1
BRDA:174,23,0,0
BRDA:174,23,1,1
BRDA:178,24,0,1
BRDA:178,24,1,3
BRDA:183,25,0,1
BRDA:183,25,1,2
BRDA:187,26,0,1
BRDA:187,26,1,0
BRDA:187,26,2,0
BRDA:199,27,0,5
BRDA:200,28,0,1
BRDA:200,28,1,5
BRDA:206,29,0,1
BRDA:206,29,1,4
BRDA:224,30,0,0
BRDA:224,30,1,3
BRDA:227,31,0,1
BRDA:227,31,1,0
BRDA:227,32,0,1
BRDA:227,32,1,1
BRDA:230,33,0,0
BRDA:230,33,1,0
BRDA:230,33,2,0
BRF:68
BRH:50
end_of_record
TN:
SF:lib/ide-selection.js
FN:19,selectPrimaryIde
FN:28,(anonymous_1)
FN:44,(anonymous_2)
FN:54,(anonymous_3)
FN:56,(anonymous_4)
FN:61,(anonymous_5)
FN:96,getIdeSkillsDir
FN:97,(anonymous_7)
FN:100,(anonymous_8)
FN:120,determineIdeScope
FN:154,selectAdditionalIdes
FN:156,(anonymous_11)
FN:157,(anonymous_12)
FN:164,(anonymous_13)
FN:178,validateIdeLabel
FN:183,(anonymous_15)
FN:188,(anonymous_16)
FN:212,ensureIdeSkillsDir
FN:244,getIdeManifestPath
FN:264,getAllManifestPaths
FNF:20
FNH:7
FNDA:0,selectPrimaryIde
FNDA:0,(anonymous_1)
FNDA:0,(anonymous_2)
FNDA:0,(anonymous_3)
FNDA:0,(anonymous_4)
FNDA:0,(anonymous_5)
FNDA:5,getIdeSkillsDir
FNDA:14,(anonymous_7)
FNDA:9,(anonymous_8)
FNDA:0,determineIdeScope
FNDA:0,selectAdditionalIdes
FNDA:0,(anonymous_11)
FNDA:0,(anonymous_12)
FNDA:0,(anonymous_13)
FNDA:4,validateIdeLabel
FNDA:10,(anonymous_15)
FNDA:9,(anonymous_16)
FNDA:0,ensureIdeSkillsDir
FNDA:3,getIdeManifestPath
FNDA:0,getAllManifestPaths
DA:24,0
DA:27,0
DA:28,0
DA:31,0
DA:34,0
DA:35,0
DA:39,0
DA:42,0
DA:43,0
DA:44,0
DA:45,0
DA:46,0
DA:54,0
DA:55,0
DA:56,0
DA:59,0
DA:60,0
DA:61,0
DA:62,0
DA:70,0
DA:71,0
DA:72,0
DA:78,0
DA:86,0
DA:97,14
DA:99,5
DA:100,9
DA:103,4
DA:104,0
DA:107,4
DA:108,4
DA:121,0
DA:123,0
DA:124,0
DA:128,0
DA:129,0
DA:132,0
DA:139,0
DA:141,0
DA:142,0
DA:145,0
DA:155,0
DA:156,0
DA:157,0
DA:159,0
DA:165,0
DA:169,0
DA:179,4
DA:180,2
DA:183,10
DA:185,2
DA:186,1
DA:188,9
DA:192,1
DA:193,0
DA:199,1
DA:213,0
DA:216,0
DA:217,0
DA:221,0
DA:222,0
DA:225,0
DA:228,0
DA:230,0
DA:231,0
DA:234,0
DA:246,3
DA:247,1
DA:253,2
DA:254,2
DA:265,0
DA:268,0
DA:269,0
DA:270,0
DA:274,0
DA:275,0
DA:276,0
DA:277,0
DA:278,0
DA:283,0
LF:80
LH:18
BRDA:19,0,0,0
BRDA:21,1,0,0
BRDA:22,2,0,0
BRDA:23,3,0,0
BRDA:31,4,0,0
BRDA:31,4,1,0
BRDA:34,5,0,0
BRDA:34,5,1,0
BRDA:35,6,0,0
BRDA:35,6,1,0
BRDA:42,7,0,0
BRDA:42,7,1,0
BRDA:47,8,0,0
BRDA:47,8,1,0
BRDA:59,9,0,0
BRDA:59,9,1,0
BRDA:70,10,0,0
BRDA:70,10,1,0
BRDA:83,11,0,0
BRDA:83,11,1,0
BRDA:96,12,0,0
BRDA:99,13,0,1
BRDA:99,13,1,4
BRDA:103,14,0,0
BRDA:103,14,1,4
BRDA:107,15,0,2
BRDA:107,15,1,2
BRDA:120,16,0,0
BRDA:121,17,0,0
BRDA:123,18,0,0
BRDA:123,18,1,0
BRDA:124,19,0,0
BRDA:124,19,1,0
BRDA:128,20,0,0
BRDA:128,20,1,0
BRDA:139,21,0,0
BRDA:139,21,1,0
BRDA:179,22,0,2
BRDA:179,22,1,2
BRDA:179,23,0,4
BRDA:179,23,1,3
BRDA:185,24,0,1
BRDA:185,24,1,1
BRDA:192,25,0,0
BRDA:192,25,1,1
BRDA:212,26,0,0
BRDA:212,27,0,0
BRDA:213,28,0,0
BRDA:216,29,0,0
BRDA:216,29,1,0
BRDA:216,30,0,0
BRDA:216,30,1,0
BRDA:217,31,0,0
BRDA:217,31,1,0
BRDA:221,32,0,0
BRDA:221,32,1,0
BRDA:230,33,0,0
BRDA:230,33,1,0
BRDA:244,34,0,0
BRDA:246,35,0,1
BRDA:246,35,1,2
BRDA:246,36,0,3
BRDA:246,36,1,2
BRDA:247,37,0,0
BRDA:247,37,1,1
BRDA:264,38,0,0
BRDA:269,39,0,0
BRDA:269,39,1,0
BRDA:275,40,0,0
BRDA:275,40,1,0
BRDA:277,41,0,0
BRDA:277,41,1,0
BRF:72
BRH:17
end_of_record
TN:
SF:lib/skills-manifest.js
FN:10,(anonymous_0)
FN:26,validateManifest
FN:47,(anonymous_2)
FN:52,(anonymous_3)
FN:158,generateInstanceId
FN:168,loadManifest
FN:207,saveManifest
FN:225,addInstalledSkill
FN:247,(anonymous_8)
FN:255,(anonymous_9)
FN:299,removeInstalledSkill
FN:305,(anonymous_11)
FN:328,getSkillByName
FN:330,(anonymous_13)
FN:338,getAllSkills
FN:350,updateSkillMetadata
FN:355,(anonymous_16)
FN:362,(anonymous_17)
FNF:18
FNH:1
FNDA:9,(anonymous_0)
FNDA:0,validateManifest
FNDA:0,(anonymous_2)
FNDA:0,(anonymous_3)
FNDA:0,generateInstanceId
FNDA:0,loadManifest
FNDA:0,saveManifest
FNDA:0,addInstalledSkill
FNDA:0,(anonymous_8)
FNDA:0,(anonymous_9)
FNDA:0,removeInstalledSkill
FNDA:0,(anonymous_11)
FNDA:0,getSkillByName
FNDA:0,(anonymous_13)
FNDA:0,getAllSkills
FNDA:0,updateSkillMetadata
FNDA:0,(anonymous_16)
FNDA:0,(anonymous_17)
DA:7,1
DA:10,9
DA:13,1
DA:27,0
DA:29,0
DA:30,0
DA:34,0
DA:35,0
DA:36,0
DA:37,0
DA:41,0
DA:42,0
DA:43,0
DA:47,0
DA:48,0
DA:51,0
DA:52,0
DA:53,0
DA:54,0
DA:59,0
DA:60,0
DA:63,0
DA:64,0
DA:67,0
DA:68,0
DA:71,0
DA:72,0
DA:75,0
DA:76,0
DA:77,0
DA:79,0
DA:80,0
DA:81,0
DA:85,0
DA:86,0
DA:89,0
DA:90,0
DA:93,0
DA:94,0
DA:97,0
DA:98,0
DA:101,0
DA:102,0
DA:106,0
DA:107,0
DA:108,0
DA:110,0
DA:111,0
DA:113,0
DA:114,0
DA:116,0
DA:117,0
DA:122,0
DA:123,0
DA:127,0
DA:128,0
DA:129,0
DA:130,0
DA:133,0
DA:134,0
DA:135,0
DA:139,0
DA:140,0
DA:142,0
DA:143,0
DA:148,0
DA:159,0
DA:169,0
DA:170,0
DA:172,0
DA:174,0
DA:180,0
DA:181,0
DA:183,0
DA:184,0
DA:185,0
DA:188,0
DA:190,0
DA:192,0
DA:197,0
DA:208,0
DA:210,0
DA:211,0
DA:215,0
DA:216,0
DA:227,0
DA:228,0
DA:229,0
DA:230,0
DA:234,0
DA:235,0
DA:239,0
DA:240,0
DA:241,0
DA:246,0
DA:247,0
DA:249,0
DA:250,0
DA:254,0
DA:255,0
DA:256,0
DA:257,0
DA:262,0
DA:274,0
DA:275,0
DA:276,0
DA:277,0
DA:279,0
DA:285,0
DA:286,0
DA:287,0
DA:290,0
DA:300,0
DA:301,0
DA:303,0
DA:305,0
DA:308,0
DA:310,0
DA:314,0
DA:315,0
DA:316,0
DA:319,0
DA:329,0
DA:330,0
DA:339,0
DA:351,0
DA:352,0
DA:355,0
DA:356,0
DA:358,0
DA:362,0
DA:363,0
DA:364,0
DA:367,0
DA:370,0
DA:371,0
DA:372,0
DA:373,0
DA:375,0
DA:377,0
DA:378,0
DA:380,0
DA:384,0
DA:385,0
DA:387,0
DA:393,0
DA:394,0
DA:395,0
DA:398,0
LF:149
LH:3
BRDA:29,0,0,0
BRDA:29,0,1,0
BRDA:29,1,0,0
BRDA:29,1,1,0
BRDA:34,2,0,0
BRDA:34,2,1,0
BRDA:36,3,0,0
BRDA:36,3,1,0
BRDA:41,4,0,0
BRDA:41,4,1,0
BRDA:48,5,0,0
BRDA:48,5,1,0
BRDA:53,6,0,0
BRDA:53,6,1,0
BRDA:59,7,0,0
BRDA:59,7,1,0
BRDA:59,8,0,0
BRDA:59,8,1,0
BRDA:63,9,0,0
BRDA:63,9,1,0
BRDA:63,10,0,0
BRDA:63,10,1,0
BRDA:67,11,0,0
BRDA:67,11,1,0
BRDA:67,12,0,0
BRDA:67,12,1,0
BRDA:71,13,0,0
BRDA:71,13,1,0
BRDA:71,14,0,0
BRDA:71,14,1,0
BRDA:75,15,0,0
BRDA:75,15,1,0
BRDA:75,16,0,0
BRDA:75,16,1,0
BRDA:77,17,0,0
BRDA:77,17,1,0
BRDA:80,18,0,0
BRDA:80,18,1,0
BRDA:85,19,0,0
BRDA:85,19,1,0
BRDA:85,20,0,0
BRDA:85,20,1,0
BRDA:89,21,0,0
BRDA:89,21,1,0
BRDA:89,22,0,0
BRDA:89,22,1,0
BRDA:93,23,0,0
BRDA:93,23,1,0
BRDA:93,24,0,0
BRDA:93,24,1,0
BRDA:97,25,0,0
BRDA:97,25,1,0
BRDA:97,26,0,0
BRDA:97,26,1,0
BRDA:101,27,0,0
BRDA:101,27,1,0
BRDA:101,28,0,0
BRDA:101,28,1,0
BRDA:106,29,0,0
BRDA:106,29,1,0
BRDA:107,30,0,0
BRDA:107,30,1,0
BRDA:107,31,0,0
BRDA:107,31,1,0
BRDA:110,32,0,0
BRDA:110,32,1,0
BRDA:110,33,0,0
BRDA:110,33,1,0
BRDA:113,34,0,0
BRDA:113,34,1,0
BRDA:113,35,0,0
BRDA:113,35,1,0
BRDA:116,36,0,0
BRDA:116,36,1,0
BRDA:116,37,0,0
BRDA:116,37,1,0
BRDA:122,38,0,0
BRDA:122,38,1,0
BRDA:122,39,0,0
BRDA:122,39,1,0
BRDA:127,40,0,0
BRDA:127,40,1,0
BRDA:128,41,0,0
BRDA:128,41,1,0
BRDA:129,42,0,0
BRDA:129,42,1,0
BRDA:134,43,0,0
BRDA:134,43,1,0
BRDA:139,44,0,0
BRDA:139,44,1,0
BRDA:139,45,0,0
BRDA:139,45,1,0
BRDA:142,46,0,0
BRDA:142,46,1,0
BRDA:142,47,0,0
BRDA:142,47,1,0
BRDA:168,48,0,0
BRDA:172,49,0,0
BRDA:172,49,1,0
BRDA:183,50,0,0
BRDA:183,50,1,0
BRDA:190,51,0,0
BRDA:190,51,1,0
BRDA:207,52,0,0
BRDA:210,53,0,0
BRDA:210,53,1,0
BRDA:229,54,0,0
BRDA:229,54,1,0
BRDA:234,55,0,0
BRDA:234,55,1,0
BRDA:239,56,0,0
BRDA:239,56,1,0
BRDA:239,57,0,0
BRDA:239,57,1,0
BRDA:240,58,0,0
BRDA:240,58,1,0
BRDA:249,59,0,0
BRDA:249,59,1,0
BRDA:254,60,0,0
BRDA:254,60,1,0
BRDA:256,61,0,0
BRDA:256,61,1,0
BRDA:268,62,0,0
BRDA:268,62,1,0
BRDA:269,63,0,0
BRDA:269,63,1,0
BRDA:270,64,0,0
BRDA:270,64,1,0
BRDA:274,65,0,0
BRDA:274,65,1,0
BRDA:275,66,0,0
BRDA:275,66,1,0
BRDA:276,67,0,0
BRDA:276,67,1,0
BRDA:277,68,0,0
BRDA:277,68,1,0
BRDA:286,69,0,0
BRDA:286,69,1,0
BRDA:308,70,0,0
BRDA:308,70,1,0
BRDA:315,71,0,0
BRDA:315,71,1,0
BRDA:350,72,0,0
BRDA:351,73,0,0
BRDA:356,74,0,0
BRDA:356,74,1,0
BRDA:362,75,0,0
BRDA:362,75,1,0
BRDA:363,76,0,0
BRDA:363,76,1,0
BRDA:371,77,0,0
BRDA:371,77,1,0
BRDA:372,78,0,0
BRDA:372,78,1,0
BRDA:372,79,0,0
BRDA:372,79,1,0
BRDA:375,80,0,0
BRDA:375,80,1,0
BRDA:377,81,0,0
BRDA:377,81,1,0
BRDA:377,82,0,0
BRDA:377,82,1,0
BRDA:394,83,0,0
BRDA:394,83,1,0
BRF:164
BRH:0
end_of_record
TN:
SF:lib/templates.js
FN:16,renderTemplate
FN:17,(anonymous_1)
FN:42,ensureFromTemplate
FN:74,ensureMasterFromPreset
FN:119,writeTarget
FNF:5
FNH:2
FNDA:5,renderTemplate
FNDA:25,(anonymous_1)
FNDA:0,ensureFromTemplate
FNDA:0,ensureMasterFromPreset
FNDA:0,writeTarget
DA:10,1
DA:11,1
DA:17,5
DA:18,25
DA:20,5
DA:43,0
DA:44,0
DA:45,0
DA:47,0
DA:49,0
DA:50,0
DA:51,0
DA:57,0
DA:60,0
DA:61,0
DA:62,0
DA:65,0
DA:66,0
DA:67,0
DA:68,0
DA:75,0
DA:76,0
DA:77,0
DA:78,0
DA:80,0
DA:81,0
DA:82,0
DA:88,0
DA:91,0
DA:92,0
DA:93,0
DA:96,0
DA:100,0
DA:102,0
DA:103,0
DA:104,0
DA:105,0
DA:106,0
DA:108,0
DA:109,0
DA:112,0
DA:120,0
DA:121,0
DA:122,0
DA:124,0
DA:125,0
DA:126,0
DA:132,0
DA:135,0
DA:136,0
DA:137,0
DA:141,0
DA:142,0
DA:143,0
DA:144,0
DA:145,0
DA:146,0
DA:147,0
DA:153,0
DA:154,0
LF:60
LH:5
BRDA:16,0,0,0
BRDA:18,1,0,3
BRDA:18,1,1,22
BRDA:18,2,0,25
BRDA:18,2,1,6
BRDA:22,3,0,5
BRDA:22,3,1,3
BRDA:23,4,0,5
BRDA:23,4,1,4
BRDA:24,5,0,5
BRDA:24,5,1,3
BRDA:29,6,0,5
BRDA:29,6,1,4
BRDA:30,7,0,5
BRDA:30,7,1,4
BRDA:31,8,0,5
BRDA:31,8,1,4
BRDA:32,9,0,5
BRDA:32,9,1,4
BRDA:33,10,0,5
BRDA:33,10,1,4
BRDA:34,11,0,5
BRDA:34,11,1,4
BRDA:42,12,0,0
BRDA:43,13,0,0
BRDA:43,14,0,0
BRDA:43,15,0,0
BRDA:44,16,0,0
BRDA:44,16,1,0
BRDA:50,17,0,0
BRDA:50,17,1,0
BRDA:50,18,0,0
BRDA:50,18,1,0
BRDA:57,19,0,0
BRDA:57,19,1,0
BRDA:60,20,0,0
BRDA:60,20,1,0
BRDA:60,21,0,0
BRDA:60,21,1,0
BRDA:62,22,0,0
BRDA:62,22,1,0
BRDA:68,23,0,0
BRDA:68,23,1,0
BRDA:74,24,0,0
BRDA:75,25,0,0
BRDA:75,26,0,0
BRDA:75,27,0,0
BRDA:76,28,0,0
BRDA:76,28,1,0
BRDA:81,29,0,0
BRDA:81,29,1,0
BRDA:81,30,0,0
BRDA:81,30,1,0
BRDA:88,31,0,0
BRDA:88,31,1,0
BRDA:91,32,0,0
BRDA:91,32,1,0
BRDA:91,33,0,0
BRDA:91,33,1,0
BRDA:93,34,0,0
BRDA:93,34,1,0
BRDA:96,35,0,0
BRDA:96,35,1,0
BRDA:97,36,0,0
BRDA:97,36,1,0
BRDA:119,37,0,0
BRDA:120,38,0,0
BRDA:120,39,0,0
BRDA:120,40,0,0
BRDA:121,41,0,0
BRDA:121,41,1,0
BRDA:125,42,0,0
BRDA:125,42,1,0
BRDA:125,43,0,0
BRDA:125,43,1,0
BRDA:132,44,0,0
BRDA:132,44,1,0
BRDA:135,45,0,0
BRDA:135,45,1,0
BRDA:135,46,0,0
BRDA:135,46,1,0
BRDA:137,47,0,0
BRDA:137,47,1,0
BRDA:141,48,0,0
BRDA:141,48,1,0
BRDA:143,49,0,0
BRDA:143,49,1,0
BRDA:146,50,0,0
BRDA:146,50,1,0
BRDA:154,51,0,0
BRDA:154,51,1,0
BRF:91
BRH:22
end_of_record
TN:
SF:lib/utils.js
FN:6,showBanner
FN:17,(anonymous_1)
FN:36,(anonymous_2)
FN:41,(anonymous_3)
FN:52,dryRunWrite
FNF:5
FNH:3
FNDA:0,showBanner
FNDA:0,(anonymous_1)
FNDA:3,(anonymous_2)
FNDA:2,(anonymous_3)
FNDA:2,dryRunWrite
DA:7,0
DA:8,0
DA:10,0
DA:17,0
DA:19,0
DA:20,0
DA:21,0
DA:23,0
DA:24,0
DA:26,0
DA:27,0
DA:28,0
DA:29,0
DA:37,3
DA:38,3
DA:42,2
DA:43,2
DA:44,2
DA:53,2
DA:54,1
DA:55,1
DA:57,1
LF:22
LH:9
BRDA:7,0,0,0
BRDA:7,0,1,0
BRDA:41,1,0,1
BRDA:41,2,0,1
BRDA:42,3,0,1
BRDA:42,3,1,1
BRDA:43,4,0,1
BRDA:43,4,1,1
BRDA:52,5,0,0
BRDA:53,6,0,1
BRDA:53,6,1,1
BRF:11
BRH:8
end_of_record
TN:
SF:lib/analyzers/cloud-analyzer.js
FN:5,analyzeCloud
FN:72,(anonymous_1)
FN:79,(anonymous_2)
FN:105,(anonymous_3)
FN:108,(anonymous_4)
FNF:5
FNH:2
FNDA:8,analyzeCloud
FNDA:0,(anonymous_1)
FNDA:1,(anonymous_2)
FNDA:0,(anonymous_3)
FNDA:0,(anonymous_4)
DA:6,8
DA:14,8
DA:15,8
DA:16,1
DA:17,1
DA:20,8
DA:21,8
DA:22,1
DA:23,1
DA:26,8
DA:27,8
DA:28,0
DA:32,8
DA:33,8
DA:34,8
DA:35,1
DA:39,8
DA:40,8
DA:41,2
DA:42,2
DA:43,2
DA:44,2
DA:45,2
DA:51,8
DA:52,8
DA:53,1
DA:54,1
DA:58,8
DA:59,8
DA:60,8
DA:61,1
DA:62,1
DA:66,8
DA:67,8
DA:68,1
DA:69,1
DA:70,1
DA:72,1
DA:73,1
DA:74,1
DA:76,1
DA:77,0
DA:79,1
DA:80,0
DA:86,8
DA:87,8
DA:88,1
DA:89,1
DA:90,1
DA:91,0
DA:93,1
DA:94,1
DA:100,8
DA:101,8
DA:102,0
DA:103,0
DA:104,0
DA:105,0
DA:106,0
DA:108,0
DA:109,0
DA:115,8
DA:116,8
DA:117,8
DA:118,8
DA:120,8
LF:66
LH:55
BRDA:15,0,0,1
BRDA:15,0,1,7
BRDA:21,1,0,1
BRDA:21,1,1,7
BRDA:27,2,0,0
BRDA:27,2,1,8
BRDA:34,3,0,1
BRDA:34,3,1,7
BRDA:34,4,0,8
BRDA:34,4,1,7
BRDA:43,5,0,2
BRDA:43,5,1,0
BRDA:52,6,0,1
BRDA:52,6,1,7
BRDA:60,7,0,1
BRDA:60,7,1,7
BRDA:60,8,0,8
BRDA:60,8,1,7
BRDA:67,9,0,1
BRDA:67,9,1,7
BRDA:72,10,0,1
BRDA:72,10,1,0
BRDA:72,11,0,1
BRDA:72,11,1,0
BRDA:76,12,0,0
BRDA:76,12,1,1
BRDA:76,13,0,1
BRDA:76,13,1,1
BRDA:79,14,0,0
BRDA:79,14,1,1
BRDA:87,15,0,1
BRDA:87,15,1,7
BRDA:90,16,0,0
BRDA:90,16,1,1
BRDA:93,17,0,1
BRDA:93,17,1,0
BRDA:101,18,0,0
BRDA:101,18,1,8
BRDA:105,19,0,0
BRDA:105,19,1,0
BRDA:105,20,0,0
BRDA:105,20,1,0
BRDA:108,21,0,0
BRDA:108,21,1,0
BRF:44
BRH:29
end_of_record
TN:
SF:lib/analyzers/code-pattern-analyzer.js
FN:13,analyzeCodePatterns
FN:42,detectDirectoryStructure
FN:45,(anonymous_2)
FN:50,(anonymous_3)
FN:89,detectArchitecturePatterns
FN:96,(anonymous_5)
FN:96,(anonymous_6)
FN:108,(anonymous_7)
FN:118,(anonymous_8)
FN:155,(anonymous_9)
FN:166,detectTestingPatterns
FN:175,(anonymous_11)
FN:175,(anonymous_12)
FN:178,(anonymous_13)
FN:202,(anonymous_14)
FN:203,(anonymous_15)
FN:246,(anonymous_16)
FN:269,(anonymous_17)
FN:288,detectSourcePatterns
FN:331,(anonymous_19)
FN:336,(anonymous_20)
FN:351,(anonymous_21)
FN:352,(anonymous_22)
FN:369,scanDirectory
FNF:24
FNH:0
FNDA:0,analyzeCodePatterns
FNDA:0,detectDirectoryStructure
FNDA:0,(anonymous_2)
FNDA:0,(anonymous_3)
FNDA:0,detectArchitecturePatterns
FNDA:0,(anonymous_5)
FNDA:0,(anonymous_6)
FNDA:0,(anonymous_7)
FNDA:0,(anonymous_8)
FNDA:0,(anonymous_9)
FNDA:0,detectTestingPatterns
FNDA:0,(anonymous_11)
FNDA:0,(anonymous_12)
FNDA:0,(anonymous_13)
FNDA:0,(anonymous_14)
FNDA:0,(anonymous_15)
FNDA:0,(anonymous_16)
FNDA:0,(anonymous_17)
FNDA:0,detectSourcePatterns
FNDA:0,(anonymous_19)
FNDA:0,(anonymous_20)
FNDA:0,(anonymous_21)
FNDA:0,(anonymous_22)
FNDA:0,scanDirectory
DA:14,0
DA:36,0
DA:43,0
DA:45,0
DA:46,0
DA:47,0
DA:50,0
DA:51,0
DA:52,0
DA:53,0
DA:56,0
DA:60,0
DA:61,0
DA:62,0
DA:63,0
DA:64,0
DA:65,0
DA:66,0
DA:67,0
DA:68,0
DA:69,0
DA:70,0
DA:71,0
DA:72,0
DA:73,0
DA:74,0
DA:75,0
DA:76,0
DA:77,0
DA:78,0
DA:79,0
DA:80,0
DA:81,0
DA:83,0
DA:90,0
DA:95,0
DA:96,0
DA:99,0
DA:100,0
DA:101,0
DA:105,0
DA:106,0
DA:107,0
DA:108,0
DA:109,0
DA:110,0
DA:115,0
DA:116,0
DA:117,0
DA:118,0
DA:119,0
DA:120,0
DA:121,0
DA:127,0
DA:130,0
DA:132,0
DA:136,0
DA:137,0
DA:138,0
DA:142,0
DA:144,0
DA:147,0
DA:148,0
DA:149,0
DA:150,0
DA:155,0
DA:156,0
DA:157,0
DA:160,0
DA:167,0
DA:174,0
DA:175,0
DA:178,0
DA:179,0
DA:180,0
DA:181,0
DA:182,0
DA:186,0
DA:194,0
DA:196,0
DA:197,0
DA:198,0
DA:200,0
DA:201,0
DA:202,0
DA:203,0
DA:206,0
DA:207,0
DA:208,0
DA:209,0
DA:217,0
DA:218,0
DA:219,0
DA:220,0
DA:221,0
DA:223,0
DA:224,0
DA:225,0
DA:226,0
DA:227,0
DA:228,0
DA:229,0
DA:230,0
DA:231,0
DA:232,0
DA:239,0
DA:240,0
DA:241,0
DA:242,0
DA:244,0
DA:245,0
DA:246,0
DA:248,0
DA:249,0
DA:250,0
DA:251,0
DA:253,0
DA:254,0
DA:262,0
DA:263,0
DA:264,0
DA:265,0
DA:267,0
DA:268,0
DA:269,0
DA:271,0
DA:272,0
DA:273,0
DA:274,0
DA:275,0
DA:282,0
DA:289,0
DA:295,0
DA:314,0
DA:316,0
DA:317,0
DA:318,0
DA:320,0
DA:321,0
DA:322,0
DA:329,0
DA:330,0
DA:331,0
DA:332,0
DA:333,0
DA:336,0
DA:337,0
DA:338,0
DA:339,0
DA:340,0
DA:341,0
DA:350,0
DA:351,0
DA:352,0
DA:354,0
DA:356,0
DA:357,0
DA:358,0
DA:359,0
DA:363,0
DA:370,0
DA:372,0
DA:373,0
DA:375,0
DA:376,0
DA:378,0
DA:379,0
DA:381,0
DA:382,0
DA:383,0
DA:384,0
DA:385,0
DA:386,0
DA:387,0
LF:174
LH:0
BRDA:52,0,0,0
BRDA:52,0,1,0
BRDA:99,1,0,0
BRDA:99,1,1,0
BRDA:99,2,0,0
BRDA:99,2,1,0
BRDA:99,2,2,0
BRDA:106,3,0,0
BRDA:106,3,1,0
BRDA:108,4,0,0
BRDA:108,4,1,0
BRDA:108,5,0,0
BRDA:108,5,1,0
BRDA:116,6,0,0
BRDA:116,6,1,0
BRDA:118,7,0,0
BRDA:118,7,1,0
BRDA:118,8,0,0
BRDA:118,8,1,0
BRDA:118,8,2,0
BRDA:118,8,3,0
BRDA:119,9,0,0
BRDA:119,9,1,0
BRDA:127,10,0,0
BRDA:127,10,1,0
BRDA:127,10,2,0
BRDA:130,11,0,0
BRDA:130,11,1,0
BRDA:132,12,0,0
BRDA:132,12,1,0
BRDA:132,12,2,0
BRDA:136,13,0,0
BRDA:136,13,1,0
BRDA:136,14,0,0
BRDA:136,14,1,0
BRDA:136,14,2,0
BRDA:142,15,0,0
BRDA:142,15,1,0
BRDA:144,16,0,0
BRDA:144,16,1,0
BRDA:147,17,0,0
BRDA:147,17,1,0
BRDA:147,18,0,0
BRDA:147,18,1,0
BRDA:148,19,0,0
BRDA:148,19,1,0
BRDA:155,20,0,0
BRDA:155,20,1,0
BRDA:155,21,0,0
BRDA:155,21,1,0
BRDA:178,22,0,0
BRDA:178,22,1,0
BRDA:179,23,0,0
BRDA:179,23,1,0
BRDA:198,24,0,0
BRDA:198,24,1,0
BRDA:206,25,0,0
BRDA:206,25,1,0
BRDA:218,26,0,0
BRDA:218,26,1,0
BRDA:223,27,0,0
BRDA:223,27,1,0
BRDA:223,28,0,0
BRDA:223,28,1,0
BRDA:224,29,0,0
BRDA:224,29,1,0
BRDA:225,30,0,0
BRDA:225,30,1,0
BRDA:226,31,0,0
BRDA:226,31,1,0
BRDA:227,32,0,0
BRDA:227,32,1,0
BRDA:228,33,0,0
BRDA:228,33,1,0
BRDA:229,34,0,0
BRDA:229,34,1,0
BRDA:230,35,0,0
BRDA:230,35,1,0
BRDA:231,36,0,0
BRDA:231,36,1,0
BRDA:232,37,0,0
BRDA:232,37,1,0
BRDA:242,38,0,0
BRDA:242,38,1,0
BRDA:248,39,0,0
BRDA:248,39,1,0
BRDA:250,40,0,0
BRDA:250,40,1,0
BRDA:265,41,0,0
BRDA:265,41,1,0
BRDA:271,42,0,0
BRDA:271,42,1,0
BRDA:318,43,0,0
BRDA:318,43,1,0
BRDA:322,44,0,0
BRDA:322,44,1,0
BRDA:339,45,0,0
BRDA:339,45,1,0
BRDA:340,46,0,0
BRDA:340,46,1,0
BRDA:356,47,0,0
BRDA:356,47,1,0
BRDA:358,48,0,0
BRDA:358,48,1,0
BRDA:369,49,0,0
BRDA:370,50,0,0
BRDA:370,50,1,0
BRDA:376,51,0,0
BRDA:376,51,1,0
BRDA:378,52,0,0
BRDA:378,52,1,0
BRDA:382,53,0,0
BRDA:382,53,1,0
BRDA:385,54,0,0
BRDA:385,54,1,0
BRDA:386,55,0,0
BRDA:386,55,1,0
BRF:117
BRH:0
end_of_record
TN:
SF:lib/analyzers/convention-analyzer.js
FN:13,analyzeConventions
FN:40,analyzeNamingConventions
FN:50,(anonymous_2)
FN:50,(anonymous_3)
FN:58,(anonymous_4)
FN:67,(anonymous_5)
FN:85,(anonymous_6)
FN:101,analyzeOrganizationPatterns
FN:114,(anonymous_8)
FN:114,(anonymous_9)
FN:123,(anonymous_10)
FN:126,(anonymous_11)
FN:152,analyzeDocumentationPatterns
FN:168,(anonymous_13)
FN:192,(anonymous_14)
FN:200,(anonymous_15)
FN:208,(anonymous_16)
FN:252,analyzeTestingConventions
FN:289,(anonymous_18)
FN:297,(anonymous_19)
FN:303,(anonymous_20)
FN:305,(anonymous_21)
FN:349,analyzeConfigurationPatterns
FN:365,(anonymous_23)
FN:371,(anonymous_24)
FN:377,(anonymous_25)
FN:383,(anonymous_26)
FN:386,(anonymous_27)
FN:387,(anonymous_28)
FN:402,(anonymous_29)
FN:413,(anonymous_30)
FN:427,detectCustomPatterns
FN:436,(anonymous_32)
FN:436,(anonymous_33)
FN:437,(anonymous_34)
FN:437,(anonymous_35)
FN:445,(anonymous_36)
FN:451,(anonymous_37)
FN:460,(anonymous_38)
FN:489,analyzeDirectoryNameStyles
FN:497,(anonymous_40)
FN:531,analyzeFileNameStyles
FN:538,(anonymous_42)
FN:571,analyzeComponentNamingStyles
FN:578,(anonymous_44)
FN:610,scanForBarrelFiles
FN:632,checkForJSDocPatterns
FN:658,scanForCoLocatedTests
FNF:48
FNH:0
FNDA:0,analyzeConventions
FNDA:0,analyzeNamingConventions
FNDA:0,(anonymous_2)
FNDA:0,(anonymous_3)
FNDA:0,(anonymous_4)
FNDA:0,(anonymous_5)
FNDA:0,(anonymous_6)
FNDA:0,analyzeOrganizationPatterns
FNDA:0,(anonymous_8)
FNDA:0,(anonymous_9)
FNDA:0,(anonymous_10)
FNDA:0,(anonymous_11)
FNDA:0,analyzeDocumentationPatterns
FNDA:0,(anonymous_13)
FNDA:0,(anonymous_14)
FNDA:0,(anonymous_15)
FNDA:0,(anonymous_16)
FNDA:0,analyzeTestingConventions
FNDA:0,(anonymous_18)
FNDA:0,(anonymous_19)
FNDA:0,(anonymous_20)
FNDA:0,(anonymous_21)
FNDA:0,analyzeConfigurationPatterns
FNDA:0,(anonymous_23)
FNDA:0,(anonymous_24)
FNDA:0,(anonymous_25)
FNDA:0,(anonymous_26)
FNDA:0,(anonymous_27)
FNDA:0,(anonymous_28)
FNDA:0,(anonymous_29)
FNDA:0,(anonymous_30)
FNDA:0,detectCustomPatterns
FNDA:0,(anonymous_32)
FNDA:0,(anonymous_33)
FNDA:0,(anonymous_34)
FNDA:0,(anonymous_35)
FNDA:0,(anonymous_36)
FNDA:0,(anonymous_37)
FNDA:0,(anonymous_38)
FNDA:0,analyzeDirectoryNameStyles
FNDA:0,(anonymous_40)
FNDA:0,analyzeFileNameStyles
FNDA:0,(anonymous_42)
FNDA:0,analyzeComponentNamingStyles
FNDA:0,(anonymous_44)
FNDA:0,scanForBarrelFiles
FNDA:0,checkForJSDocPatterns
FNDA:0,scanForCoLocatedTests
DA:14,0
DA:34,0
DA:41,0
DA:49,0
DA:50,0
DA:52,0
DA:53,0
DA:54,0
DA:58,0
DA:59,0
DA:62,0
DA:63,0
DA:64,0
DA:65,0
DA:66,0
DA:67,0
DA:68,0
DA:69,0
DA:72,0
DA:73,0
DA:74,0
DA:75,0
DA:82,0
DA:83,0
DA:84,0
DA:85,0
DA:86,0
DA:89,0
DA:90,0
DA:91,0
DA:95,0
DA:102,0
DA:113,0
DA:114,0
DA:117,0
DA:118,0
DA:119,0
DA:123,0
DA:124,0
DA:126,0
DA:127,0
DA:130,0
DA:131,0
DA:132,0
DA:133,0
DA:134,0
DA:135,0
DA:137,0
DA:141,0
DA:142,0
DA:143,0
DA:146,0
DA:153,0
DA:165,0
DA:168,0
DA:169,0
DA:171,0
DA:172,0
DA:173,0
DA:174,0
DA:177,0
DA:178,0
DA:179,0
DA:180,0
DA:182,0
DA:186,0
DA:187,0
DA:192,0
DA:193,0
DA:195,0
DA:196,0
DA:200,0
DA:201,0
DA:203,0
DA:204,0
DA:208,0
DA:209,0
DA:211,0
DA:212,0
DA:216,0
DA:217,0
DA:218,0
DA:219,0
DA:220,0
DA:222,0
DA:223,0
DA:225,0
DA:226,0
DA:228,0
DA:229,0
DA:231,0
DA:232,0
DA:240,0
DA:241,0
DA:242,0
DA:243,0
DA:246,0
DA:253,0
DA:263,0
DA:266,0
DA:267,0
DA:268,0
DA:269,0
DA:270,0
DA:272,0
DA:273,0
DA:274,0
DA:275,0
DA:276,0
DA:277,0
DA:278,0
DA:279,0
DA:280,0
DA:281,0
DA:289,0
DA:290,0
DA:293,0
DA:294,0
DA:295,0
DA:296,0
DA:297,0
DA:298,0
DA:302,0
DA:303,0
DA:304,0
DA:305,0
DA:306,0
DA:313,0
DA:314,0
DA:315,0
DA:316,0
DA:318,0
DA:319,0
DA:320,0
DA:321,0
DA:322,0
DA:323,0
DA:328,0
DA:329,0
DA:331,0
DA:332,0
DA:336,0
DA:337,0
DA:339,0
DA:340,0
DA:343,0
DA:350,0
DA:362,0
DA:365,0
DA:366,0
DA:369,0
DA:370,0
DA:371,0
DA:372,0
DA:376,0
DA:377,0
DA:378,0
DA:381,0
DA:382,0
DA:383,0
DA:386,0
DA:387,0
DA:389,0
DA:390,0
DA:391,0
DA:393,0
DA:394,0
DA:395,0
DA:400,0
DA:402,0
DA:403,0
DA:406,0
DA:407,0
DA:411,0
DA:413,0
DA:414,0
DA:417,0
DA:418,0
DA:421,0
DA:428,0
DA:435,0
DA:436,0
DA:437,0
DA:440,0
DA:445,0
DA:446,0
DA:447,0
DA:451,0
DA:452,0
DA:455,0
DA:456,0
DA:460,0
DA:461,0
DA:463,0
DA:464,0
DA:468,0
DA:469,0
DA:473,0
DA:474,0
DA:478,0
DA:480,0
DA:483,0
DA:490,0
DA:497,0
DA:498,0
DA:499,0
DA:500,0
DA:501,0
DA:502,0
DA:503,0
DA:504,0
DA:505,0
DA:510,0
DA:511,0
DA:512,0
DA:513,0
DA:514,0
DA:515,0
DA:519,0
DA:521,0
DA:532,0
DA:538,0
DA:539,0
DA:540,0
DA:541,0
DA:542,0
DA:543,0
DA:544,0
DA:545,0
DA:550,0
DA:551,0
DA:552,0
DA:553,0
DA:554,0
DA:555,0
DA:559,0
DA:561,0
DA:572,0
DA:578,0
DA:579,0
DA:580,0
DA:581,0
DA:582,0
DA:583,0
DA:585,0
DA:589,0
DA:590,0
DA:591,0
DA:592,0
DA:593,0
DA:594,0
DA:598,0
DA:600,0
DA:611,0
DA:612,0
DA:614,0
DA:615,0
DA:616,0
DA:617,0
DA:620,0
DA:621,0
DA:633,0
DA:634,0
DA:636,0
DA:637,0
DA:638,0
DA:639,0
DA:640,0
DA:641,0
DA:652,0
DA:659,0
DA:660,0
DA:662,0
DA:663,0
DA:664,0
DA:671,0
LF:276
LH:0
BRDA:52,0,0,0
BRDA:52,0,1,0
BRDA:62,1,0,0
BRDA:62,1,1,0
BRDA:65,2,0,0
BRDA:65,2,1,0
BRDA:72,3,0,0
BRDA:72,3,1,0
BRDA:83,4,0,0
BRDA:83,4,1,0
BRDA:86,5,0,0
BRDA:86,5,1,0
BRDA:86,5,2,0
BRDA:89,6,0,0
BRDA:89,6,1,0
BRDA:118,7,0,0
BRDA:118,7,1,0
BRDA:130,8,0,0
BRDA:130,8,1,0
BRDA:133,9,0,0
BRDA:133,9,1,0
BRDA:142,10,0,0
BRDA:142,10,1,0
BRDA:169,11,0,0
BRDA:169,11,1,0
BRDA:171,12,0,0
BRDA:171,12,1,0
BRDA:177,13,0,0
BRDA:177,13,1,0
BRDA:177,14,0,0
BRDA:177,14,1,0
BRDA:179,15,0,0
BRDA:179,15,1,0
BRDA:179,16,0,0
BRDA:179,16,1,0
BRDA:186,17,0,0
BRDA:186,17,1,0
BRDA:186,18,0,0
BRDA:186,18,1,0
BRDA:193,19,0,0
BRDA:193,19,1,0
BRDA:195,20,0,0
BRDA:195,20,1,0
BRDA:201,21,0,0
BRDA:201,21,1,0
BRDA:203,22,0,0
BRDA:203,22,1,0
BRDA:209,23,0,0
BRDA:209,23,1,0
BRDA:209,23,2,0
BRDA:211,24,0,0
BRDA:211,24,1,0
BRDA:217,25,0,0
BRDA:217,25,1,0
BRDA:222,26,0,0
BRDA:222,26,1,0
BRDA:222,27,0,0
BRDA:222,27,1,0
BRDA:222,27,2,0
BRDA:225,28,0,0
BRDA:225,28,1,0
BRDA:225,29,0,0
BRDA:225,29,1,0
BRDA:228,30,0,0
BRDA:228,30,1,0
BRDA:231,31,0,0
BRDA:231,31,1,0
BRDA:241,32,0,0
BRDA:241,32,1,0
BRDA:267,33,0,0
BRDA:267,33,1,0
BRDA:272,34,0,0
BRDA:272,34,1,0
BRDA:272,35,0,0
BRDA:272,35,1,0
BRDA:274,36,0,0
BRDA:274,36,1,0
BRDA:276,37,0,0
BRDA:276,37,1,0
BRDA:278,38,0,0
BRDA:278,38,1,0
BRDA:280,39,0,0
BRDA:280,39,1,0
BRDA:290,40,0,0
BRDA:290,40,1,0
BRDA:290,40,2,0
BRDA:293,41,0,0
BRDA:293,41,1,0
BRDA:298,42,0,0
BRDA:298,42,1,0
BRDA:298,42,2,0
BRDA:298,42,3,0
BRDA:302,43,0,0
BRDA:302,43,1,0
BRDA:303,44,0,0
BRDA:303,44,1,0
BRDA:305,45,0,0
BRDA:305,45,1,0
BRDA:314,46,0,0
BRDA:314,46,1,0
BRDA:318,47,0,0
BRDA:318,47,1,0
BRDA:318,48,0,0
BRDA:318,48,1,0
BRDA:320,49,0,0
BRDA:320,49,1,0
BRDA:322,50,0,0
BRDA:322,50,1,0
BRDA:331,51,0,0
BRDA:331,51,1,0
BRDA:331,52,0,0
BRDA:331,52,1,0
BRDA:339,53,0,0
BRDA:339,53,1,0
BRDA:339,54,0,0
BRDA:339,54,1,0
BRDA:366,55,0,0
BRDA:366,55,1,0
BRDA:369,56,0,0
BRDA:369,56,1,0
BRDA:378,57,0,0
BRDA:378,57,1,0
BRDA:381,58,0,0
BRDA:381,58,1,0
BRDA:387,59,0,0
BRDA:387,59,1,0
BRDA:389,60,0,0
BRDA:389,60,1,0
BRDA:393,61,0,0
BRDA:393,61,1,0
BRDA:403,62,0,0
BRDA:403,62,1,0
BRDA:406,63,0,0
BRDA:406,63,1,0
BRDA:414,64,0,0
BRDA:414,64,1,0
BRDA:417,65,0,0
BRDA:417,65,1,0
BRDA:446,66,0,0
BRDA:446,66,1,0
BRDA:452,67,0,0
BRDA:452,67,1,0
BRDA:452,67,2,0
BRDA:455,68,0,0
BRDA:455,68,1,0
BRDA:461,69,0,0
BRDA:461,69,1,0
BRDA:461,69,2,0
BRDA:463,70,0,0
BRDA:463,70,1,0
BRDA:468,71,0,0
BRDA:468,71,1,0
BRDA:468,72,0,0
BRDA:468,72,1,0
BRDA:468,72,2,0
BRDA:473,73,0,0
BRDA:473,73,1,0
BRDA:473,74,0,0
BRDA:473,74,1,0
BRDA:478,75,0,0
BRDA:478,75,1,0
BRDA:478,76,0,0
BRDA:478,76,1,0
BRDA:478,76,2,0
BRDA:478,76,3,0
BRDA:498,77,0,0
BRDA:498,77,1,0
BRDA:500,78,0,0
BRDA:500,78,1,0
BRDA:502,79,0,0
BRDA:502,79,1,0
BRDA:504,80,0,0
BRDA:504,80,1,0
BRDA:513,81,0,0
BRDA:513,81,1,0
BRDA:540,82,0,0
BRDA:540,82,1,0
BRDA:542,83,0,0
BRDA:542,83,1,0
BRDA:544,84,0,0
BRDA:544,84,1,0
BRDA:553,85,0,0
BRDA:553,85,1,0
BRDA:559,86,0,0
BRDA:559,86,1,0
BRDA:580,87,0,0
BRDA:580,87,1,0
BRDA:582,88,0,0
BRDA:582,88,1,0
BRDA:592,89,0,0
BRDA:592,89,1,0
BRDA:598,90,0,0
BRDA:598,90,1,0
BRDA:615,91,0,0
BRDA:615,91,1,0
BRDA:615,92,0,0
BRDA:615,92,1,0
BRDA:615,92,2,0
BRDA:620,93,0,0
BRDA:620,93,1,0
BRDA:620,94,0,0
BRDA:620,94,1,0
BRDA:637,95,0,0
BRDA:637,95,1,0
BRDA:637,96,0,0
BRDA:637,96,1,0
BRDA:637,96,2,0
BRDA:640,97,0,0
BRDA:640,97,1,0
BRDA:640,98,0,0
BRDA:640,98,1,0
BRDA:663,99,0,0
BRDA:663,99,1,0
BRDA:663,100,0,0
BRDA:663,100,1,0
BRDA:663,100,2,0
BRF:216
BRH:0
end_of_record
TN:
SF:lib/analyzers/dependency-analyzer.js
FN:13,parseNodeDependencies
FN:40,parseGoDependencies
FN:52,(anonymous_2)
FN:82,parsePythonDependencies
FN:97,(anonymous_4)
FN:97,(anonymous_5)
FN:99,(anonymous_6)
FN:147,parseRustDependencies
FN:162,(anonymous_8)
FN:202,parseRubyDependencies
FN:215,(anonymous_10)
FN:246,analyzeDependencies
FN:284,detectNodeFrameworks
FNF:13
FNH:0
FNDA:0,parseNodeDependencies
FNDA:0,parseGoDependencies
FNDA:0,(anonymous_2)
FNDA:0,parsePythonDependencies
FNDA:0,(anonymous_4)
FNDA:0,(anonymous_5)
FNDA:0,(anonymous_6)
FNDA:0,parseRustDependencies
FNDA:0,(anonymous_8)
FNDA:0,parseRubyDependencies
FNDA:0,(anonymous_10)
FNDA:0,analyzeDependencies
FNDA:0,detectNodeFrameworks
DA:14,0
DA:15,0
DA:16,0
DA:19,0
DA:20,0
DA:21,0
DA:22,0
DA:24,0
DA:32,0
DA:33,0
DA:41,0
DA:42,0
DA:43,0
DA:46,0
DA:47,0
DA:48,0
DA:49,0
DA:50,0
DA:52,0
DA:53,0
DA:54,0
DA:55,0
DA:56,0
DA:59,0
DA:60,0
DA:61,0
DA:62,0
DA:63,0
DA:64,0
DA:68,0
DA:74,0
DA:75,0
DA:83,0
DA:84,0
DA:86,0
DA:87,0
DA:90,0
DA:91,0
DA:94,0
DA:95,0
DA:96,0
DA:97,0
DA:99,0
DA:101,0
DA:102,0
DA:103,0
DA:104,0
DA:107,0
DA:108,0
DA:109,0
DA:110,0
DA:111,0
DA:112,0
DA:113,0
DA:114,0
DA:118,0
DA:123,0
DA:124,0
DA:125,0
DA:127,0
DA:128,0
DA:129,0
DA:130,0
DA:131,0
DA:133,0
DA:137,0
DA:148,0
DA:149,0
DA:150,0
DA:153,0
DA:154,0
DA:155,0
DA:156,0
DA:159,0
DA:160,0
DA:162,0
DA:163,0
DA:164,0
DA:165,0
DA:167,0
DA:168,0
DA:169,0
DA:171,0
DA:172,0
DA:173,0
DA:174,0
DA:175,0
DA:178,0
DA:179,0
DA:180,0
DA:181,0
DA:182,0
DA:183,0
DA:188,0
DA:194,0
DA:195,0
DA:203,0
DA:204,0
DA:205,0
DA:208,0
DA:209,0
DA:210,0
DA:211,0
DA:214,0
DA:215,0
DA:216,0
DA:217,0
DA:218,0
DA:219,0
DA:222,0
DA:223,0
DA:224,0
DA:225,0
DA:226,0
DA:227,0
DA:231,0
DA:237,0
DA:238,0
DA:247,0
DA:256,0
DA:257,0
DA:258,0
DA:259,0
DA:261,0
DA:262,0
DA:263,0
DA:264,0
DA:265,0
DA:266,0
DA:267,0
DA:271,0
DA:285,0
DA:288,0
DA:289,0
DA:290,0
DA:291,0
DA:292,0
DA:293,0
DA:296,0
DA:297,0
DA:298,0
DA:299,0
DA:300,0
DA:301,0
DA:304,0
DA:305,0
DA:306,0
DA:307,0
DA:308,0
DA:309,0
DA:310,0
DA:311,0
DA:314,0
DA:315,0
DA:316,0
DA:317,0
DA:318,0
DA:319,0
DA:320,0
DA:322,0
LF:160
LH:0
BRDA:15,0,0,0
BRDA:15,0,1,0
BRDA:25,1,0,0
BRDA:25,1,1,0
BRDA:26,2,0,0
BRDA:26,2,1,0
BRDA:29,3,0,0
BRDA:29,3,1,0
BRDA:42,4,0,0
BRDA:42,4,1,0
BRDA:54,5,0,0
BRDA:54,5,1,0
BRDA:59,6,0,0
BRDA:59,6,1,0
BRDA:60,7,0,0
BRDA:60,7,1,0
BRDA:61,8,0,0
BRDA:61,8,1,0
BRDA:62,9,0,0
BRDA:62,9,1,0
BRDA:63,10,0,0
BRDA:63,10,1,0
BRDA:64,11,0,0
BRDA:64,11,1,0
BRDA:64,12,0,0
BRDA:64,12,1,0
BRDA:86,13,0,0
BRDA:86,13,1,0
BRDA:86,14,0,0
BRDA:86,14,1,0
BRDA:94,15,0,0
BRDA:94,15,1,0
BRDA:97,16,0,0
BRDA:97,16,1,0
BRDA:102,17,0,0
BRDA:102,17,1,0
BRDA:107,18,0,0
BRDA:107,18,1,0
BRDA:108,19,0,0
BRDA:108,19,1,0
BRDA:109,20,0,0
BRDA:109,20,1,0
BRDA:110,21,0,0
BRDA:110,21,1,0
BRDA:111,22,0,0
BRDA:111,22,1,0
BRDA:112,23,0,0
BRDA:112,23,1,0
BRDA:112,24,0,0
BRDA:112,24,1,0
BRDA:113,25,0,0
BRDA:113,25,1,0
BRDA:114,26,0,0
BRDA:114,26,1,0
BRDA:123,27,0,0
BRDA:123,27,1,0
BRDA:128,28,0,0
BRDA:128,28,1,0
BRDA:129,29,0,0
BRDA:129,29,1,0
BRDA:130,30,0,0
BRDA:130,30,1,0
BRDA:131,31,0,0
BRDA:131,31,1,0
BRDA:149,32,0,0
BRDA:149,32,1,0
BRDA:163,33,0,0
BRDA:163,33,1,0
BRDA:167,34,0,0
BRDA:167,34,1,0
BRDA:167,35,0,0
BRDA:167,35,1,0
BRDA:171,36,0,0
BRDA:171,36,1,0
BRDA:173,37,0,0
BRDA:173,37,1,0
BRDA:178,38,0,0
BRDA:178,38,1,0
BRDA:179,39,0,0
BRDA:179,39,1,0
BRDA:180,40,0,0
BRDA:180,40,1,0
BRDA:181,41,0,0
BRDA:181,41,1,0
BRDA:182,42,0,0
BRDA:182,42,1,0
BRDA:183,43,0,0
BRDA:183,43,1,0
BRDA:204,44,0,0
BRDA:204,44,1,0
BRDA:217,45,0,0
BRDA:217,45,1,0
BRDA:222,46,0,0
BRDA:222,46,1,0
BRDA:223,47,0,0
BRDA:223,47,1,0
BRDA:224,48,0,0
BRDA:224,48,1,0
BRDA:225,49,0,0
BRDA:225,49,1,0
BRDA:226,50,0,0
BRDA:226,50,1,0
BRDA:227,51,0,0
BRDA:227,51,1,0
BRDA:262,52,0,0
BRDA:262,52,1,0
BRDA:288,53,0,0
BRDA:288,53,1,0
BRDA:289,54,0,0
BRDA:289,54,1,0
BRDA:290,55,0,0
BRDA:290,55,1,0
BRDA:291,56,0,0
BRDA:291,56,1,0
BRDA:292,57,0,0
BRDA:292,57,1,0
BRDA:293,58,0,0
BRDA:293,58,1,0
BRDA:293,59,0,0
BRDA:293,59,1,0
BRDA:296,60,0,0
BRDA:296,60,1,0
BRDA:297,61,0,0
BRDA:297,61,1,0
BRDA:298,62,0,0
BRDA:298,62,1,0
BRDA:298,63,0,0
BRDA:298,63,1,0
BRDA:299,64,0,0
BRDA:299,64,1,0
BRDA:300,65,0,0
BRDA:300,65,1,0
BRDA:301,66,0,0
BRDA:301,66,1,0
BRDA:304,67,0,0
BRDA:304,67,1,0
BRDA:304,68,0,0
BRDA:304,68,1,0
BRDA:305,69,0,0
BRDA:305,69,1,0
BRDA:306,70,0,0
BRDA:306,70,1,0
BRDA:307,71,0,0
BRDA:307,71,1,0
BRDA:308,72,0,0
BRDA:308,72,1,0
BRDA:309,73,0,0
BRDA:309,73,1,0
BRDA:310,74,0,0
BRDA:310,74,1,0
BRDA:310,75,0,0
BRDA:310,75,1,0
BRDA:311,76,0,0
BRDA:311,76,1,0
BRDA:311,77,0,0
BRDA:311,77,1,0
BRDA:314,78,0,0
BRDA:314,78,1,0
BRDA:314,79,0,0
BRDA:314,79,1,0
BRDA:315,80,0,0
BRDA:315,80,1,0
BRDA:316,81,0,0
BRDA:316,81,1,0
BRDA:317,82,0,0
BRDA:317,82,1,0
BRDA:318,83,0,0
BRDA:318,83,1,0
BRDA:319,84,0,0
BRDA:319,84,1,0
BRDA:320,85,0,0
BRDA:320,85,1,0
BRF:172
BRH:0
end_of_record
TN:
SF:lib/analyzers/devops-analyzer.js
FN:5,analyzeDevOps
FNF:1
FNH:1
FNDA:7,analyzeDevOps
DA:6,7
DA:14,7
DA:15,7
DA:16,1
DA:17,1
DA:18,1
DA:22,7
DA:23,7
DA:24,1
DA:25,1
DA:29,7
DA:30,7
DA:31,7
DA:32,1
DA:33,1
DA:37,7
DA:38,7
DA:39,1
DA:40,1
DA:44,7
DA:45,7
DA:46,1
DA:47,1
DA:51,7
DA:52,1
DA:53,1
DA:57,7
DA:58,7
DA:59,1
DA:60,1
DA:61,1
DA:62,1
DA:68,7
DA:69,7
DA:70,7
DA:71,7
DA:73,7
LF:37
LH:37
BRDA:15,0,0,1
BRDA:15,0,1,6
BRDA:23,1,0,1
BRDA:23,1,1,6
BRDA:31,2,0,1
BRDA:31,2,1,6
BRDA:31,3,0,7
BRDA:31,3,1,1
BRDA:38,4,0,1
BRDA:38,4,1,6
BRDA:45,5,0,1
BRDA:45,5,1,6
BRDA:51,6,0,1
BRDA:51,6,1,6
BRDA:58,7,0,1
BRDA:58,7,1,6
BRDA:61,8,0,1
BRDA:61,8,1,0
BRDA:61,9,0,1
BRDA:61,9,1,1
BRF:20
BRH:19
end_of_record
TN:
SF:lib/analyzers/mobile-analyzer.js
FN:4,analyzeMobile
FN:19,(anonymous_1)
FNF:2
FNH:2
FNDA:8,analyzeMobile
FNDA:1,(anonymous_1)
DA:5,8
DA:13,8
DA:14,8
DA:15,3
DA:16,3
DA:17,3
DA:19,3
DA:20,2
DA:22,3
DA:23,1
DA:31,8
DA:32,8
DA:33,1
DA:34,1
DA:35,1
DA:36,1
DA:42,8
DA:48,8
DA:49,26
DA:50,3
DA:51,3
DA:52,3
DA:53,3
DA:58,8
DA:64,8
DA:65,27
DA:66,2
DA:67,2
DA:68,2
DA:73,8
DA:74,8
DA:75,8
DA:77,8
LF:33
LH:33
BRDA:14,0,0,3
BRDA:14,0,1,5
BRDA:19,1,0,2
BRDA:19,1,1,1
BRDA:19,2,0,3
BRDA:19,2,1,1
BRDA:22,3,0,1
BRDA:22,3,1,2
BRDA:32,4,0,1
BRDA:32,4,1,7
BRDA:35,5,0,1
BRDA:35,5,1,0
BRDA:49,6,0,3
BRDA:49,6,1,23
BRDA:65,7,0,2
BRDA:65,7,1,25
BRF:16
BRH:15
end_of_record
TN:
SF:lib/analyzers/structure-analyzer.js
FN:13,analyzeStructure
FN:37,detectLayoutPattern
FN:44,(anonymous_2)
FN:44,(anonymous_3)
FN:52,(anonymous_4)
FN:59,(anonymous_5)
FN:111,(anonymous_6)
FN:111,(anonymous_7)
FN:130,analyzeOrganization
FN:145,(anonymous_9)
FN:180,(anonymous_10)
FN:180,(anonymous_11)
FN:184,(anonymous_12)
FN:185,(anonymous_13)
FN:186,(anonymous_14)
FN:191,(anonymous_15)
FN:209,analyzeFileDistribution
FN:227,(anonymous_17)
FN:256,assessComplexity
FN:264,(anonymous_19)
FN:280,(anonymous_20)
FN:289,(anonymous_21)
FN:289,(anonymous_22)
FN:298,(anonymous_23)
FN:298,(anonymous_24)
FN:322,checkBestPractices
FN:330,(anonymous_26)
FN:330,(anonymous_27)
FN:333,(anonymous_28)
FN:342,(anonymous_29)
FN:349,(anonymous_30)
FN:361,(anonymous_31)
FN:361,(anonymous_32)
FN:371,(anonymous_33)
FN:389,calculateMaxDepth
FN:394,(anonymous_35)
FN:419,checkForPattern
FN:445,scanDirectoryForDistribution
FN:477,findNodeModulesDepth
FNF:39
FNH:0
FNDA:0,analyzeStructure
FNDA:0,detectLayoutPattern
FNDA:0,(anonymous_2)
FNDA:0,(anonymous_3)
FNDA:0,(anonymous_4)
FNDA:0,(anonymous_5)
FNDA:0,(anonymous_6)
FNDA:0,(anonymous_7)
FNDA:0,analyzeOrganization
FNDA:0,(anonymous_9)
FNDA:0,(anonymous_10)
FNDA:0,(anonymous_11)
FNDA:0,(anonymous_12)
FNDA:0,(anonymous_13)
FNDA:0,(anonymous_14)
FNDA:0,(anonymous_15)
FNDA:0,analyzeFileDistribution
FNDA:0,(anonymous_17)
FNDA:0,assessComplexity
FNDA:0,(anonymous_19)
FNDA:0,(anonymous_20)
FNDA:0,(anonymous_21)
FNDA:0,(anonymous_22)
FNDA:0,(anonymous_23)
FNDA:0,(anonymous_24)
FNDA:0,checkBestPractices
FNDA:0,(anonymous_26)
FNDA:0,(anonymous_27)
FNDA:0,(anonymous_28)
FNDA:0,(anonymous_29)
FNDA:0,(anonymous_30)
FNDA:0,(anonymous_31)
FNDA:0,(anonymous_32)
FNDA:0,(anonymous_33)
FNDA:0,calculateMaxDepth
FNDA:0,(anonymous_35)
FNDA:0,checkForPattern
FNDA:0,scanDirectoryForDistribution
FNDA:0,findNodeModulesDepth
DA:14,0
DA:31,0
DA:38,0
DA:43,0
DA:44,0
DA:47,0
DA:48,0
DA:49,0
DA:50,0
DA:51,0
DA:52,0
DA:55,0
DA:56,0
DA:57,0
DA:58,0
DA:59,0
DA:60,0
DA:61,0
DA:62,0
DA:68,0
DA:69,0
DA:70,0
DA:71,0
DA:75,0
DA:76,0
DA:77,0
DA:80,0
DA:81,0
DA:82,0
DA:83,0
DA:84,0
DA:86,0
DA:87,0
DA:89,0
DA:90,0
DA:93,0
DA:97,0
DA:98,0
DA:99,0
DA:100,0
DA:104,0
DA:105,0
DA:106,0
DA:107,0
DA:111,0
DA:112,0
DA:113,0
DA:116,0
DA:117,0
DA:118,0
DA:119,0
DA:122,0
DA:123,0
DA:124,0
DA:131,0
DA:140,0
DA:141,0
DA:144,0
DA:145,0
DA:146,0
DA:149,0
DA:164,0
DA:165,0
DA:166,0
DA:167,0
DA:168,0
DA:169,0
DA:170,0
DA:171,0
DA:172,0
DA:179,0
DA:180,0
DA:183,0
DA:184,0
DA:185,0
DA:186,0
DA:189,0
DA:190,0
DA:191,0
DA:193,0
DA:194,0
DA:198,0
DA:199,0
DA:200,0
DA:203,0
DA:210,0
DA:219,0
DA:220,0
DA:221,0
DA:223,0
DA:225,0
DA:226,0
DA:227,0
DA:230,0
DA:231,0
DA:232,0
DA:233,0
DA:234,0
DA:239,0
DA:240,0
DA:241,0
DA:242,0
DA:243,0
DA:244,0
DA:245,0
DA:247,0
DA:250,0
DA:257,0
DA:263,0
DA:264,0
DA:267,0
DA:268,0
DA:269,0
DA:273,0
DA:274,0
DA:275,0
DA:276,0
DA:280,0
DA:281,0
DA:283,0
DA:284,0
DA:285,0
DA:289,0
DA:290,0
DA:292,0
DA:293,0
DA:294,0
DA:298,0
DA:299,0
DA:302,0
DA:303,0
DA:304,0
DA:308,0
DA:309,0
DA:310,0
DA:311,0
DA:313,0
DA:316,0
DA:323,0
DA:329,0
DA:330,0
DA:333,0
DA:334,0
DA:335,0
DA:336,0
DA:338,0
DA:342,0
DA:343,0
DA:344,0
DA:345,0
DA:349,0
DA:350,0
DA:351,0
DA:352,0
DA:356,0
DA:357,0
DA:358,0
DA:361,0
DA:362,0
DA:363,0
DA:365,0
DA:366,0
DA:371,0
DA:372,0
DA:373,0
DA:374,0
DA:378,0
DA:379,0
DA:380,0
DA:383,0
DA:390,0
DA:392,0
DA:393,0
DA:394,0
DA:396,0
DA:398,0
DA:399,0
DA:400,0
DA:402,0
DA:407,0
DA:410,0
DA:412,0
DA:420,0
DA:421,0
DA:423,0
DA:424,0
DA:425,0
DA:427,0
DA:428,0
DA:430,0
DA:431,0
DA:432,0
DA:439,0
DA:446,0
DA:448,0
DA:449,0
DA:451,0
DA:452,0
DA:454,0
DA:455,0
DA:457,0
DA:458,0
DA:459,0
DA:460,0
DA:461,0
DA:465,0
DA:466,0
DA:478,0
DA:480,0
DA:481,0
DA:483,0
DA:484,0
DA:485,0
DA:489,0
DA:490,0
DA:491,0
DA:492,0
DA:499,0
LF:218
LH:0
BRDA:52,0,0,0
BRDA:52,0,1,0
BRDA:55,1,0,0
BRDA:55,1,1,0
BRDA:55,2,0,0
BRDA:55,2,1,0
BRDA:57,3,0,0
BRDA:57,3,1,0
BRDA:59,4,0,0
BRDA:59,4,1,0
BRDA:59,5,0,0
BRDA:59,5,1,0
BRDA:68,6,0,0
BRDA:68,6,1,0
BRDA:68,7,0,0
BRDA:68,7,1,0
BRDA:75,8,0,0
BRDA:75,8,1,0
BRDA:81,9,0,0
BRDA:81,9,1,0
BRDA:83,10,0,0
BRDA:83,10,1,0
BRDA:86,11,0,0
BRDA:86,11,1,0
BRDA:86,12,0,0
BRDA:86,12,1,0
BRDA:89,13,0,0
BRDA:89,13,1,0
BRDA:97,14,0,0
BRDA:97,14,1,0
BRDA:97,15,0,0
BRDA:97,15,1,0
BRDA:104,16,0,0
BRDA:104,16,1,0
BRDA:116,17,0,0
BRDA:116,17,1,0
BRDA:167,18,0,0
BRDA:167,18,1,0
BRDA:170,19,0,0
BRDA:170,19,1,0
BRDA:191,20,0,0
BRDA:191,20,1,0
BRDA:193,21,0,0
BRDA:193,21,1,0
BRDA:199,22,0,0
BRDA:199,22,1,0
BRDA:232,23,0,0
BRDA:232,23,1,0
BRDA:240,24,0,0
BRDA:240,24,1,0
BRDA:242,25,0,0
BRDA:242,25,1,0
BRDA:244,26,0,0
BRDA:244,26,1,0
BRDA:267,27,0,0
BRDA:267,27,1,0
BRDA:274,28,0,0
BRDA:274,28,1,0
BRDA:283,29,0,0
BRDA:283,29,1,0
BRDA:292,30,0,0
BRDA:292,30,1,0
BRDA:302,31,0,0
BRDA:302,31,1,0
BRDA:308,32,0,0
BRDA:308,32,1,0
BRDA:310,33,0,0
BRDA:310,33,1,0
BRDA:333,34,0,0
BRDA:333,34,1,0
BRDA:334,35,0,0
BRDA:334,35,1,0
BRDA:342,36,0,0
BRDA:342,36,1,0
BRDA:343,37,0,0
BRDA:343,37,1,0
BRDA:349,38,0,0
BRDA:349,38,1,0
BRDA:350,39,0,0
BRDA:350,39,1,0
BRDA:356,40,0,0
BRDA:356,40,1,0
BRDA:365,41,0,0
BRDA:365,41,1,0
BRDA:371,42,0,0
BRDA:371,42,1,0
BRDA:372,43,0,0
BRDA:372,43,1,0
BRDA:378,44,0,0
BRDA:378,44,1,0
BRDA:378,45,0,0
BRDA:378,45,1,0
BRDA:390,46,0,0
BRDA:390,46,1,0
BRDA:396,47,0,0
BRDA:396,47,1,0
BRDA:400,48,0,0
BRDA:400,48,1,0
BRDA:427,49,0,0
BRDA:427,49,1,0
BRDA:430,50,0,0
BRDA:430,50,1,0
BRDA:432,51,0,0
BRDA:432,51,1,0
BRDA:446,52,0,0
BRDA:446,52,1,0
BRDA:452,53,0,0
BRDA:452,53,1,0
BRDA:454,54,0,0
BRDA:454,54,1,0
BRDA:458,55,0,0
BRDA:458,55,1,0
BRDA:460,56,0,0
BRDA:460,56,1,0
BRDA:461,57,0,0
BRDA:461,57,1,0
BRDA:466,58,0,0
BRDA:466,58,1,0
BRDA:477,59,0,0
BRDA:478,60,0,0
BRDA:478,60,1,0
BRDA:484,61,0,0
BRDA:484,61,1,0
BRDA:484,62,0,0
BRDA:484,62,1,0
BRDA:490,63,0,0
BRDA:490,63,1,0
BRDA:490,64,0,0
BRDA:490,64,1,0
BRDA:492,65,0,0
BRDA:492,65,1,0
BRF:131
BRH:0
end_of_record
TN:
SF:lib/analyzers/utils.js
FN:4,recursiveGlob
FNF:1
FNH:1
FNDA:31,recursiveGlob
DA:5,31
DA:6,31
DA:8,31
DA:9,31
DA:12,31
DA:13,1
DA:16,30
DA:17,5
DA:18,5
DA:19,25
DA:21,25
DA:22,25
DA:23,6
DA:28,31
LF:14
LH:14
BRDA:12,0,0,1
BRDA:12,0,1,30
BRDA:16,1,0,5
BRDA:16,1,1,25
BRDA:19,2,0,25
BRDA:19,2,1,0
BRDA:22,3,0,6
BRDA:22,3,1,19
BRF:8
BRH:7
end_of_record
TN:
SF:lib/ast/canonical.js
FN:97,(anonymous_0)
FN:105,(anonymous_1)
FN:138,(anonymous_2)
FN:159,(anonymous_3)
FN:167,(anonymous_4)
FN:176,(anonymous_5)
FN:222,(anonymous_6)
FN:243,(anonymous_7)
FN:265,(anonymous_8)
FN:273,(anonymous_9)
FN:281,(anonymous_10)
FN:289,(anonymous_11)
FN:297,(anonymous_12)
FN:305,(anonymous_13)
FN:313,(anonymous_14)
FN:321,(anonymous_15)
FN:330,(anonymous_16)
FN:331,(anonymous_17)
FN:338,(anonymous_18)
FN:347,(anonymous_19)
FN:355,(anonymous_20)
FN:371,(anonymous_21)
FN:386,(anonymous_22)
FN:404,(anonymous_23)
FN:415,(anonymous_24)
FN:429,(anonymous_25)
FN:440,(anonymous_26)
FNF:27
FNH:26
FNDA:56,(anonymous_0)
FNDA:56,(anonymous_1)
FNDA:12,(anonymous_2)
FNDA:2,(anonymous_3)
FNDA:14,(anonymous_4)
FNDA:19,(anonymous_5)
FNDA:4,(anonymous_6)
FNDA:3,(anonymous_7)
FNDA:4,(anonymous_8)
FNDA:8,(anonymous_9)
FNDA:8,(anonymous_10)
FNDA:8,(anonymous_11)
FNDA:1,(anonymous_12)
FNDA:6,(anonymous_13)
FNDA:5,(anonymous_14)
FNDA:6,(anonymous_15)
FNDA:1,(anonymous_16)
FNDA:3,(anonymous_17)
FNDA:1,(anonymous_18)
FNDA:5,(anonymous_19)
FNDA:1,(anonymous_20)
FNDA:1,(anonymous_21)
FNDA:1,(anonymous_22)
FNDA:1,(anonymous_23)
FNDA:1,(anonymous_24)
FNDA:0,(anonymous_25)
FNDA:11,(anonymous_26)
DA:14,2
DA:26,2
DA:35,2
DA:44,2
DA:53,2
DA:63,2
DA:98,56
DA:106,56
DA:139,12
DA:141,12
DA:142,0
DA:152,12
DA:160,2
DA:168,14
DA:177,19
DA:178,19
DA:179,19
DA:181,19
DA:182,36
DA:183,0
DA:187,36
DA:188,36
DA:189,0
DA:192,36
DA:193,36
DA:196,36
DA:197,1
DA:199,35
DA:202,35
DA:203,1
DA:204,0
DA:206,1
DA:207,1
DA:208,0
DA:210,1
DA:214,18
DA:223,4
DA:224,4
DA:226,4
DA:227,4
DA:228,4
DA:229,0
DA:231,4
DA:234,4
DA:244,3
DA:246,3
DA:248,1
DA:251,2
DA:253,1
DA:257,1
DA:266,4
DA:274,8
DA:282,8
DA:290,8
DA:298,1
DA:306,6
DA:314,5
DA:322,6
DA:331,3
DA:339,1
DA:348,5
DA:356,1
DA:357,0
DA:359,1
DA:372,1
DA:373,0
DA:375,1
DA:387,1
DA:388,0
DA:390,1
DA:405,1
DA:406,0
DA:408,1
DA:416,1
DA:417,0
DA:419,1
DA:421,1
DA:430,0
DA:441,11
LF:79
LH:67
BRDA:97,0,0,8
BRDA:107,1,0,56
BRDA:107,1,1,47
BRDA:109,2,0,56
BRDA:109,2,1,17
BRDA:110,3,0,56
BRDA:110,3,1,20
BRDA:111,4,0,56
BRDA:111,4,1,22
BRDA:112,5,0,56
BRDA:112,5,1,42
BRDA:112,5,2,35
BRDA:115,6,0,56
BRDA:115,6,1,21
BRDA:116,7,0,56
BRDA:116,7,1,29
BRDA:117,8,0,56
BRDA:117,8,1,33
BRDA:118,9,0,56
BRDA:118,9,1,36
BRDA:119,10,0,56
BRDA:119,10,1,37
BRDA:121,11,0,56
BRDA:121,11,1,46
BRDA:123,12,0,56
BRDA:123,12,1,49
BRDA:124,13,0,56
BRDA:124,13,1,49
BRDA:125,14,0,56
BRDA:125,14,1,50
BRDA:127,15,0,56
BRDA:127,15,1,48
BRDA:128,16,0,56
BRDA:128,16,1,47
BRDA:129,17,0,56
BRDA:129,17,1,56
BRDA:129,17,2,49
BRDA:130,18,0,56
BRDA:130,18,1,51
BRDA:141,19,0,0
BRDA:141,19,1,12
BRDA:177,20,0,0
BRDA:177,20,1,19
BRDA:182,21,0,0
BRDA:182,21,1,36
BRDA:182,22,0,36
BRDA:182,22,1,36
BRDA:188,23,0,0
BRDA:188,23,1,36
BRDA:193,24,0,1
BRDA:193,24,1,35
BRDA:196,25,0,1
BRDA:196,25,1,35
BRDA:202,26,0,1
BRDA:202,26,1,34
BRDA:203,27,0,0
BRDA:203,27,1,1
BRDA:207,28,0,0
BRDA:207,28,1,1
BRDA:207,29,0,1
BRDA:207,29,1,1
BRDA:228,30,0,0
BRDA:228,30,1,4
BRDA:243,31,0,0
BRDA:246,32,0,1
BRDA:246,32,1,2
BRDA:251,33,0,1
BRDA:251,33,1,1
BRDA:274,34,0,8
BRDA:274,34,1,0
BRDA:282,35,0,8
BRDA:282,35,1,0
BRDA:290,36,0,8
BRDA:290,36,1,0
BRDA:298,37,0,1
BRDA:298,37,1,0
BRDA:306,38,0,6
BRDA:306,38,1,0
BRDA:314,39,0,5
BRDA:314,39,1,0
BRDA:322,40,0,6
BRDA:322,40,1,0
BRDA:331,41,0,1
BRDA:331,41,1,0
BRDA:339,42,0,1
BRDA:339,42,1,0
BRDA:348,43,0,5
BRDA:348,43,1,1
BRDA:356,44,0,0
BRDA:356,44,1,1
BRDA:363,45,0,1
BRDA:363,45,1,0
BRDA:372,46,0,0
BRDA:372,46,1,1
BRDA:377,47,0,1
BRDA:377,47,1,0
BRDA:378,48,0,1
BRDA:378,48,1,0
BRDA:387,49,0,0
BRDA:387,49,1,1
BRDA:405,50,0,0
BRDA:405,50,1,1
BRDA:416,51,0,0
BRDA:416,51,1,1
BRDA:440,52,0,4
BRDA:440,53,0,4
BRF:106
BRH:81
end_of_record
TN:
SF:lib/ast/index.js
FNF:0
FNH:0
LF:0
LH:0
BRF:0
BRH:0
end_of_record
TN:
SF:lib/ast/metadata.js
FN:10,createMetadata
FN:27,updateMetadata
FN:41,addMigrationRecord
FN:64,formatMetadata
FN:75,formatMetadataAsYaml
FN:100,formatMetadataAsMarkdown
FNF:6
FNH:0
FNDA:0,createMetadata
FNDA:0,updateMetadata
FNDA:0,addMigrationRecord
FNDA:0,formatMetadata
FNDA:0,formatMetadataAsYaml
FNDA:0,formatMetadataAsMarkdown
DA:11,0
DA:13,0
DA:28,0
DA:42,0
DA:44,0
DA:65,0
DA:66,0
DA:69,0
DA:76,0
DA:78,0
DA:79,0
DA:82,0
DA:83,0
DA:86,0
DA:87,0
DA:90,0
DA:91,0
DA:94,0
DA:101,0
DA:103,0
DA:104,0
DA:106,0
DA:107,0
DA:110,0
DA:111,0
DA:114,0
DA:115,0
DA:118,0
DA:119,0
DA:122,0
DA:124,0
LF:31
LH:0
BRDA:10,0,0,0
BRDA:14,1,0,0
BRDA:14,1,1,0
BRDA:15,2,0,0
BRDA:15,2,1,0
BRDA:16,3,0,0
BRDA:16,3,1,0
BRDA:17,4,0,0
BRDA:17,4,1,0
BRDA:18,5,0,0
BRDA:18,5,1,0
BRDA:27,6,0,0
BRDA:42,7,0,0
BRDA:42,7,1,0
BRDA:64,8,0,0
BRDA:65,9,0,0
BRDA:65,9,1,0
BRDA:78,10,0,0
BRDA:78,10,1,0
BRDA:82,11,0,0
BRDA:82,11,1,0
BRDA:86,12,0,0
BRDA:86,12,1,0
BRDA:90,13,0,0
BRDA:90,13,1,0
BRDA:106,14,0,0
BRDA:106,14,1,0
BRDA:110,15,0,0
BRDA:110,15,1,0
BRDA:114,16,0,0
BRDA:114,16,1,0
BRDA:118,17,0,0
BRDA:118,17,1,0
BRF:33
BRH:0
end_of_record
TN:
SF:lib/ast/utils.js
FN:13,diffObjects
FN:122,mergeObjects
FN:190,isObject
FN:203,deepClone
FN:209,(anonymous_4)
FN:225,formatDiff
FN:249,formatChanges
FN:265,(anonymous_7)
FNF:8
FNH:5
FNDA:24,diffObjects
FNDA:18,mergeObjects
FNDA:182,isObject
FNDA:402,deepClone
FNDA:32,(anonymous_4)
FNDA:0,formatDiff
FNDA:0,formatChanges
FNDA:0,(anonymous_7)
DA:14,24
DA:25,24
DA:30,24
DA:31,84
DA:32,84
DA:35,84
DA:36,0
DA:37,0
DA:41,0
DA:45,84
DA:46,0
DA:47,0
DA:51,0
DA:55,84
DA:57,20
DA:59,20
DA:60,3
DA:61,3
DA:62,3
DA:63,3
DA:64,3
DA:66,17
DA:68,64
DA:70,40
DA:71,40
DA:73,40
DA:75,1
DA:76,1
DA:80,39
DA:82,1
DA:83,1
DA:87,38
DA:89,0
DA:90,0
DA:96,38
DA:98,24
DA:100,1
DA:101,1
DA:108,23
DA:112,24
DA:123,18
DA:125,18
DA:126,63
DA:127,63
DA:130,63
DA:131,0
DA:135,63
DA:136,0
DA:137,0
DA:141,63
DA:142,15
DA:143,15
DA:147,48
DA:148,30
DA:150,10
DA:151,9
DA:153,1
DA:155,20
DA:157,10
DA:160,10
DA:161,9
DA:163,1
DA:166,30
DA:170,18
DA:172,6
DA:173,12
DA:175,6
DA:178,6
DA:182,18
DA:191,182
DA:204,402
DA:205,134
DA:208,268
DA:209,173
DA:212,95
DA:213,95
DA:214,326
DA:216,95
DA:226,0
DA:229,0
DA:230,0
DA:231,0
DA:232,0
DA:233,0
DA:234,0
DA:237,0
DA:238,0
DA:239,0
DA:242,0
DA:250,0
DA:251,0
DA:253,0
DA:254,0
DA:255,0
DA:256,0
DA:257,0
DA:258,0
DA:259,0
DA:260,0
DA:264,0
DA:265,0
DA:268,0
DA:269,0
DA:270,0
LF:104
LH:67
BRDA:26,0,0,24
BRDA:26,0,1,0
BRDA:27,1,0,24
BRDA:27,1,1,0
BRDA:35,2,0,0
BRDA:35,2,1,84
BRDA:45,3,0,0
BRDA:45,3,1,84
BRDA:55,4,0,20
BRDA:55,4,1,64
BRDA:55,5,0,84
BRDA:55,5,1,20
BRDA:59,6,0,3
BRDA:59,6,1,17
BRDA:68,7,0,40
BRDA:68,7,1,24
BRDA:68,8,0,64
BRDA:68,8,1,40
BRDA:73,9,0,1
BRDA:73,9,1,39
BRDA:73,10,0,40
BRDA:73,10,1,39
BRDA:80,11,0,1
BRDA:80,11,1,38
BRDA:80,12,0,39
BRDA:80,12,1,1
BRDA:87,13,0,0
BRDA:87,13,1,38
BRDA:98,14,0,1
BRDA:98,14,1,23
BRDA:122,15,0,0
BRDA:125,16,0,18
BRDA:125,16,1,0
BRDA:130,17,0,0
BRDA:130,17,1,63
BRDA:130,18,0,63
BRDA:130,18,1,63
BRDA:135,19,0,0
BRDA:135,19,1,63
BRDA:135,20,0,63
BRDA:135,20,1,63
BRDA:135,20,2,63
BRDA:141,21,0,15
BRDA:141,21,1,48
BRDA:141,22,0,63
BRDA:141,22,1,15
BRDA:147,23,0,30
BRDA:147,23,1,18
BRDA:147,24,0,48
BRDA:147,24,1,30
BRDA:148,25,0,10
BRDA:148,25,1,20
BRDA:150,26,0,9
BRDA:150,26,1,1
BRDA:155,27,0,10
BRDA:155,27,1,10
BRDA:160,28,0,9
BRDA:160,28,1,1
BRDA:170,29,0,6
BRDA:170,29,1,12
BRDA:173,30,0,6
BRDA:173,30,1,6
BRDA:191,31,0,182
BRDA:191,31,1,140
BRDA:191,31,2,140
BRDA:191,31,3,70
BRDA:191,31,4,70
BRDA:204,32,0,134
BRDA:204,32,1,268
BRDA:204,33,0,402
BRDA:204,33,1,402
BRDA:208,34,0,173
BRDA:208,34,1,95
BRDA:225,35,0,0
BRDA:237,36,0,0
BRDA:237,36,1,0
BRDA:251,37,0,0
BRDA:251,37,1,0
BRDA:253,38,0,0
BRDA:253,38,1,0
BRDA:255,39,0,0
BRDA:255,39,1,0
BRDA:257,40,0,0
BRDA:257,40,1,0
BRDA:265,41,0,0
BRDA:265,41,1,0
BRDA:265,41,2,0
BRDA:268,42,0,0
BRDA:268,42,1,0
BRDA:270,43,0,0
BRDA:270,43,1,0
BRF:91
BRH:64
end_of_record
TN:
SF:lib/commands/catalog.js
FN:9,catalog
FN:20,(anonymous_1)
FN:21,(anonymous_2)
FN:32,(anonymous_3)
FN:68,(anonymous_4)
FN:69,(anonymous_5)
FN:78,(anonymous_6)
FNF:7
FNH:6
FNDA:10,catalog
FNDA:2,(anonymous_1)
FNDA:0,(anonymous_2)
FNDA:4,(anonymous_3)
FNDA:7,(anonymous_4)
FNDA:7,(anonymous_5)
FNDA:7,(anonymous_6)
DA:16,10
DA:19,10
DA:24,10
DA:26,10
DA:29,10
DA:30,10
DA:32,4
DA:33,3
DA:35,7
DA:36,6
DA:40,9
DA:41,2
DA:45,1
DA:46,1
DA:50,10
DA:51,2
DA:55,2
DA:59,8
DA:60,8
DA:62,7
DA:63,2
DA:64,2
DA:68,7
DA:69,7
DA:72,5
DA:73,5
DA:74,5
DA:75,5
DA:78,5
DA:79,7
DA:80,7
DA:83,7
DA:84,7
DA:86,7
DA:89,7
DA:90,5
DA:91,5
DA:92,5
DA:94,2
DA:95,2
DA:99,5
DA:102,5
DA:103,2
DA:104,2
DA:105,2
DA:109,5
DA:110,5
DA:114,1
DA:115,1
DA:116,1
LF:50
LH:50
BRDA:9,0,0,0
BRDA:11,1,0,0
BRDA:19,2,0,2
BRDA:19,2,1,8
BRDA:30,3,0,3
BRDA:30,3,1,7
BRDA:32,4,0,0
BRDA:32,4,1,3
BRDA:40,5,0,2
BRDA:40,5,1,7
BRDA:40,6,0,9
BRDA:40,6,1,2
BRDA:50,7,0,2
BRDA:50,7,1,8
BRDA:62,8,0,2
BRDA:62,8,1,5
BRDA:80,9,0,0
BRDA:80,9,1,7
BRDA:89,10,0,5
BRDA:89,10,1,2
BRDA:102,11,0,2
BRDA:102,11,1,3
BRDA:102,12,0,5
BRDA:102,12,1,2
BRDA:103,13,0,0
BRDA:103,13,1,2
BRDA:109,14,0,5
BRDA:109,14,1,0
BRDA:109,15,0,5
BRDA:109,15,1,5
BRF:30
BRH:24
end_of_record
TN:
SF:lib/commands/docs.js
FN:18,docs
FNF:1
FNH:1
FNDA:9,docs
DA:9,1
DA:10,1
DA:26,9
DA:28,9
DA:30,9
DA:31,9
DA:34,9
DA:35,3
DA:36,3
DA:42,3
DA:46,6
DA:47,1
DA:48,1
DA:49,1
DA:50,1
DA:51,1
DA:52,1
DA:53,1
DA:54,1
DA:55,1
DA:56,1
DA:57,1
DA:58,1
DA:62,5
DA:65,4
DA:68,4
DA:69,4
DA:70,4
DA:71,4
DA:74,4
DA:77,4
DA:78,0
DA:87,0
DA:91,4
DA:92,4
DA:95,4
DA:96,1
DA:97,1
DA:98,1
DA:99,1
DA:100,1
DA:104,4
DA:105,1
DA:108,4
DA:115,1
DA:116,0
DA:121,0
DA:124,1
DA:125,1
DA:126,1
DA:128,1
LF:51
LH:47
BRDA:18,0,0,0
BRDA:23,1,0,4
BRDA:24,2,0,2
BRDA:25,3,0,4
BRDA:31,4,0,9
BRDA:31,4,1,7
BRDA:34,5,0,3
BRDA:34,5,1,6
BRDA:34,6,0,9
BRDA:34,6,1,4
BRDA:46,7,0,1
BRDA:46,7,1,5
BRDA:51,8,0,1
BRDA:51,8,1,0
BRDA:52,9,0,1
BRDA:52,9,1,1
BRDA:52,10,0,1
BRDA:52,10,1,1
BRDA:53,11,0,1
BRDA:53,11,1,0
BRDA:56,12,0,1
BRDA:56,12,1,1
BRDA:57,13,0,0
BRDA:57,13,1,1
BRDA:65,14,0,4
BRDA:65,14,1,3
BRDA:65,14,2,0
BRDA:77,15,0,0
BRDA:77,15,1,4
BRDA:83,16,0,0
BRDA:83,16,1,0
BRDA:83,17,0,0
BRDA:83,17,1,0
BRDA:84,18,0,0
BRDA:84,18,1,0
BRDA:95,19,0,1
BRDA:95,19,1,3
BRDA:97,20,0,1
BRDA:97,20,1,0
BRDA:98,21,0,1
BRDA:98,21,1,1
BRDA:98,22,0,1
BRDA:98,22,1,1
BRDA:99,23,0,1
BRDA:99,23,1,0
BRDA:104,24,0,1
BRDA:104,24,1,3
BRDA:115,25,0,0
BRDA:115,25,1,1
BRDA:115,26,0,1
BRDA:115,26,1,1
BRDA:125,27,0,1
BRDA:125,27,1,0
BRF:53
BRH:37
end_of_record
TN:
SF:lib/commands/sync-yaml.js
FN:31,getDefaultYAMLPath
FN:44,getTargets
FN:47,(anonymous_2)
FN:50,(anonymous_3)
FN:57,syncYAMLCommand
FN:84,(anonymous_5)
FN:164,validateConfigCommand
FNF:7
FNH:6
FNDA:10,getDefaultYAMLPath
FNDA:10,getTargets
FNDA:9,(anonymous_2)
FNDA:81,(anonymous_3)
FNDA:11,syncYAMLCommand
FNDA:25,(anonymous_5)
FNDA:0,validateConfigCommand
DA:17,1
DA:32,10
DA:33,10
DA:34,0
DA:36,10
DA:45,10
DA:47,9
DA:50,81
DA:58,11
DA:60,11
DA:62,11
DA:64,11
DA:66,11
DA:67,10
DA:68,10
DA:71,11
DA:73,10
DA:74,9
DA:78,10
DA:79,10
DA:80,0
DA:83,10
DA:84,25
DA:85,9
DA:89,10
DA:90,28
DA:91,25
DA:94,28
DA:95,28
DA:96,0
DA:97,0
DA:100,28
DA:101,28
DA:102,28
DA:105,27
DA:106,27
DA:108,27
DA:109,3
DA:110,3
DA:112,3
DA:113,0
DA:116,24
DA:117,21
DA:119,24
DA:120,3
DA:124,27
DA:125,3
DA:127,24
DA:130,1
DA:135,10
DA:136,10
DA:137,1
DA:139,9
DA:142,10
DA:143,10
DA:144,10
DA:145,10
DA:146,10
DA:147,10
DA:148,10
DA:151,1
DA:152,1
DA:153,0
DA:156,1
DA:165,0
DA:167,0
DA:168,0
DA:169,0
DA:171,0
DA:174,0
DA:175,0
DA:176,0
DA:177,0
DA:178,0
DA:179,0
DA:180,0
DA:181,0
DA:182,0
DA:183,0
DA:185,0
DA:186,0
DA:187,0
DA:188,0
DA:189,0
DA:192,0
DA:194,0
DA:197,0
DA:198,0
LF:88
LH:58
BRDA:33,0,0,0
BRDA:33,0,1,10
BRDA:44,1,0,0
BRDA:45,2,0,1
BRDA:45,2,1,9
BRDA:47,3,0,9
BRDA:47,3,1,3
BRDA:50,4,0,81
BRDA:50,4,1,27
BRDA:57,5,0,0
BRDA:58,6,0,10
BRDA:58,7,0,10
BRDA:58,8,0,0
BRDA:58,9,0,0
BRDA:60,10,0,1
BRDA:60,10,1,10
BRDA:64,11,0,11
BRDA:64,11,1,10
BRDA:66,12,0,10
BRDA:66,12,1,1
BRDA:73,13,0,9
BRDA:73,13,1,1
BRDA:79,14,0,0
BRDA:79,14,1,10
BRDA:83,15,0,9
BRDA:83,15,1,1
BRDA:90,16,0,25
BRDA:90,16,1,3
BRDA:95,17,0,0
BRDA:95,17,1,28
BRDA:108,18,0,3
BRDA:108,18,1,24
BRDA:109,19,0,3
BRDA:109,19,1,0
BRDA:112,20,0,0
BRDA:112,20,1,3
BRDA:116,21,0,21
BRDA:116,21,1,3
BRDA:119,22,0,3
BRDA:119,22,1,21
BRDA:124,23,0,3
BRDA:124,23,1,24
BRDA:136,24,0,1
BRDA:136,24,1,9
BRDA:152,25,0,0
BRDA:152,25,1,1
BRDA:164,26,0,0
BRDA:165,27,0,0
BRDA:168,28,0,0
BRDA:168,28,1,0
BRDA:186,29,0,0
BRDA:186,29,1,0
BRF:52
BRH:36
end_of_record
TN:
SF:lib/detectors/node-detector.js
FN:27,detectNodeStack
FN:61,(anonymous_1)
FN:70,(anonymous_2)
FNF:3
FNH:3
FNDA:11,detectNodeStack
FNDA:41,(anonymous_1)
FNDA:27,(anonymous_2)
DA:4,2
DA:13,2
DA:20,2
DA:28,11
DA:30,11
DA:31,1
DA:34,10
DA:35,10
DA:38,10
DA:39,10
DA:41,10
DA:42,23
DA:43,9
DA:44,9
DA:45,9
DA:50,10
DA:51,2
DA:54,10
DA:55,1
DA:59,9
DA:60,9
DA:61,41
DA:62,1
DA:63,1
DA:68,9
DA:69,9
DA:70,27
DA:71,6
DA:72,6
DA:77,9
DA:78,9
DA:80,9
LF:32
LH:32
BRDA:30,0,0,1
BRDA:30,0,1,10
BRDA:42,1,0,9
BRDA:42,1,1,14
BRDA:50,2,0,2
BRDA:50,2,1,8
BRDA:50,3,0,10
BRDA:50,3,1,5
BRDA:54,4,0,1
BRDA:54,4,1,9
BRDA:61,5,0,1
BRDA:61,5,1,32
BRDA:70,6,0,6
BRDA:70,6,1,21
BRDA:77,7,0,1
BRDA:77,7,1,8
BRDA:78,8,0,1
BRDA:78,8,1,8
BRDA:84,9,0,2
BRDA:84,9,1,7
BRDA:93,10,0,9
BRDA:93,10,1,3
BRF:22
BRH:22
end_of_record
TN:
SF:lib/detectors/python-detector.js
FN:5,detectPythonStack
FNF:1
FNH:1
FNDA:4,detectPythonStack
DA:6,4
DA:7,4
DA:9,4
DA:10,1
DA:13,3
DA:16,3
DA:17,3
DA:18,1
DA:19,0
DA:21,3
DA:22,0
DA:26,3
DA:27,3
DA:28,2
DA:31,3
DA:32,3
DA:34,3
LF:17
LH:15
BRDA:9,0,0,1
BRDA:9,0,1,3
BRDA:9,1,0,4
BRDA:9,1,1,1
BRDA:17,2,0,2
BRDA:17,2,1,1
BRDA:17,3,0,3
BRDA:17,3,1,1
BRDA:18,4,0,1
BRDA:18,4,1,0
BRDA:18,5,0,1
BRDA:18,5,1,0
BRDA:19,6,0,0
BRDA:19,6,1,0
BRDA:21,7,0,0
BRDA:21,7,1,3
BRDA:27,8,0,1
BRDA:27,8,1,2
BRDA:28,9,0,0
BRDA:28,9,1,2
BRDA:31,10,0,1
BRDA:31,10,1,2
BRDA:31,11,0,3
BRDA:31,11,1,2
BRDA:31,12,0,0
BRDA:31,12,1,2
BRDA:32,13,0,1
BRDA:32,13,1,2
BRDA:32,14,0,3
BRDA:32,14,1,2
BRF:30
BRH:23
end_of_record
TN:
SF:lib/detectors/rust-detector.js
FN:4,detectRustStack
FNF:1
FNH:0
FNDA:0,detectRustStack
DA:5,0
DA:7,0
DA:8,0
DA:12,0
LF:4
LH:0
BRDA:7,0,0,0
BRDA:7,0,1,0
BRF:2
BRH:0
end_of_record
TN:
SF:lib/detectors/stack-detector.js
FN:15,detectStack
FN:19,(anonymous_1)
FN:33,(anonymous_2)
FNF:3
FNH:3
FNDA:4,detectStack
FNDA:19,(anonymous_1)
FNDA:1,(anonymous_2)
DA:8,1
DA:16,4
DA:18,4
DA:19,19
DA:20,16
DA:21,4
DA:22,4
DA:23,4
DA:29,4
DA:30,1
DA:33,3
DA:34,1
DA:35,1
DA:38,3
LF:14
LH:14
BRDA:15,0,0,0
BRDA:20,1,0,4
BRDA:20,1,1,12
BRDA:22,2,0,4
BRDA:22,2,1,0
BRDA:29,3,0,1
BRDA:29,3,1,3
BRF:7
BRH:5
end_of_record
TN:
SF:lib/detectors/swift-detector.js
FN:5,detectSwiftStack
FNF:1
FNH:1
FNDA:4,detectSwiftStack
DA:6,4
DA:7,4
DA:9,4
DA:10,1
DA:13,3
DA:16,3
DA:17,2
DA:18,2
DA:20,2
DA:21,1
DA:24,0
DA:28,3
LF:12
LH:11
BRDA:9,0,0,1
BRDA:9,0,1,3
BRDA:9,1,0,4
BRDA:9,1,1,3
BRDA:16,2,0,2
BRDA:16,2,1,1
BRDA:20,3,0,1
BRDA:20,3,1,1
BRDA:31,4,0,1
BRDA:31,4,1,2
BRF:10
BRH:10
end_of_record
TN:
SF:lib/parsers/requirements-parser.js
FN:15,parseRequirements
FNF:1
FNH:1
FNDA:3,parseRequirements
DA:16,3
DA:17,3
DA:20,3
DA:21,3
DA:22,0
DA:26,3
DA:29,3
DA:31,3
DA:33,13
DA:34,13
DA:35,2
DA:39,11
DA:40,11
DA:41,11
DA:42,11
DA:46,3
LF:16
LH:15
BRDA:21,0,0,0
BRDA:21,0,1,3
BRDA:34,1,0,2
BRDA:34,1,1,11
BRDA:34,2,0,13
BRDA:34,2,1,11
BRDA:34,2,2,11
BRDA:40,3,0,11
BRDA:40,3,1,0
BRF:9
BRH:7
end_of_record
TN:
SF:lib/parsers/yaml-parser.js
FN:20,parseYAMLFile
FN:40,parseYAMLContent
FN:65,(anonymous_2)
FN:78,serializeToYAML
FN:122,writeYAMLFile
FN:151,createMinimalYAML
FN:172,validateYAMLFile
FN:196,hasRosettaYAML
FN:207,findRosettaYAML
FN:247,mergeYAMLFiles
FNF:10
FNH:5
FNDA:0,parseYAMLFile
FNDA:8,parseYAMLContent
FNDA:1,(anonymous_2)
FNDA:5,serializeToYAML
FNDA:0,writeYAMLFile
FNDA:0,createMinimalYAML
FNDA:3,validateYAMLFile
FNDA:0,hasRosettaYAML
FNDA:3,findRosettaYAML
FNDA:0,mergeYAMLFiles
DA:22,0
DA:23,0
DA:24,0
DA:28,0
DA:31,0
DA:43,8
DA:44,8
DA:46,1
DA:49,7
DA:50,0
DA:54,7
DA:55,7
DA:56,1
DA:60,6
DA:63,6
DA:64,6
DA:65,1
DA:66,1
DA:69,5
DA:79,5
DA:82,5
DA:85,5
DA:86,4
DA:87,4
DA:88,0
DA:93,4
DA:94,4
DA:96,4
DA:98,1
DA:100,1
DA:104,5
DA:112,5
DA:123,0
DA:126,0
DA:127,0
DA:128,0
DA:132,0
DA:135,0
DA:136,0
DA:137,0
DA:138,0
DA:139,0
DA:141,0
DA:157,0
DA:159,0
DA:160,0
DA:162,0
DA:164,0
DA:173,3
DA:174,3
DA:175,2
DA:177,2
DA:179,1
DA:197,0
DA:198,0
DA:210,3
DA:211,3
DA:214,0
DA:217,3
DA:218,4
DA:220,4
DA:221,2
DA:225,2
DA:228,2
DA:229,2
DA:231,2
DA:232,0
DA:235,2
DA:238,1
DA:248,0
DA:249,0
DA:253,0
DA:256,0
DA:257,0
DA:258,0
DA:261,0
LF:76
LH:42
BRDA:23,0,0,0
BRDA:23,0,1,0
BRDA:49,1,0,0
BRDA:49,1,1,7
BRDA:49,2,0,7
BRDA:49,2,1,7
BRDA:55,3,0,1
BRDA:55,3,1,6
BRDA:64,4,0,1
BRDA:64,4,1,5
BRDA:78,5,0,3
BRDA:79,6,0,3
BRDA:79,7,0,5
BRDA:85,8,0,4
BRDA:85,8,1,1
BRDA:87,9,0,0
BRDA:87,9,1,4
BRDA:93,10,0,4
BRDA:93,10,1,0
BRDA:98,11,0,1
BRDA:98,11,1,0
BRDA:122,12,0,0
BRDA:123,13,0,0
BRDA:123,14,0,0
BRDA:126,15,0,0
BRDA:126,15,1,0
BRDA:126,16,0,0
BRDA:126,16,1,0
BRDA:135,17,0,0
BRDA:135,17,1,0
BRDA:151,18,0,0
BRDA:153,19,0,0
BRDA:154,20,0,0
BRDA:155,21,0,0
BRDA:156,22,0,0
BRDA:197,23,0,0
BRDA:197,23,1,0
BRDA:207,24,0,0
BRDA:207,25,0,0
BRDA:220,26,0,2
BRDA:220,26,1,2
BRDA:231,27,0,0
BRDA:231,27,1,2
BRDA:247,28,0,0
BRDA:248,29,0,0
BRDA:248,29,1,0
BRF:46
BRH:18
end_of_record
TN:
SF:lib/templates/stack-compiler.js
FN:8,extractIDESection
FN:60,compileStackTemplate
FN:74,listAvailableStacks
FN:83,(anonymous_3)
FN:84,(anonymous_4)
FNF:5
FNH:5
FNDA:5,extractIDESection
FNDA:1,compileStackTemplate
FNDA:2,listAvailableStacks
FNDA:2,(anonymous_3)
FNDA:2,(anonymous_4)
DA:5,1
DA:6,1
DA:9,5
DA:10,5
DA:11,5
DA:12,5
DA:13,5
DA:15,5
DA:16,50
DA:19,50
DA:20,3
DA:21,3
DA:25,47
DA:26,3
DA:27,3
DA:28,3
DA:32,44
DA:33,6
DA:34,3
DA:35,3
DA:37,3
DA:38,3
DA:39,3
DA:40,3
DA:42,3
DA:47,38
DA:48,34
DA:53,5
DA:54,6
DA:57,5
DA:61,1
DA:63,1
DA:64,1
DA:67,0
DA:68,0
DA:69,0
DA:71,0
DA:75,2
DA:77,2
DA:78,1
DA:81,1
DA:82,1
DA:83,2
DA:84,2
LF:44
LH:40
BRDA:19,0,0,3
BRDA:19,0,1,47
BRDA:19,1,0,50
BRDA:19,1,1,6
BRDA:25,2,0,3
BRDA:25,2,1,44
BRDA:25,3,0,47
BRDA:25,3,1,3
BRDA:32,4,0,6
BRDA:32,4,1,38
BRDA:33,5,0,3
BRDA:33,5,1,3
BRDA:37,6,0,3
BRDA:37,6,1,0
BRDA:39,7,0,3
BRDA:39,7,1,0
BRDA:47,8,0,34
BRDA:47,8,1,4
BRDA:53,9,0,11
BRDA:53,9,1,11
BRDA:63,10,0,1
BRDA:63,10,1,0
BRDA:77,11,0,1
BRDA:77,11,1,1
BRF:24
BRH:21
end_of_record
TN:
SF:lib/templates/variable-injector.js
FN:18,injectVariables
FNF:1
FNH:1
FNDA:12,injectVariables
DA:1,2
DA:19,12
DA:21,12
DA:22,168
DA:23,168
DA:24,168
DA:25,168
DA:29,12
DA:31,12
LF:9
LH:9
BRDA:18,0,0,1
BRDA:24,1,0,17
BRDA:24,1,1,151
BRDA:24,2,0,168
BRDA:24,2,1,18
BRF:5
BRH:5
end_of_record
TN:
SF:lib/validation/schema-validator.js
FN:39,validateYAML
FN:46,(anonymous_1)
FN:63,formatExpectedValue
FN:91,formatActualValue
FN:106,validateYAMLFile
FN:145,formatValidationErrors
FN:150,(anonymous_6)
FN:164,checkRequiredFields
FNF:8
FNH:5
FNDA:14,validateYAML
FNDA:7,(anonymous_1)
FNDA:7,formatExpectedValue
FNDA:7,formatActualValue
FNDA:0,validateYAMLFile
FNDA:0,formatValidationErrors
FNDA:0,(anonymous_6)
FNDA:19,checkRequiredFields
DA:12,2
DA:13,2
DA:16,2
DA:19,2
DA:20,2
DA:22,0
DA:26,2
DA:32,2
DA:40,14
DA:41,14
DA:43,14
DA:44,5
DA:46,7
DA:57,9
DA:64,7
DA:65,0
DA:67,7
DA:68,3
DA:70,4
DA:71,0
DA:73,4
DA:74,4
DA:76,0
DA:77,0
DA:79,0
DA:80,0
DA:82,0
DA:83,0
DA:85,0
DA:92,7
DA:93,0
DA:95,7
DA:96,0
DA:98,7
DA:107,0
DA:108,0
DA:111,0
DA:112,0
DA:114,0
DA:116,0
DA:117,0
DA:128,0
DA:146,0
DA:147,0
DA:150,0
DA:151,0
DA:152,0
DA:155,0
DA:165,19
DA:166,19
DA:168,19
DA:169,57
DA:170,2
DA:174,19
LF:54
LH:28
BRDA:43,0,0,5
BRDA:43,0,1,9
BRDA:47,1,0,7
BRDA:47,1,1,0
BRDA:48,2,0,7
BRDA:48,2,1,0
BRDA:64,3,0,0
BRDA:64,3,1,7
BRDA:67,4,0,3
BRDA:67,4,1,4
BRDA:70,5,0,0
BRDA:70,5,1,4
BRDA:73,6,0,4
BRDA:73,6,1,0
BRDA:76,7,0,0
BRDA:76,7,1,0
BRDA:79,8,0,0
BRDA:79,8,1,0
BRDA:82,9,0,0
BRDA:82,9,1,0
BRDA:85,10,0,0
BRDA:85,10,1,0
BRDA:85,10,2,0
BRDA:92,11,0,0
BRDA:92,11,1,7
BRDA:92,12,0,7
BRDA:92,12,1,7
BRDA:93,13,0,0
BRDA:93,13,1,0
BRDA:95,14,0,0
BRDA:95,14,1,7
BRDA:116,15,0,0
BRDA:116,15,1,0
BRDA:146,16,0,0
BRDA:146,16,1,0
BRDA:146,17,0,0
BRDA:146,17,1,0
BRDA:151,18,0,0
BRDA:151,18,1,0
BRDA:169,19,0,2
BRDA:169,19,1,55
BRDA:169,20,0,57
BRDA:169,20,1,57
BRF:43
BRH:17
end_of_record
TN:
SF:lib/visualizers/index.js
FN:19,loadInstalledSkills
FN:22,(anonymous_1)
FN:48,parseSkillFile
FN:112,scanDirectoryRecursive
FN:181,loadUserSkills
FN:184,(anonymous_5)
FN:184,(anonymous_6)
FN:225,loadMasterSkills
FN:269,deriveIdeCompatibility
FN:311,loadCatalogSkills
FN:316,(anonymous_10)
FN:332,transformCatalogSkill
FN:356,transformInstalledSkill
FN:380,_detectCurrentIdeForFilter
FN:407,detectCurrentIde
FN:429,mergeSkills
FN:432,(anonymous_16)
FN:465,computeStats
FN:511,gatherData
FN:538,renderIdeTabs
FN:552,(anonymous_20)
FN:562,renderSidebarStats
FN:591,generateSearchBarHtml
FN:601,generateSkillGridHtml
FN:608,prepareSkillsData
FN:611,(anonymous_25)
FN:627,renderScript
FN:875,renderHtml
FNF:28
FNH:20
FNDA:6,loadInstalledSkills
FNDA:5,(anonymous_1)
FNDA:12,parseSkillFile
FNDA:15,scanDirectoryRecursive
FNDA:11,loadUserSkills
FNDA:0,(anonymous_5)
FNDA:0,(anonymous_6)
FNDA:0,loadMasterSkills
FNDA:21,deriveIdeCompatibility
FNDA:15,loadCatalogSkills
FNDA:13,(anonymous_10)
FNDA:13,transformCatalogSkill
FNDA:0,transformInstalledSkill
FNDA:0,_detectCurrentIdeForFilter
FNDA:0,detectCurrentIde
FNDA:8,mergeSkills
FNDA:24,(anonymous_16)
FNDA:8,computeStats
FNDA:8,gatherData
FNDA:2,renderIdeTabs
FNDA:20,(anonymous_20)
FNDA:2,renderSidebarStats
FNDA:2,generateSearchBarHtml
FNDA:2,generateSkillGridHtml
FNDA:0,prepareSkillsData
FNDA:0,(anonymous_25)
FNDA:23,renderScript
FNDA:2,renderHtml
DA:10,2
DA:11,2
DA:20,6
DA:21,6
DA:22,5
DA:37,1
DA:49,12
DA:50,12
DA:53,12
DA:54,12
DA:56,12
DA:58,1
DA:59,1
DA:66,11
DA:68,11
DA:69,11
DA:71,9
DA:83,2
DA:84,2
DA:92,0
DA:93,0
DA:113,15
DA:114,15
DA:116,14
DA:117,15
DA:119,15
DA:121,6
DA:122,9
DA:124,9
DA:125,9
DA:129,9
DA:135,8
DA:136,8
DA:139,8
DA:140,2
DA:141,1
DA:143,1
DA:147,6
DA:150,8
DA:151,8
DA:152,8
DA:162,0
DA:183,11
DA:184,0
DA:185,0
DA:193,11
DA:195,11
DA:197,11
DA:198,1
DA:201,10
DA:203,10
DA:204,10
DA:205,1
DA:209,9
DA:212,0
DA:216,11
DA:226,0
DA:235,0
DA:237,0
DA:238,0
DA:239,0
DA:240,0
DA:242,0
DA:243,0
DA:245,0
DA:255,0
DA:259,0
DA:270,21
DA:271,1
DA:274,20
DA:292,20
DA:294,20
DA:295,46
DA:296,46
DA:297,32
DA:301,20
DA:312,15
DA:314,15
DA:316,14
DA:318,13
DA:320,13
DA:321,13
DA:325,1
DA:333,13
DA:357,0
DA:381,0
DA:382,0
DA:384,0
DA:385,0
DA:395,0
DA:400,0
DA:408,0
DA:409,0
DA:410,0
DA:411,0
DA:416,0
DA:430,8
DA:432,8
DA:433,24
DA:434,24
DA:435,15
DA:436,15
DA:437,15
DA:438,15
DA:439,15
DA:440,15
DA:446,8
DA:447,8
DA:448,8
DA:450,8
DA:451,8
DA:452,11
DA:453,11
DA:456,8
DA:466,8
DA:468,8
DA:469,8
DA:470,8
DA:472,8
DA:474,11
DA:475,11
DA:478,11
DA:479,11
DA:480,13
DA:481,13
DA:487,11
DA:488,11
DA:489,13
DA:490,13
DA:496,8
DA:513,8
DA:514,8
DA:515,8
DA:516,8
DA:517,8
DA:519,8
DA:520,8
DA:521,8
DA:522,8
DA:524,8
DA:525,8
DA:526,8
DA:528,8
DA:539,2
DA:552,2
DA:553,20
DA:554,20
DA:555,20
DA:563,2
DA:564,2
DA:565,2
DA:566,2
DA:568,2
DA:592,2
DA:602,2
DA:609,0
DA:610,0
DA:611,0
DA:612,0
DA:615,0
DA:628,23
DA:876,2
DA:879,2
DA:885,2
DA:886,2
DA:887,2
DA:888,2
DA:889,2
DA:890,2
DA:891,2
DA:892,2
DA:896,2
LF:172
LH:138
BRDA:26,0,0,5
BRDA:26,0,1,5
BRDA:27,1,0,5
BRDA:27,1,1,5
BRDA:28,2,0,5
BRDA:28,2,1,5
BRDA:29,3,0,5
BRDA:29,3,1,5
BRDA:30,4,0,5
BRDA:30,4,1,5
BRDA:31,5,0,5
BRDA:31,5,1,5
BRDA:32,6,0,5
BRDA:32,6,1,5
BRDA:54,7,0,11
BRDA:54,7,1,1
BRDA:56,8,0,1
BRDA:56,8,1,11
BRDA:72,9,0,9
BRDA:72,9,1,0
BRDA:73,10,0,9
BRDA:73,10,1,0
BRDA:74,11,0,1
BRDA:74,11,1,8
BRDA:75,12,0,9
BRDA:75,12,1,0
BRDA:76,13,0,1
BRDA:76,13,1,8
BRDA:77,14,0,1
BRDA:77,14,1,8
BRDA:78,15,0,9
BRDA:78,15,1,8
BRDA:112,16,0,9
BRDA:119,17,0,6
BRDA:119,17,1,9
BRDA:122,18,0,9
BRDA:122,18,1,0
BRDA:125,19,0,9
BRDA:125,19,1,3
BRDA:125,19,2,2
BRDA:129,20,0,8
BRDA:129,20,1,1
BRDA:136,21,0,8
BRDA:136,21,1,2
BRDA:139,22,0,2
BRDA:139,22,1,6
BRDA:140,23,0,1
BRDA:140,23,1,1
BRDA:140,24,0,2
BRDA:140,24,1,1
BRDA:158,25,0,8
BRDA:158,25,1,0
BRDA:181,26,0,0
BRDA:183,27,0,0
BRDA:183,27,1,11
BRDA:184,28,0,0
BRDA:184,28,1,0
BRDA:197,29,0,1
BRDA:197,29,1,10
BRDA:197,30,0,11
BRDA:197,30,1,10
BRDA:204,31,0,1
BRDA:204,31,1,9
BRDA:242,32,0,0
BRDA:242,32,1,0
BRDA:251,33,0,0
BRDA:251,33,1,0
BRDA:270,34,0,1
BRDA:270,34,1,20
BRDA:270,35,0,21
BRDA:270,35,1,21
BRDA:296,36,0,32
BRDA:296,36,1,14
BRDA:301,37,0,16
BRDA:301,37,1,4
BRDA:314,38,0,15
BRDA:314,38,1,14
BRDA:320,39,0,13
BRDA:320,39,1,0
BRDA:337,40,0,13
BRDA:337,40,1,1
BRDA:340,41,0,13
BRDA:340,41,1,0
BRDA:341,42,0,13
BRDA:341,42,1,0
BRDA:343,43,0,13
BRDA:343,43,1,0
BRDA:344,44,0,13
BRDA:344,44,1,0
BRDA:346,45,0,13
BRDA:346,45,1,12
BRDA:358,46,0,0
BRDA:358,46,1,0
BRDA:362,47,0,0
BRDA:362,47,1,0
BRDA:365,48,0,0
BRDA:365,48,1,0
BRDA:366,49,0,0
BRDA:366,49,1,0
BRDA:384,50,0,0
BRDA:384,50,1,0
BRDA:395,51,0,0
BRDA:395,51,1,0
BRDA:410,52,0,0
BRDA:410,52,1,0
BRDA:433,53,0,0
BRDA:433,53,1,24
BRDA:435,54,0,0
BRDA:435,54,1,15
BRDA:435,55,0,15
BRDA:435,55,1,15
BRDA:436,56,0,15
BRDA:436,56,1,0
BRDA:437,57,0,0
BRDA:437,57,1,15
BRDA:439,58,0,15
BRDA:439,58,1,0
BRDA:439,59,0,15
BRDA:439,59,1,4
BRDA:474,60,0,11
BRDA:474,60,1,0
BRDA:475,61,0,11
BRDA:475,61,1,8
BRDA:478,62,0,11
BRDA:478,62,1,0
BRDA:480,63,0,13
BRDA:480,63,1,0
BRDA:481,64,0,13
BRDA:481,64,1,10
BRDA:487,65,0,11
BRDA:487,65,1,0
BRDA:489,66,0,13
BRDA:489,66,1,0
BRDA:490,67,0,13
BRDA:490,67,1,11
BRDA:511,68,0,0
BRDA:513,69,0,8
BRDA:513,69,1,0
BRDA:514,70,0,8
BRDA:514,70,1,0
BRDA:515,71,0,8
BRDA:515,71,1,0
BRDA:516,72,0,8
BRDA:516,72,1,0
BRDA:517,73,0,8
BRDA:517,73,1,0
BRDA:553,74,0,2
BRDA:553,74,1,18
BRDA:554,75,0,2
BRDA:554,75,1,18
BRDA:564,76,0,2
BRDA:564,76,1,1
BRDA:564,77,0,2
BRDA:564,77,1,2
BRDA:565,78,0,2
BRDA:565,78,1,2
BRDA:566,79,0,2
BRDA:566,79,1,0
BRDA:610,80,0,0
BRDA:610,80,1,0
BRDA:610,81,0,0
BRDA:610,81,1,0
BRDA:612,82,0,0
BRDA:612,82,1,0
BRDA:875,83,0,0
BRDA:888,84,0,1
BRDA:888,84,1,1
BRF:167
BRH:111
end_of_record
TN:
SF:lib/visualizers/skill-card.js
FN:9,getStatusBadge
FN:22,renderIdeBadges
FN:27,(anonymous_2)
FN:39,renderDomainTags
FN:44,(anonymous_4)
FN:56,truncateDescription
FN:77,renderSkillCard
FN:140,(anonymous_7)
FN:152,(anonymous_8)
FN:164,(anonymous_9)
FNF:10
FNH:10
FNDA:14,getStatusBadge
FNDA:14,renderIdeBadges
FNDA:24,(anonymous_2)
FNDA:14,renderDomainTags
FNDA:24,(anonymous_4)
FNDA:8,truncateDescription
FNDA:14,renderSkillCard
FNDA:9,(anonymous_7)
FNDA:9,(anonymous_8)
FNDA:14,(anonymous_9)
DA:10,14
DA:11,14
DA:12,14
DA:13,14
DA:23,14
DA:24,1
DA:27,13
DA:28,24
DA:29,24
DA:40,14
DA:41,2
DA:44,12
DA:45,24
DA:57,8
DA:58,8
DA:59,1
DA:78,14
DA:79,0
DA:94,14
DA:96,14
DA:97,14
DA:98,14
DA:99,14
DA:100,14
DA:103,14
DA:106,14
DA:109,14
DA:112,14
DA:118,14
DA:119,14
DA:122,14
DA:134,14
DA:136,6
DA:137,5
DA:140,5
DA:141,9
DA:143,5
DA:148,6
DA:149,5
DA:152,5
DA:153,9
DA:155,5
DA:160,6
DA:161,5
DA:164,5
DA:165,14
DA:167,5
DA:172,6
DA:173,5
DA:181,6
DA:184,14
DA:186,14
LF:52
LH:51
BRDA:10,0,0,14
BRDA:10,0,1,0
BRDA:23,1,0,1
BRDA:23,1,1,13
BRDA:23,2,0,14
BRDA:23,2,1,14
BRDA:40,3,0,2
BRDA:40,3,1,12
BRDA:40,4,0,14
BRDA:40,4,1,14
BRDA:56,5,0,8
BRDA:57,6,0,0
BRDA:57,6,1,8
BRDA:58,7,0,7
BRDA:58,7,1,1
BRDA:77,8,0,0
BRDA:78,9,0,0
BRDA:78,9,1,14
BRDA:78,10,0,14
BRDA:78,10,1,14
BRDA:83,11,0,0
BRDA:84,12,0,0
BRDA:86,13,0,0
BRDA:87,14,0,0
BRDA:88,15,0,0
BRDA:89,16,0,0
BRDA:90,17,0,0
BRDA:91,18,0,0
BRDA:92,19,0,0
BRDA:93,20,0,0
BRDA:97,21,0,14
BRDA:97,21,1,3
BRDA:103,22,0,13
BRDA:103,22,1,1
BRDA:103,23,0,14
BRDA:103,23,1,14
BRDA:118,24,0,6
BRDA:118,24,1,8
BRDA:134,25,0,6
BRDA:134,25,1,8
BRDA:136,26,0,5
BRDA:136,26,1,1
BRDA:136,27,0,6
BRDA:136,27,1,6
BRDA:148,28,0,5
BRDA:148,28,1,1
BRDA:148,29,0,6
BRDA:148,29,1,6
BRDA:160,30,0,5
BRDA:160,30,1,1
BRDA:160,31,0,6
BRDA:160,31,1,6
BRDA:172,32,0,5
BRDA:172,32,1,1
BRF:54
BRH:40
end_of_record
TN:
SF:lib/visualizers/utils.js
FN:17,escapeHtml
FN:33,escapeJsonForScript
FN:47,readTemplate
FN:63,openBrowser
FNF:4
FNH:4
FNDA:210,escapeHtml
FNDA:8,escapeJsonForScript
FNDA:11,readTemplate
FNDA:6,openBrowser
DA:7,5
DA:8,5
DA:18,210
DA:34,8
DA:48,11
DA:49,11
DA:50,9
DA:52,2
DA:64,6
DA:65,6
DA:66,6
DA:69,6
DA:71,4
DA:72,4
DA:74,1
DA:75,1
DA:77,1
DA:78,1
DA:80,0
DA:83,6
DA:85,1
LF:21
LH:20
BRDA:69,0,0,4
BRDA:69,0,1,1
BRDA:69,0,2,1
BRDA:69,0,3,0
BRF:4
BRH:3
end_of_record
